<?xml version="1.0" encoding="utf-8"?>
<test-run id="2" testcasecount="311" result="Passed" total="311" passed="311" failed="0" inconclusive="0" skipped="0" asserts="0" engine-version="3.5.0.0" clr-version="4.0.30319.42000" start-time="2026-09-23 22:33:36Z" end-time="2026-09-23 22:33:51Z" duration="14.6919322">
  <test-suite type="TestSuite" id="1000" name="zantetsuken-vr" fullname="zantetsuken-vr" runstate="Runnable" testcasecount="3554" result="Passed" start-time="2026-09-23 22:33:36Z" end-time="2026-09-23 22:33:51Z" duration="14.691932" total="311" passed="311" failed="0" inconclusive="0" skipped="0" asserts="0">
    <properties>
      <property name="platform" value="EditMode" />
    </properties>
    <test-suite type="Assembly" id="4815" name="Zantetsu.Core.EditModeTests.dll" fullname="C:/Users/junic/src/zantetsuken-vr-main-thread-order-20260924/Library/ScriptAssemblies/Zantetsu.Core.EditModeTests.dll" runstate="Runnable" testcasecount="3554" result="Passed" start-time="2026-09-23 22:33:37Z" end-time="2026-09-23 22:33:51Z" duration="14.654672" total="311" passed="311" failed="0" inconclusive="0" skipped="0" asserts="0">
      <properties>
        <property name="_PID" value="109548" />
        <property name="_APPDOMAIN" value="Unity Child Domain" />
        <property name="platform" value="EditMode" />
        <property name="EditorOnly" value="True" />
      </properties>
      <test-suite type="TestSuite" id="4816" name="Zantetsu" fullname="Zantetsu" runstate="Runnable" testcasecount="3554" result="Passed" start-time="2026-09-23 22:33:37Z" end-time="2026-09-23 22:33:51Z" duration="14.584024" total="311" passed="311" failed="0" inconclusive="0" skipped="0" asserts="0">
        <properties />
        <test-suite type="TestSuite" id="4821" name="MeshCut" fullname="Zantetsu.MeshCut" runstate="Runnable" testcasecount="549" result="Passed" start-time="2026-09-23 22:33:37Z" end-time="2026-09-23 22:33:37Z" duration="0.092052" total="32" passed="32" failed="0" inconclusive="0" skipped="0" asserts="0">
          <properties />
          <test-suite type="TestSuite" id="4822" name="Tests" fullname="Zantetsu.MeshCut.Tests" runstate="Runnable" testcasecount="549" result="Passed" start-time="2026-09-23 22:33:37Z" end-time="2026-09-23 22:33:37Z" duration="0.079409" total="32" passed="32" failed="0" inconclusive="0" skipped="0" asserts="0">
            <properties />
            <test-suite type="TestFixture" id="1752" name="LogicalCutLedgerTests" fullname="Zantetsu.MeshCut.Tests.LogicalCutLedgerTests" classname="Zantetsu.MeshCut.Tests.LogicalCutLedgerTests" runstate="Runnable" testcasecount="32" result="Passed" start-time="2026-09-23 22:33:37Z" end-time="2026-09-23 22:33:37Z" duration="0.060764" total="32" passed="32" failed="0" inconclusive="0" skipped="0" asserts="0">
              <properties />
              <test-case id="1767" name="AdmissionChecks_RunInTheSpecifiedOrder" fullname="Zantetsu.MeshCut.Tests.LogicalCutLedgerTests.AdmissionChecks_RunInTheSpecifiedOrder" methodname="AdmissionChecks_RunInTheSpecifiedOrder" classname="Zantetsu.MeshCut.Tests.LogicalCutLedgerTests" runstate="Runnable" seed="219641288" result="Passed" start-time="2026-09-23 22:33:37Z" end-time="2026-09-23 22:33:37Z" duration="0.011500" asserts="0">
                <properties>
                  <property name="retryIteration" value="0" />
                  <property name="repeatIteration" value="0" />
                </properties>
              </test-case>
              <test-case id="1755" name="AFinalThatFailsOnOneSide_AbortsWithoutPublishingEitherSide_AndRetiresTheSource" fullname="Zantetsu.MeshCut.Tests.LogicalCutLedgerTests.AFinalThatFailsOnOneSide_AbortsWithoutPublishingEitherSide_AndRetiresTheSource" methodname="AFinalThatFailsOnOneSide_AbortsWithoutPublishingEitherSide_AndRetiresTheSource" classname="Zantetsu.MeshCut.Tests.LogicalCutLedgerTests" runstate="Runnable" seed="1250420772" result="Passed" start-time="2026-09-23 22:33:37Z" end-time="2026-09-23 22:33:37Z" duration="0.001560" asserts="0">
                <properties>
                  <property name="retryIteration" value="0" />
                  <property name="repeatIteration" value="0" />
                </properties>
              </test-case>
              <test-case id="1757" name="AfterLogicalPublication_AChildIsAdmitted_WhileTheParentGeometryIsStillIncomplete" fullname="Zantetsu.MeshCut.Tests.LogicalCutLedgerTests.AfterLogicalPublication_AChildIsAdmitted_WhileTheParentGeometryIsStillIncomplete" methodname="AfterLogicalPublication_AChildIsAdmitted_WhileTheParentGeometryIsStillIncomplete" classname="Zantetsu.MeshCut.Tests.LogicalCutLedgerTests" runstate="Runnable" seed="532269586" result="Passed" start-time="2026-09-23 22:33:37Z" end-time="2026-09-23 22:33:37Z" duration="0.001518" asserts="0">
                <properties>
                  <property name="retryIteration" value="0" />
                  <property name="repeatIteration" value="0" />
                </properties>
              </test-case>
              <test-case id="1758" name="AFullBudget_ANoOp_AndASkip_LeaveTheBudgetAndTheIdsAlone" fullname="Zantetsu.MeshCut.Tests.LogicalCutLedgerTests.AFullBudget_ANoOp_AndASkip_LeaveTheBudgetAndTheIdsAlone" methodname="AFullBudget_ANoOp_AndASkip_LeaveTheBudgetAndTheIdsAlone" classname="Zantetsu.MeshCut.Tests.LogicalCutLedgerTests" runstate="Runnable" seed="1175346902" result="Passed" start-time="2026-09-23 22:33:37Z" end-time="2026-09-23 22:33:37Z" duration="0.000582" asserts="0">
                <properties>
                  <property name="retryIteration" value="0" />
                  <property name="repeatIteration" value="0" />
                </properties>
              </test-case>
              <test-case id="1761" name="AGeometryNotice_ForACutNeverPublished_IsRefused" fullname="Zantetsu.MeshCut.Tests.LogicalCutLedgerTests.AGeometryNotice_ForACutNeverPublished_IsRefused" methodname="AGeometryNotice_ForACutNeverPublished_IsRefused" classname="Zantetsu.MeshCut.Tests.LogicalCutLedgerTests" runstate="Runnable" seed="88950782" result="Passed" start-time="2026-09-23 22:33:37Z" end-time="2026-09-23 22:33:37Z" duration="0.000223" asserts="0">
                <properties>
                  <property name="retryIteration" value="0" />
                  <property name="repeatIteration" value="0" />
                </properties>
              </test-case>
              <test-case id="1768" name="AnIdThatIsUnsetNegativeOrNeverIssued_NamesNothing_AndChangesNothing" fullname="Zantetsu.MeshCut.Tests.LogicalCutLedgerTests.AnIdThatIsUnsetNegativeOrNeverIssued_NamesNothing_AndChangesNothing" methodname="AnIdThatIsUnsetNegativeOrNeverIssued_NamesNothing_AndChangesNothing" classname="Zantetsu.MeshCut.Tests.LogicalCutLedgerTests" runstate="Runnable" seed="605341754" result="Passed" start-time="2026-09-23 22:33:37Z" end-time="2026-09-23 22:33:37Z" duration="0.004367" asserts="0">
                <properties>
                  <property name="retryIteration" value="0" />
                  <property name="repeatIteration" value="0" />
                </properties>
              </test-case>
              <test-case id="1782" name="AnIdThisLedgerNeverIssued_AndAnUnpublishedChild_HaveNoOrigin" fullname="Zantetsu.MeshCut.Tests.LogicalCutLedgerTests.AnIdThisLedgerNeverIssued_AndAnUnpublishedChild_HaveNoOrigin" methodname="AnIdThisLedgerNeverIssued_AndAnUnpublishedChild_HaveNoOrigin" classname="Zantetsu.MeshCut.Tests.LogicalCutLedgerTests" runstate="Runnable" seed="1690077509" result="Passed" start-time="2026-09-23 22:33:37Z" end-time="2026-09-23 22:33:37Z" duration="0.000999" asserts="0">
                <properties>
                  <property name="retryIteration" value="0" />
                  <property name="repeatIteration" value="0" />
                </properties>
              </test-case>
              <test-case id="1780" name="ANonIdentityPlacement_DistributesAndPublishesTheArrangementItWasGiven" fullname="Zantetsu.MeshCut.Tests.LogicalCutLedgerTests.ANonIdentityPlacement_DistributesAndPublishesTheArrangementItWasGiven" methodname="ANonIdentityPlacement_DistributesAndPublishesTheArrangementItWasGiven" classname="Zantetsu.MeshCut.Tests.LogicalCutLedgerTests" runstate="Runnable" seed="2010359191" result="Passed" start-time="2026-09-23 22:33:37Z" end-time="2026-09-23 22:33:37Z" duration="0.003331" asserts="0">
                <properties>
                  <property name="retryIteration" value="0" />
                  <property name="repeatIteration" value="0" />
                </properties>
              </test-case>
              <test-case id="1765" name="AnOwnershipChange_OnAnotherFragment_DoesNotMakeThisResultStale" fullname="Zantetsu.MeshCut.Tests.LogicalCutLedgerTests.AnOwnershipChange_OnAnotherFragment_DoesNotMakeThisResultStale" methodname="AnOwnershipChange_OnAnotherFragment_DoesNotMakeThisResultStale" classname="Zantetsu.MeshCut.Tests.LogicalCutLedgerTests" runstate="Runnable" seed="1174332573" result="Passed" start-time="2026-09-23 22:33:37Z" end-time="2026-09-23 22:33:37Z" duration="0.000168" asserts="0">
                <properties>
                  <property name="retryIteration" value="0" />
                  <property name="repeatIteration" value="0" />
                </properties>
              </test-case>
              <test-case id="1776" name="AnOwnershipChangeOnAnotherFragment_DoesNotStopThisPublication" fullname="Zantetsu.MeshCut.Tests.LogicalCutLedgerTests.AnOwnershipChangeOnAnotherFragment_DoesNotStopThisPublication" methodname="AnOwnershipChangeOnAnotherFragment_DoesNotStopThisPublication" classname="Zantetsu.MeshCut.Tests.LogicalCutLedgerTests" runstate="Runnable" seed="1058017513" result="Passed" start-time="2026-09-23 22:33:37Z" end-time="2026-09-23 22:33:37Z" duration="0.000785" asserts="0">
                <properties>
                  <property name="retryIteration" value="0" />
                  <property name="repeatIteration" value="0" />
                </properties>
              </test-case>
              <test-case id="1774" name="APreparedDistribution_IsNotPublishedByAnAbortOrAStaleResult" fullname="Zantetsu.MeshCut.Tests.LogicalCutLedgerTests.APreparedDistribution_IsNotPublishedByAnAbortOrAStaleResult" methodname="APreparedDistribution_IsNotPublishedByAnAbortOrAStaleResult" classname="Zantetsu.MeshCut.Tests.LogicalCutLedgerTests" runstate="Runnable" seed="1932030148" result="Passed" start-time="2026-09-23 22:33:37Z" end-time="2026-09-23 22:33:37Z" duration="0.000850" asserts="0">
                <properties>
                  <property name="retryIteration" value="0" />
                  <property name="repeatIteration" value="0" />
                </properties>
              </test-case>
              <test-case id="1771" name="APublishedCut_GivesEachChildItsInheritedAnchors_AndTheirFixity" fullname="Zantetsu.MeshCut.Tests.LogicalCutLedgerTests.APublishedCut_GivesEachChildItsInheritedAnchors_AndTheirFixity" methodname="APublishedCut_GivesEachChildItsInheritedAnchors_AndTheirFixity" classname="Zantetsu.MeshCut.Tests.LogicalCutLedgerTests" runstate="Runnable" seed="559836232" result="Passed" start-time="2026-09-23 22:33:37Z" end-time="2026-09-23 22:33:37Z" duration="0.000862" asserts="0">
                <properties>
                  <property name="retryIteration" value="0" />
                  <property name="repeatIteration" value="0" />
                </properties>
              </test-case>
              <test-case id="1775" name="ARecut_UsesOnlyTheChildsCurrentSet_AndLeavesTheSiblingAlone" fullname="Zantetsu.MeshCut.Tests.LogicalCutLedgerTests.ARecut_UsesOnlyTheChildsCurrentSet_AndLeavesTheSiblingAlone" methodname="ARecut_UsesOnlyTheChildsCurrentSet_AndLeavesTheSiblingAlone" classname="Zantetsu.MeshCut.Tests.LogicalCutLedgerTests" runstate="Runnable" seed="2011741553" result="Passed" start-time="2026-09-23 22:33:37Z" end-time="2026-09-23 22:33:37Z" duration="0.001100" asserts="0">
                <properties>
                  <property name="retryIteration" value="0" />
                  <property name="repeatIteration" value="0" />
                </properties>
              </test-case>
              <test-case id="1779" name="ARefusedPreparation_LeavesTheOperationUnprepared_AndDoesNotRetireTheSource" fullname="Zantetsu.MeshCut.Tests.LogicalCutLedgerTests.ARefusedPreparation_LeavesTheOperationUnprepared_AndDoesNotRetireTheSource" methodname="ARefusedPreparation_LeavesTheOperationUnprepared_AndDoesNotRetireTheSource" classname="Zantetsu.MeshCut.Tests.LogicalCutLedgerTests" runstate="Runnable" seed="217655275" result="Passed" start-time="2026-09-23 22:33:37Z" end-time="2026-09-23 22:33:37Z" duration="0.000497" asserts="0">
                <properties>
                  <property name="retryIteration" value="0" />
                  <property name="repeatIteration" value="0" />
                </properties>
              </test-case>
              <test-case id="1770" name="ARegisteredAnchorSet_IsTheLedgersOwnCopy_AndAnEmptyOneIsNormal" fullname="Zantetsu.MeshCut.Tests.LogicalCutLedgerTests.ARegisteredAnchorSet_IsTheLedgersOwnCopy_AndAnEmptyOneIsNormal" methodname="ARegisteredAnchorSet_IsTheLedgersOwnCopy_AndAnEmptyOneIsNormal" classname="Zantetsu.MeshCut.Tests.LogicalCutLedgerTests" runstate="Runnable" seed="2084428910" result="Passed" start-time="2026-09-23 22:33:37Z" end-time="2026-09-23 22:33:37Z" duration="0.000884" asserts="0">
                <properties>
                  <property name="retryIteration" value="0" />
                  <property name="repeatIteration" value="0" />
                </properties>
              </test-case>
              <test-case id="1784" name="AskingWhereAFragmentCameFrom_IsOneLookupAndReadsNothingInAdmissionOrder" fullname="Zantetsu.MeshCut.Tests.LogicalCutLedgerTests.AskingWhereAFragmentCameFrom_IsOneLookupAndReadsNothingInAdmissionOrder" methodname="AskingWhereAFragmentCameFrom_IsOneLookupAndReadsNothingInAdmissionOrder" classname="Zantetsu.MeshCut.Tests.LogicalCutLedgerTests" runstate="Runnable" seed="1259067229" result="Passed" start-time="2026-09-23 22:33:37Z" end-time="2026-09-23 22:33:37Z" duration="0.001163" asserts="0">
                <properties>
                  <property name="retryIteration" value="0" />
                  <property name="repeatIteration" value="0" />
                </properties>
              </test-case>
              <test-case id="1773" name="ASkippedRequest_PreparesNothing_AndLeavesEveryAnchorSetAlone" fullname="Zantetsu.MeshCut.Tests.LogicalCutLedgerTests.ASkippedRequest_PreparesNothing_AndLeavesEveryAnchorSetAlone" methodname="ASkippedRequest_PreparesNothing_AndLeavesEveryAnchorSetAlone" classname="Zantetsu.MeshCut.Tests.LogicalCutLedgerTests" runstate="Runnable" seed="878324107" result="Passed" start-time="2026-09-23 22:33:37Z" end-time="2026-09-23 22:33:37Z" duration="0.000621" asserts="0">
                <properties>
                  <property name="retryIteration" value="0" />
                  <property name="repeatIteration" value="0" />
                </properties>
              </test-case>
              <test-case id="1756" name="ASourceWithAnActiveCut_SkipsANewRequest_WhileAnotherFragmentIsStillAdmitted" fullname="Zantetsu.MeshCut.Tests.LogicalCutLedgerTests.ASourceWithAnActiveCut_SkipsANewRequest_WhileAnotherFragmentIsStillAdmitted" methodname="ASourceWithAnActiveCut_SkipsANewRequest_WhileAnotherFragmentIsStillAdmitted" classname="Zantetsu.MeshCut.Tests.LogicalCutLedgerTests" runstate="Runnable" seed="1633428965" result="Passed" start-time="2026-09-23 22:33:37Z" end-time="2026-09-23 22:33:37Z" duration="0.000553" asserts="0">
                <properties>
                  <property name="retryIteration" value="0" />
                  <property name="repeatIteration" value="0" />
                </properties>
              </test-case>
              <test-case id="1764" name="AStaleFailure_IsReclaimedTheSameWay_AndDoesNotRetireTheSource" fullname="Zantetsu.MeshCut.Tests.LogicalCutLedgerTests.AStaleFailure_IsReclaimedTheSameWay_AndDoesNotRetireTheSource" methodname="AStaleFailure_IsReclaimedTheSameWay_AndDoesNotRetireTheSource" classname="Zantetsu.MeshCut.Tests.LogicalCutLedgerTests" runstate="Runnable" seed="94537857" result="Passed" start-time="2026-09-23 22:33:37Z" end-time="2026-09-23 22:33:37Z" duration="0.000183" asserts="0">
                <properties>
                  <property name="retryIteration" value="0" />
                  <property name="repeatIteration" value="0" />
                </properties>
              </test-case>
              <test-case id="1763" name="AStaleResult_IsReclaimedOnce_WithoutRetiringTheSourceOrAnyOtherFragment" fullname="Zantetsu.MeshCut.Tests.LogicalCutLedgerTests.AStaleResult_IsReclaimedOnce_WithoutRetiringTheSourceOrAnyOtherFragment" methodname="AStaleResult_IsReclaimedOnce_WithoutRetiringTheSourceOrAnyOtherFragment" classname="Zantetsu.MeshCut.Tests.LogicalCutLedgerTests" runstate="Runnable" seed="1379946558" result="Passed" start-time="2026-09-23 22:33:37Z" end-time="2026-09-23 22:33:37Z" duration="0.000441" asserts="0">
                <properties>
                  <property name="retryIteration" value="0" />
                  <property name="repeatIteration" value="0" />
                </properties>
              </test-case>
              <test-case id="1754" name="ASuccessfulFinal_PublishesBothChildrenAndTheOperationTogether_AndTheParentStopsBeingATarget" fullname="Zantetsu.MeshCut.Tests.LogicalCutLedgerTests.ASuccessfulFinal_PublishesBothChildrenAndTheOperationTogether_AndTheParentStopsBeingATarget" methodname="ASuccessfulFinal_PublishesBothChildrenAndTheOperationTogether_AndTheParentStopsBeingATarget" classname="Zantetsu.MeshCut.Tests.LogicalCutLedgerTests" runstate="Runnable" seed="501193624" result="Passed" start-time="2026-09-23 22:33:37Z" end-time="2026-09-23 22:33:37Z" duration="0.000620" asserts="0">
                <properties>
                  <property name="retryIteration" value="0" />
                  <property name="repeatIteration" value="0" />
                </properties>
              </test-case>
              <test-case id="1772" name="BeforePublication_ThereAreNoChildren_AndAnUnpreparedPublicationChangesNothing" fullname="Zantetsu.MeshCut.Tests.LogicalCutLedgerTests.BeforePublication_ThereAreNoChildren_AndAnUnpreparedPublicationChangesNothing" methodname="BeforePublication_ThereAreNoChildren_AndAnUnpreparedPublicationChangesNothing" classname="Zantetsu.MeshCut.Tests.LogicalCutLedgerTests" runstate="Runnable" seed="459119706" result="Passed" start-time="2026-09-23 22:33:37Z" end-time="2026-09-23 22:33:37Z" duration="0.000689" asserts="0">
                <properties>
                  <property name="retryIteration" value="0" />
                  <property name="repeatIteration" value="0" />
                </properties>
              </test-case>
              <test-case id="1777" name="CompletionOrTermination_LeavesTheChildrensAnchorsInPlace" fullname="Zantetsu.MeshCut.Tests.LogicalCutLedgerTests.CompletionOrTermination_LeavesTheChildrensAnchorsInPlace" methodname="CompletionOrTermination_LeavesTheChildrensAnchorsInPlace" classname="Zantetsu.MeshCut.Tests.LogicalCutLedgerTests" runstate="Runnable" seed="734938509" result="Passed" start-time="2026-09-23 22:33:37Z" end-time="2026-09-23 22:33:37Z" duration="0.000756" asserts="0">
                <properties>
                  <property name="retryIteration" value="0" />
                  <property name="repeatIteration" value="0" />
                </properties>
              </test-case>
              <test-case id="1762" name="DuplicateAndLateResults_NeverPublishTwice_OrDecrementTwice" fullname="Zantetsu.MeshCut.Tests.LogicalCutLedgerTests.DuplicateAndLateResults_NeverPublishTwice_OrDecrementTwice" methodname="DuplicateAndLateResults_NeverPublishTwice_OrDecrementTwice" classname="Zantetsu.MeshCut.Tests.LogicalCutLedgerTests" runstate="Runnable" seed="1640313075" result="Passed" start-time="2026-09-23 22:33:37Z" end-time="2026-09-23 22:33:37Z" duration="0.000396" asserts="0">
                <properties>
                  <property name="retryIteration" value="0" />
                  <property name="repeatIteration" value="0" />
                </properties>
              </test-case>
              <test-case id="1778" name="DuplicatePreparation_PublicationAndTerminalNotices_ChangeNothingExtra" fullname="Zantetsu.MeshCut.Tests.LogicalCutLedgerTests.DuplicatePreparation_PublicationAndTerminalNotices_ChangeNothingExtra" methodname="DuplicatePreparation_PublicationAndTerminalNotices_ChangeNothingExtra" classname="Zantetsu.MeshCut.Tests.LogicalCutLedgerTests" runstate="Runnable" seed="1189154104" result="Passed" start-time="2026-09-23 22:33:37Z" end-time="2026-09-23 22:33:37Z" duration="0.000966" asserts="0">
                <properties>
                  <property name="retryIteration" value="0" />
                  <property name="repeatIteration" value="0" />
                </properties>
              </test-case>
              <test-case id="1781" name="EachChildNamesTheCutThatMadeIt_AndARootNamesNone" fullname="Zantetsu.MeshCut.Tests.LogicalCutLedgerTests.EachChildNamesTheCutThatMadeIt_AndARootNamesNone" methodname="EachChildNamesTheCutThatMadeIt_AndARootNamesNone" classname="Zantetsu.MeshCut.Tests.LogicalCutLedgerTests" runstate="Runnable" seed="1049024671" result="Passed" start-time="2026-09-23 22:33:37Z" end-time="2026-09-23 22:33:37Z" duration="0.000446" asserts="0">
                <properties>
                  <property name="retryIteration" value="0" />
                  <property name="repeatIteration" value="0" />
                </properties>
              </test-case>
              <test-case id="1766" name="Ids_AreNeverReused" fullname="Zantetsu.MeshCut.Tests.LogicalCutLedgerTests.Ids_AreNeverReused" methodname="Ids_AreNeverReused" classname="Zantetsu.MeshCut.Tests.LogicalCutLedgerTests" runstate="Runnable" seed="894715964" result="Passed" start-time="2026-09-23 22:33:37Z" end-time="2026-09-23 22:33:37Z" duration="0.000649" asserts="0">
                <properties>
                  <property name="retryIteration" value="0" />
                  <property name="repeatIteration" value="0" />
                </properties>
              </test-case>
              <test-case id="1753" name="LongLineage_KeepsIdsAnchorsAndStaleAuthorityAcrossHistoryGrowth" fullname="Zantetsu.MeshCut.Tests.LogicalCutLedgerTests.LongLineage_KeepsIdsAnchorsAndStaleAuthorityAcrossHistoryGrowth" methodname="LongLineage_KeepsIdsAnchorsAndStaleAuthorityAcrossHistoryGrowth" classname="Zantetsu.MeshCut.Tests.LogicalCutLedgerTests" runstate="Runnable" seed="1815919432" result="Passed" start-time="2026-09-23 22:33:37Z" end-time="2026-09-23 22:33:37Z" duration="0.004137" asserts="0">
                <properties>
                  <property name="retryIteration" value="0" />
                  <property name="repeatIteration" value="0" />
                </properties>
              </test-case>
              <test-case id="1759" name="TheBudget_IsSharedAcrossObjects_AndEachEndingReturnsItsUnitOnce" fullname="Zantetsu.MeshCut.Tests.LogicalCutLedgerTests.TheBudget_IsSharedAcrossObjects_AndEachEndingReturnsItsUnitOnce" methodname="TheBudget_IsSharedAcrossObjects_AndEachEndingReturnsItsUnitOnce" classname="Zantetsu.MeshCut.Tests.LogicalCutLedgerTests" runstate="Runnable" seed="1231519852" result="Passed" start-time="2026-09-23 22:33:37Z" end-time="2026-09-23 22:33:37Z" duration="0.000581" asserts="0">
                <properties>
                  <property name="retryIteration" value="0" />
                  <property name="repeatIteration" value="0" />
                </properties>
              </test-case>
              <test-case id="1760" name="TheBudget_IsUnchangedByPublication_AndComesDownOnceOnCompletionOrTermination" fullname="Zantetsu.MeshCut.Tests.LogicalCutLedgerTests.TheBudget_IsUnchangedByPublication_AndComesDownOnceOnCompletionOrTermination" methodname="TheBudget_IsUnchangedByPublication_AndComesDownOnceOnCompletionOrTermination" classname="Zantetsu.MeshCut.Tests.LogicalCutLedgerTests" runstate="Runnable" seed="1627478774" result="Passed" start-time="2026-09-23 22:33:37Z" end-time="2026-09-23 22:33:37Z" duration="0.000334" asserts="0">
                <properties>
                  <property name="retryIteration" value="0" />
                  <property name="repeatIteration" value="0" />
                </properties>
              </test-case>
              <test-case id="1769" name="TheLimit_MustBePositive_AndThePlaneFinite" fullname="Zantetsu.MeshCut.Tests.LogicalCutLedgerTests.TheLimit_MustBePositive_AndThePlaneFinite" methodname="TheLimit_MustBePositive_AndThePlaneFinite" classname="Zantetsu.MeshCut.Tests.LogicalCutLedgerTests" runstate="Runnable" seed="962177094" result="Passed" start-time="2026-09-23 22:33:37Z" end-time="2026-09-23 22:33:37Z" duration="0.000819" asserts="0">
                <properties>
                  <property name="retryIteration" value="0" />
                  <property name="repeatIteration" value="0" />
                </properties>
              </test-case>
              <test-case id="1783" name="TheOriginSurvivesCompletion_Termination_ARecut_AndARetirement" fullname="Zantetsu.MeshCut.Tests.LogicalCutLedgerTests.TheOriginSurvivesCompletion_Termination_ARecut_AndARetirement" methodname="TheOriginSurvivesCompletion_Termination_ARecut_AndARetirement" classname="Zantetsu.MeshCut.Tests.LogicalCutLedgerTests" runstate="Runnable" seed="186487520" result="Passed" start-time="2026-09-23 22:33:37Z" end-time="2026-09-23 22:33:37Z" duration="0.000442" asserts="0">
                <properties>
                  <property name="retryIteration" value="0" />
                  <property name="repeatIteration" value="0" />
                </properties>
              </test-case>
            </test-suite>
          </test-suite>
        </test-suite>
        <test-suite type="TestSuite" id="4819" name="PhysicsCut" fullname="Zantetsu.PhysicsCut" runstate="Runnable" testcasecount="263" result="Passed" start-time="2026-09-23 22:33:37Z" end-time="2026-09-23 22:33:51Z" duration="14.348698" total="263" passed="263" failed="0" inconclusive="0" skipped="0" asserts="0">
          <properties />
          <test-suite type="TestSuite" id="4820" name="Tests" fullname="Zantetsu.PhysicsCut.Tests" runstate="Runnable" testcasecount="263" result="Passed" start-time="2026-09-23 22:33:37Z" end-time="2026-09-23 22:33:51Z" duration="14.346546" total="263" passed="263" failed="0" inconclusive="0" skipped="0" asserts="0">
            <properties />
            <test-suite type="TestFixture" id="1401" name="CutFixtureTeardownTests" fullname="Zantetsu.PhysicsCut.Tests.CutFixtureTeardownTests" classname="Zantetsu.PhysicsCut.Tests.CutFixtureTeardownTests" runstate="Runnable" testcasecount="2" result="Passed" start-time="2026-09-23 22:33:37Z" end-time="2026-09-23 22:33:37Z" duration="0.005727" total="2" passed="2" failed="0" inconclusive="0" skipped="0" asserts="0">
              <properties />
              <test-case id="1402" name="AfterTheFirstFailure_NoLaterListIsTouched_AndWhatWasNotProcessedStays" fullname="Zantetsu.PhysicsCut.Tests.CutFixtureTeardownTests.AfterTheFirstFailure_NoLaterListIsTouched_AndWhatWasNotProcessedStays" methodname="AfterTheFirstFailure_NoLaterListIsTouched_AndWhatWasNotProcessedStays" classname="Zantetsu.PhysicsCut.Tests.CutFixtureTeardownTests" runstate="Runnable" seed="958803559" result="Passed" start-time="2026-09-23 22:33:37Z" end-time="2026-09-23 22:33:37Z" duration="0.004369" asserts="0">
                <properties>
                  <property name="retryIteration" value="0" />
                  <property name="repeatIteration" value="0" />
                </properties>
              </test-case>
              <test-case id="1403" name="WithNoFailure_EveryListIsEmptiedInOrder_AndNothingIsReported" fullname="Zantetsu.PhysicsCut.Tests.CutFixtureTeardownTests.WithNoFailure_EveryListIsEmptiedInOrder_AndNothingIsReported" methodname="WithNoFailure_EveryListIsEmptiedInOrder_AndNothingIsReported" classname="Zantetsu.PhysicsCut.Tests.CutFixtureTeardownTests" runstate="Runnable" seed="606553190" result="Passed" start-time="2026-09-23 22:33:37Z" end-time="2026-09-23 22:33:37Z" duration="0.000435" asserts="0">
                <properties>
                  <property name="retryIteration" value="0" />
                  <property name="repeatIteration" value="0" />
                </properties>
              </test-case>
            </test-suite>
            <test-suite type="ParameterizedFixture" id="1428" name="CutGeometryConnectionTests" fullname="Zantetsu.PhysicsCut.Tests.CutGeometryConnectionTests" runstate="Runnable" testcasecount="21" result="Passed" start-time="2026-09-23 22:33:37Z" end-time="2026-09-23 22:33:38Z" duration="1.124986" total="21" passed="21" failed="0" inconclusive="0" skipped="0" asserts="0">
              <properties />
              <test-suite type="TestFixture" id="1412" name="CutGeometryConnectionTests(0)" fullname="Zantetsu.PhysicsCut.Tests.CutGeometryConnectionTests(0)" classname="Zantetsu.PhysicsCut.Tests.CutGeometryConnectionTests" runstate="Runnable" testcasecount="7" result="Passed" start-time="2026-09-23 22:33:37Z" end-time="2026-09-23 22:33:37Z" duration="0.420691" total="7" passed="7" failed="0" inconclusive="0" skipped="0" asserts="0">
                <properties />
                <test-case id="1415" name="ACutOfAChild_WaitsForTheParentsCommit_AndIsSubmittedInThatSameUpdate" fullname="Zantetsu.PhysicsCut.Tests.CutGeometryConnectionTests(0).ACutOfAChild_WaitsForTheParentsCommit_AndIsSubmittedInThatSameUpdate" methodname="ACutOfAChild_WaitsForTheParentsCommit_AndIsSubmittedInThatSameUpdate" classname="Zantetsu.PhysicsCut.Tests.CutGeometryConnectionTests" runstate="Runnable" seed="255211543" result="Passed" start-time="2026-09-23 22:33:37Z" end-time="2026-09-23 22:33:37Z" duration="0.159483" asserts="0">
                  <properties>
                    <property name="retryIteration" value="0" />
                    <property name="repeatIteration" value="0" />
                  </properties>
                  <output><![CDATA[CutFixtureEnding state=ReleasedSafely registration=Held | registration=Held driverAlive=True recordsListed=0 | S8: cookDrained=True dagDrained=True submitted=0 recoveryCount=0 | S8: stillListed=0 recordsOpen=0/0 requestsRunning=0/0 | workersStopped=True | S11: cookDrained=True dagDrained=True submitted=0 recoveryCount=0 | S11: stillListed=0 recordsOpen=0/0 requestsRunning=0/0 | released=[display,background,storage,harness]
]]></output>
                </test-case>
                <test-case id="1418" name="AResultCollectedInTheLastTurnOfTheFrame_IsHandedOverInThatSameUpdate" fullname="Zantetsu.PhysicsCut.Tests.CutGeometryConnectionTests(0).AResultCollectedInTheLastTurnOfTheFrame_IsHandedOverInThatSameUpdate" methodname="AResultCollectedInTheLastTurnOfTheFrame_IsHandedOverInThatSameUpdate" classname="Zantetsu.PhysicsCut.Tests.CutGeometryConnectionTests" runstate="Runnable" seed="660673260" result="Passed" start-time="2026-09-23 22:33:37Z" end-time="2026-09-23 22:33:37Z" duration="0.093127" asserts="0">
                  <properties>
                    <property name="retryIteration" value="0" />
                    <property name="repeatIteration" value="0" />
                  </properties>
                  <output><![CDATA[CutFixtureEnding state=ReleasedSafely registration=Held | registration=Held driverAlive=True recordsListed=0 | S8: cookDrained=True dagDrained=True submitted=0 recoveryCount=0 | S8: stillListed=0 recordsOpen=0/0 requestsRunning=0/0 | workersStopped=True | S11: cookDrained=True dagDrained=True submitted=0 recoveryCount=0 | S11: stillListed=0 recordsOpen=0/0 requestsRunning=0/0 | released=[display,background,storage,harness]
]]></output>
                </test-case>
                <test-case id="1417" name="EndingACutWhoseGeometryIsNotCollected_CommitsNothing_AndGivesBothSidesBackOnce" fullname="Zantetsu.PhysicsCut.Tests.CutGeometryConnectionTests(0).EndingACutWhoseGeometryIsNotCollected_CommitsNothing_AndGivesBothSidesBackOnce" methodname="EndingACutWhoseGeometryIsNotCollected_CommitsNothing_AndGivesBothSidesBackOnce" classname="Zantetsu.PhysicsCut.Tests.CutGeometryConnectionTests" runstate="Runnable" seed="1269168683" result="Passed" start-time="2026-09-23 22:33:37Z" end-time="2026-09-23 22:33:37Z" duration="0.030034" asserts="0">
                  <properties>
                    <property name="retryIteration" value="0" />
                    <property name="repeatIteration" value="0" />
                  </properties>
                  <output><![CDATA[CutFixtureEnding state=ReleasedSafely registration=Held | registration=Held driverAlive=True recordsListed=0 | S8: cookDrained=True dagDrained=True submitted=0 recoveryCount=0 | S8: stillListed=0 recordsOpen=0/0 requestsRunning=0/0 | workersStopped=True | S11: cookDrained=True dagDrained=True submitted=0 recoveryCount=0 | S11: stillListed=0 recordsOpen=0/0 requestsRunning=0/0 | released=[display,background,storage,harness]
]]></output>
                </test-case>
                <test-case id="1419" name="OneRequestLeavesOneOperationAndOneGeometryWork_AndANoOpLeavesNeither" fullname="Zantetsu.PhysicsCut.Tests.CutGeometryConnectionTests(0).OneRequestLeavesOneOperationAndOneGeometryWork_AndANoOpLeavesNeither" methodname="OneRequestLeavesOneOperationAndOneGeometryWork_AndANoOpLeavesNeither" classname="Zantetsu.PhysicsCut.Tests.CutGeometryConnectionTests" runstate="Runnable" seed="1587280057" result="Passed" start-time="2026-09-23 22:33:37Z" end-time="2026-09-23 22:33:37Z" duration="0.016309" asserts="0">
                  <properties>
                    <property name="retryIteration" value="0" />
                    <property name="repeatIteration" value="0" />
                  </properties>
                  <output><![CDATA[CutFixtureEnding state=ReleasedSafely registration=Held | registration=Held driverAlive=True recordsListed=1 | S8: cookDrained=True dagDrained=True submitted=0 recoveryCount=0 | S8: stillListed=0 recordsOpen=0/1 requestsRunning=0/1 | workersStopped=True | S11: cookDrained=True dagDrained=True submitted=0 recoveryCount=0 | S11: stillListed=0 recordsOpen=0/1 requestsRunning=0/1 | released=[display,background,storage,harness]
]]></output>
                </test-case>
                <test-case id="1413" name="TheGeometryArrivingLate_DoesNotHoldUpThePhysics_AndIsAppliedWhenItArrives" fullname="Zantetsu.PhysicsCut.Tests.CutGeometryConnectionTests(0).TheGeometryArrivingLate_DoesNotHoldUpThePhysics_AndIsAppliedWhenItArrives" methodname="TheGeometryArrivingLate_DoesNotHoldUpThePhysics_AndIsAppliedWhenItArrives" classname="Zantetsu.PhysicsCut.Tests.CutGeometryConnectionTests" runstate="Runnable" seed="1317276417" result="Passed" start-time="2026-09-23 22:33:37Z" end-time="2026-09-23 22:33:37Z" duration="0.044034" asserts="0">
                  <properties>
                    <property name="retryIteration" value="0" />
                    <property name="repeatIteration" value="0" />
                  </properties>
                  <output><![CDATA[CutFixtureEnding state=ReleasedSafely registration=Held | registration=Held driverAlive=True recordsListed=0 | S8: cookDrained=True dagDrained=True submitted=0 recoveryCount=0 | S8: stillListed=0 recordsOpen=0/0 requestsRunning=0/0 | workersStopped=True | S11: cookDrained=True dagDrained=True submitted=0 recoveryCount=0 | S11: stillListed=0 recordsOpen=0/0 requestsRunning=0/0 | released=[display,background,storage,harness]
]]></output>
                </test-case>
                <test-case id="1414" name="TheGeometryFinishingFirst_IsNotCommittedUntilTheChildrenArePublished" fullname="Zantetsu.PhysicsCut.Tests.CutGeometryConnectionTests(0).TheGeometryFinishingFirst_IsNotCommittedUntilTheChildrenArePublished" methodname="TheGeometryFinishingFirst_IsNotCommittedUntilTheChildrenArePublished" classname="Zantetsu.PhysicsCut.Tests.CutGeometryConnectionTests" runstate="Runnable" seed="1781204415" result="Passed" start-time="2026-09-23 22:33:37Z" end-time="2026-09-23 22:33:37Z" duration="0.029390" asserts="0">
                  <properties>
                    <property name="retryIteration" value="0" />
                    <property name="repeatIteration" value="0" />
                  </properties>
                  <output><![CDATA[CutFixtureEnding state=ReleasedSafely registration=Held | registration=Held driverAlive=True recordsListed=0 | S8: cookDrained=True dagDrained=True submitted=0 recoveryCount=0 | S8: stillListed=0 recordsOpen=0/0 requestsRunning=0/0 | workersStopped=True | S11: cookDrained=True dagDrained=True submitted=0 recoveryCount=0 | S11: stillListed=0 recordsOpen=0/0 requestsRunning=0/0 | released=[display,background,storage,harness]
]]></output>
                </test-case>
                <test-case id="1416" name="WhatIsDrawn_FollowsTheRealActors_BeforeAndAfterTheCommit" fullname="Zantetsu.PhysicsCut.Tests.CutGeometryConnectionTests(0).WhatIsDrawn_FollowsTheRealActors_BeforeAndAfterTheCommit" methodname="WhatIsDrawn_FollowsTheRealActors_BeforeAndAfterTheCommit" classname="Zantetsu.PhysicsCut.Tests.CutGeometryConnectionTests" runstate="Runnable" seed="704198767" result="Passed" start-time="2026-09-23 22:33:37Z" end-time="2026-09-23 22:33:37Z" duration="0.046245" asserts="0">
                  <properties>
                    <property name="retryIteration" value="0" />
                    <property name="repeatIteration" value="0" />
                  </properties>
                  <output><![CDATA[CutFixtureEnding state=ReleasedSafely registration=Held | registration=Held driverAlive=True recordsListed=0 | S8: cookDrained=True dagDrained=True submitted=0 recoveryCount=0 | S8: stillListed=0 recordsOpen=0/0 requestsRunning=0/0 | workersStopped=True | S11: cookDrained=True dagDrained=True submitted=0 recoveryCount=0 | S11: stillListed=0 recordsOpen=0/0 requestsRunning=0/0 | released=[display,background,storage,harness]
]]></output>
                </test-case>
              </test-suite>
              <test-suite type="TestFixture" id="1404" name="CutGeometryConnectionTests(-1)" fullname="Zantetsu.PhysicsCut.Tests.CutGeometryConnectionTests(-1)" classname="Zantetsu.PhysicsCut.Tests.CutGeometryConnectionTests" runstate="Runnable" testcasecount="7" result="Passed" start-time="2026-09-23 22:33:37Z" end-time="2026-09-23 22:33:38Z" duration="0.358724" total="7" passed="7" failed="0" inconclusive="0" skipped="0" asserts="0">
                <properties />
                <test-case id="1407" name="ACutOfAChild_WaitsForTheParentsCommit_AndIsSubmittedInThatSameUpdate" fullname="Zantetsu.PhysicsCut.Tests.CutGeometryConnectionTests(-1).ACutOfAChild_WaitsForTheParentsCommit_AndIsSubmittedInThatSameUpdate" methodname="ACutOfAChild_WaitsForTheParentsCommit_AndIsSubmittedInThatSameUpdate" classname="Zantetsu.PhysicsCut.Tests.CutGeometryConnectionTests" runstate="Runnable" seed="682989537" result="Passed" start-time="2026-09-23 22:33:37Z" end-time="2026-09-23 22:33:37Z" duration="0.071377" asserts="0">
                  <properties>
                    <property name="retryIteration" value="0" />
                    <property name="repeatIteration" value="0" />
                  </properties>
                  <output><![CDATA[CutFixtureEnding state=ReleasedSafely registration=Held | registration=Held driverAlive=True recordsListed=0 | S8: cookDrained=True dagDrained=True submitted=0 recoveryCount=0 | S8: stillListed=0 recordsOpen=0/0 requestsRunning=0/0 | workersStopped=True | S11: cookDrained=True dagDrained=True submitted=0 recoveryCount=0 | S11: stillListed=0 recordsOpen=0/0 requestsRunning=0/0 | released=[display,background,storage,harness]
]]></output>
                </test-case>
                <test-case id="1410" name="AResultCollectedInTheLastTurnOfTheFrame_IsHandedOverInThatSameUpdate" fullname="Zantetsu.PhysicsCut.Tests.CutGeometryConnectionTests(-1).AResultCollectedInTheLastTurnOfTheFrame_IsHandedOverInThatSameUpdate" methodname="AResultCollectedInTheLastTurnOfTheFrame_IsHandedOverInThatSameUpdate" classname="Zantetsu.PhysicsCut.Tests.CutGeometryConnectionTests" runstate="Runnable" seed="1427789012" result="Passed" start-time="2026-09-23 22:33:37Z" end-time="2026-09-23 22:33:37Z" duration="0.121021" asserts="0">
                  <properties>
                    <property name="retryIteration" value="0" />
                    <property name="repeatIteration" value="0" />
                  </properties>
                  <output><![CDATA[CutFixtureEnding state=ReleasedSafely registration=Held | registration=Held driverAlive=True recordsListed=0 | S8: cookDrained=True dagDrained=True submitted=0 recoveryCount=0 | S8: stillListed=0 recordsOpen=0/0 requestsRunning=0/0 | workersStopped=True | S11: cookDrained=True dagDrained=True submitted=0 recoveryCount=0 | S11: stillListed=0 recordsOpen=0/0 requestsRunning=0/0 | released=[display,background,storage,harness]
]]></output>
                </test-case>
                <test-case id="1409" name="EndingACutWhoseGeometryIsNotCollected_CommitsNothing_AndGivesBothSidesBackOnce" fullname="Zantetsu.PhysicsCut.Tests.CutGeometryConnectionTests(-1).EndingACutWhoseGeometryIsNotCollected_CommitsNothing_AndGivesBothSidesBackOnce" methodname="EndingACutWhoseGeometryIsNotCollected_CommitsNothing_AndGivesBothSidesBackOnce" classname="Zantetsu.PhysicsCut.Tests.CutGeometryConnectionTests" runstate="Runnable" seed="347564438" result="Passed" start-time="2026-09-23 22:33:37Z" end-time="2026-09-23 22:33:37Z" duration="0.029272" asserts="0">
                  <properties>
                    <property name="retryIteration" value="0" />
                    <property name="repeatIteration" value="0" />
                  </properties>
                  <output><![CDATA[CutFixtureEnding state=ReleasedSafely registration=Held | registration=Held driverAlive=True recordsListed=0 | S8: cookDrained=True dagDrained=True submitted=0 recoveryCount=0 | S8: stillListed=0 recordsOpen=0/0 requestsRunning=0/0 | workersStopped=True | S11: cookDrained=True dagDrained=True submitted=0 recoveryCount=0 | S11: stillListed=0 recordsOpen=0/0 requestsRunning=0/0 | released=[display,background,storage,harness]
]]></output>
                </test-case>
                <test-case id="1411" name="OneRequestLeavesOneOperationAndOneGeometryWork_AndANoOpLeavesNeither" fullname="Zantetsu.PhysicsCut.Tests.CutGeometryConnectionTests(-1).OneRequestLeavesOneOperationAndOneGeometryWork_AndANoOpLeavesNeither" methodname="OneRequestLeavesOneOperationAndOneGeometryWork_AndANoOpLeavesNeither" classname="Zantetsu.PhysicsCut.Tests.CutGeometryConnectionTests" runstate="Runnable" seed="1041067386" result="Passed" start-time="2026-09-23 22:33:37Z" end-time="2026-09-23 22:33:37Z" duration="0.014444" asserts="0">
                  <properties>
                    <property name="retryIteration" value="0" />
                    <property name="repeatIteration" value="0" />
                  </properties>
                  <output><![CDATA[CutFixtureEnding state=ReleasedSafely registration=Held | registration=Held driverAlive=True recordsListed=1 | S8: cookDrained=True dagDrained=True submitted=0 recoveryCount=0 | S8: stillListed=0 recordsOpen=0/1 requestsRunning=0/1 | workersStopped=True | S11: cookDrained=True dagDrained=True submitted=0 recoveryCount=0 | S11: stillListed=0 recordsOpen=0/1 requestsRunning=0/1 | released=[display,background,storage,harness]
]]></output>
                </test-case>
                <test-case id="1405" name="TheGeometryArrivingLate_DoesNotHoldUpThePhysics_AndIsAppliedWhenItArrives" fullname="Zantetsu.PhysicsCut.Tests.CutGeometryConnectionTests(-1).TheGeometryArrivingLate_DoesNotHoldUpThePhysics_AndIsAppliedWhenItArrives" methodname="TheGeometryArrivingLate_DoesNotHoldUpThePhysics_AndIsAppliedWhenItArrives" classname="Zantetsu.PhysicsCut.Tests.CutGeometryConnectionTests" runstate="Runnable" seed="1659461589" result="Passed" start-time="2026-09-23 22:33:37Z" end-time="2026-09-23 22:33:37Z" duration="0.046500" asserts="0">
                  <properties>
                    <property name="retryIteration" value="0" />
                    <property name="repeatIteration" value="0" />
                  </properties>
                  <output><![CDATA[CutFixtureEnding state=ReleasedSafely registration=Held | registration=Held driverAlive=True recordsListed=0 | S8: cookDrained=True dagDrained=True submitted=0 recoveryCount=0 | S8: stillListed=0 recordsOpen=0/0 requestsRunning=0/0 | workersStopped=True | S11: cookDrained=True dagDrained=True submitted=0 recoveryCount=0 | S11: stillListed=0 recordsOpen=0/0 requestsRunning=0/0 | released=[display,background,storage,harness]
]]></output>
                </test-case>
                <test-case id="1406" name="TheGeometryFinishingFirst_IsNotCommittedUntilTheChildrenArePublished" fullname="Zantetsu.PhysicsCut.Tests.CutGeometryConnectionTests(-1).TheGeometryFinishingFirst_IsNotCommittedUntilTheChildrenArePublished" methodname="TheGeometryFinishingFirst_IsNotCommittedUntilTheChildrenArePublished" classname="Zantetsu.PhysicsCut.Tests.CutGeometryConnectionTests" runstate="Runnable" seed="1593291271" result="Passed" start-time="2026-09-23 22:33:37Z" end-time="2026-09-23 22:33:37Z" duration="0.029078" asserts="0">
                  <properties>
                    <property name="retryIteration" value="0" />
                    <property name="repeatIteration" value="0" />
                  </properties>
                  <output><![CDATA[CutFixtureEnding state=ReleasedSafely registration=Held | registration=Held driverAlive=True recordsListed=0 | S8: cookDrained=True dagDrained=True submitted=0 recoveryCount=0 | S8: stillListed=0 recordsOpen=0/0 requestsRunning=0/0 | workersStopped=True | S11: cookDrained=True dagDrained=True submitted=0 recoveryCount=0 | S11: stillListed=0 recordsOpen=0/0 requestsRunning=0/0 | released=[display,background,storage,harness]
]]></output>
                </test-case>
                <test-case id="1408" name="WhatIsDrawn_FollowsTheRealActors_BeforeAndAfterTheCommit" fullname="Zantetsu.PhysicsCut.Tests.CutGeometryConnectionTests(-1).WhatIsDrawn_FollowsTheRealActors_BeforeAndAfterTheCommit" methodname="WhatIsDrawn_FollowsTheRealActors_BeforeAndAfterTheCommit" classname="Zantetsu.PhysicsCut.Tests.CutGeometryConnectionTests" runstate="Runnable" seed="503483216" result="Passed" start-time="2026-09-23 22:33:37Z" end-time="2026-09-23 22:33:38Z" duration="0.045251" asserts="0">
                  <properties>
                    <property name="retryIteration" value="0" />
                    <property name="repeatIteration" value="0" />
                  </properties>
                  <output><![CDATA[CutFixtureEnding state=ReleasedSafely registration=Held | registration=Held driverAlive=True recordsListed=0 | S8: cookDrained=True dagDrained=True submitted=0 recoveryCount=0 | S8: stillListed=0 recordsOpen=0/0 requestsRunning=0/0 | workersStopped=True | S11: cookDrained=True dagDrained=True submitted=0 recoveryCount=0 | S11: stillListed=0 recordsOpen=0/0 requestsRunning=0/0 | released=[display,background,storage,harness]
]]></output>
                </test-case>
              </test-suite>
              <test-suite type="TestFixture" id="1420" name="CutGeometryConnectionTests(205)" fullname="Zantetsu.PhysicsCut.Tests.CutGeometryConnectionTests(205)" classname="Zantetsu.PhysicsCut.Tests.CutGeometryConnectionTests" runstate="Runnable" testcasecount="7" result="Passed" start-time="2026-09-23 22:33:38Z" end-time="2026-09-23 22:33:38Z" duration="0.344810" total="7" passed="7" failed="0" inconclusive="0" skipped="0" asserts="0">
                <properties />
                <test-case id="1423" name="ACutOfAChild_WaitsForTheParentsCommit_AndIsSubmittedInThatSameUpdate" fullname="Zantetsu.PhysicsCut.Tests.CutGeometryConnectionTests(205).ACutOfAChild_WaitsForTheParentsCommit_AndIsSubmittedInThatSameUpdate" methodname="ACutOfAChild_WaitsForTheParentsCommit_AndIsSubmittedInThatSameUpdate" classname="Zantetsu.PhysicsCut.Tests.CutGeometryConnectionTests" runstate="Runnable" seed="2089759257" result="Passed" start-time="2026-09-23 22:33:38Z" end-time="2026-09-23 22:33:38Z" duration="0.059201" asserts="0">
                  <properties>
                    <property name="retryIteration" value="0" />
                    <property name="repeatIteration" value="0" />
                  </properties>
                  <output><![CDATA[CutFixtureEnding state=ReleasedSafely registration=Held | registration=Held driverAlive=True recordsListed=0 | S8: cookDrained=True dagDrained=True submitted=0 recoveryCount=0 | S8: stillListed=0 recordsOpen=0/0 requestsRunning=0/0 | workersStopped=True | S11: cookDrained=True dagDrained=True submitted=0 recoveryCount=0 | S11: stillListed=0 recordsOpen=0/0 requestsRunning=0/0 | released=[display,background,storage,harness]
]]></output>
                </test-case>
                <test-case id="1426" name="AResultCollectedInTheLastTurnOfTheFrame_IsHandedOverInThatSameUpdate" fullname="Zantetsu.PhysicsCut.Tests.CutGeometryConnectionTests(205).AResultCollectedInTheLastTurnOfTheFrame_IsHandedOverInThatSameUpdate" methodname="AResultCollectedInTheLastTurnOfTheFrame_IsHandedOverInThatSameUpdate" classname="Zantetsu.PhysicsCut.Tests.CutGeometryConnectionTests" runstate="Runnable" seed="1666766198" result="Passed" start-time="2026-09-23 22:33:38Z" end-time="2026-09-23 22:33:38Z" duration="0.119736" asserts="0">
                  <properties>
                    <property name="retryIteration" value="0" />
                    <property name="repeatIteration" value="0" />
                  </properties>
                  <output><![CDATA[CutFixtureEnding state=ReleasedSafely registration=Held | registration=Held driverAlive=True recordsListed=0 | S8: cookDrained=True dagDrained=True submitted=0 recoveryCount=0 | S8: stillListed=0 recordsOpen=0/0 requestsRunning=0/0 | workersStopped=True | S11: cookDrained=True dagDrained=True submitted=0 recoveryCount=0 | S11: stillListed=0 recordsOpen=0/0 requestsRunning=0/0 | released=[display,background,storage,harness]
]]></output>
                </test-case>
                <test-case id="1425" name="EndingACutWhoseGeometryIsNotCollected_CommitsNothing_AndGivesBothSidesBackOnce" fullname="Zantetsu.PhysicsCut.Tests.CutGeometryConnectionTests(205).EndingACutWhoseGeometryIsNotCollected_CommitsNothing_AndGivesBothSidesBackOnce" methodname="EndingACutWhoseGeometryIsNotCollected_CommitsNothing_AndGivesBothSidesBackOnce" classname="Zantetsu.PhysicsCut.Tests.CutGeometryConnectionTests" runstate="Runnable" seed="176473198" result="Passed" start-time="2026-09-23 22:33:38Z" end-time="2026-09-23 22:33:38Z" duration="0.030189" asserts="0">
                  <properties>
                    <property name="retryIteration" value="0" />
                    <property name="repeatIteration" value="0" />
                  </properties>
                  <output><![CDATA[CutFixtureEnding state=ReleasedSafely registration=Held | registration=Held driverAlive=True recordsListed=0 | S8: cookDrained=True dagDrained=True submitted=0 recoveryCount=0 | S8: stillListed=0 recordsOpen=0/0 requestsRunning=0/0 | workersStopped=True | S11: cookDrained=True dagDrained=True submitted=0 recoveryCount=0 | S11: stillListed=0 recordsOpen=0/0 requestsRunning=0/0 | released=[display,background,storage,harness]
]]></output>
                </test-case>
                <test-case id="1427" name="OneRequestLeavesOneOperationAndOneGeometryWork_AndANoOpLeavesNeither" fullname="Zantetsu.PhysicsCut.Tests.CutGeometryConnectionTests(205).OneRequestLeavesOneOperationAndOneGeometryWork_AndANoOpLeavesNeither" methodname="OneRequestLeavesOneOperationAndOneGeometryWork_AndANoOpLeavesNeither" classname="Zantetsu.PhysicsCut.Tests.CutGeometryConnectionTests" runstate="Runnable" seed="15557754" result="Passed" start-time="2026-09-23 22:33:38Z" end-time="2026-09-23 22:33:38Z" duration="0.015416" asserts="0">
                  <properties>
                    <property name="retryIteration" value="0" />
                    <property name="repeatIteration" value="0" />
                  </properties>
                  <output><![CDATA[CutFixtureEnding state=ReleasedSafely registration=Held | registration=Held driverAlive=True recordsListed=1 | S8: cookDrained=True dagDrained=True submitted=0 recoveryCount=0 | S8: stillListed=0 recordsOpen=0/1 requestsRunning=0/1 | workersStopped=True | S11: cookDrained=True dagDrained=True submitted=0 recoveryCount=0 | S11: stillListed=0 recordsOpen=0/1 requestsRunning=0/1 | released=[display,background,storage,harness]
]]></output>
                </test-case>
                <test-case id="1421" name="TheGeometryArrivingLate_DoesNotHoldUpThePhysics_AndIsAppliedWhenItArrives" fullname="Zantetsu.PhysicsCut.Tests.CutGeometryConnectionTests(205).TheGeometryArrivingLate_DoesNotHoldUpThePhysics_AndIsAppliedWhenItArrives" methodname="TheGeometryArrivingLate_DoesNotHoldUpThePhysics_AndIsAppliedWhenItArrives" classname="Zantetsu.PhysicsCut.Tests.CutGeometryConnectionTests" runstate="Runnable" seed="707090015" result="Passed" start-time="2026-09-23 22:33:38Z" end-time="2026-09-23 22:33:38Z" duration="0.043892" asserts="0">
                  <properties>
                    <property name="retryIteration" value="0" />
                    <property name="repeatIteration" value="0" />
                  </properties>
                  <output><![CDATA[CutFixtureEnding state=ReleasedSafely registration=Held | registration=Held driverAlive=True recordsListed=0 | S8: cookDrained=True dagDrained=True submitted=0 recoveryCount=0 | S8: stillListed=0 recordsOpen=0/0 requestsRunning=0/0 | workersStopped=True | S11: cookDrained=True dagDrained=True submitted=0 recoveryCount=0 | S11: stillListed=0 recordsOpen=0/0 requestsRunning=0/0 | released=[display,background,storage,harness]
]]></output>
                </test-case>
                <test-case id="1422" name="TheGeometryFinishingFirst_IsNotCommittedUntilTheChildrenArePublished" fullname="Zantetsu.PhysicsCut.Tests.CutGeometryConnectionTests(205).TheGeometryFinishingFirst_IsNotCommittedUntilTheChildrenArePublished" methodname="TheGeometryFinishingFirst_IsNotCommittedUntilTheChildrenArePublished" classname="Zantetsu.PhysicsCut.Tests.CutGeometryConnectionTests" runstate="Runnable" seed="897307288" result="Passed" start-time="2026-09-23 22:33:38Z" end-time="2026-09-23 22:33:38Z" duration="0.030091" asserts="0">
                  <properties>
                    <property name="retryIteration" value="0" />
                    <property name="repeatIteration" value="0" />
                  </properties>
                  <output><![CDATA[CutFixtureEnding state=ReleasedSafely registration=Held | registration=Held driverAlive=True recordsListed=0 | S8: cookDrained=True dagDrained=True submitted=0 recoveryCount=0 | S8: stillListed=0 recordsOpen=0/0 requestsRunning=0/0 | workersStopped=True | S11: cookDrained=True dagDrained=True submitted=0 recoveryCount=0 | S11: stillListed=0 recordsOpen=0/0 requestsRunning=0/0 | released=[display,background,storage,harness]
]]></output>
                </test-case>
                <test-case id="1424" name="WhatIsDrawn_FollowsTheRealActors_BeforeAndAfterTheCommit" fullname="Zantetsu.PhysicsCut.Tests.CutGeometryConnectionTests(205).WhatIsDrawn_FollowsTheRealActors_BeforeAndAfterTheCommit" methodname="WhatIsDrawn_FollowsTheRealActors_BeforeAndAfterTheCommit" classname="Zantetsu.PhysicsCut.Tests.CutGeometryConnectionTests" runstate="Runnable" seed="756082389" result="Passed" start-time="2026-09-23 22:33:38Z" end-time="2026-09-23 22:33:38Z" duration="0.044632" asserts="0">
                  <properties>
                    <property name="retryIteration" value="0" />
                    <property name="repeatIteration" value="0" />
                  </properties>
                  <output><![CDATA[CutFixtureEnding state=ReleasedSafely registration=Held | registration=Held driverAlive=True recordsListed=0 | S8: cookDrained=True dagDrained=True submitted=0 recoveryCount=0 | S8: stillListed=0 recordsOpen=0/0 requestsRunning=0/0 | workersStopped=True | S11: cookDrained=True dagDrained=True submitted=0 recoveryCount=0 | S11: stillListed=0 recordsOpen=0/0 requestsRunning=0/0 | released=[display,background,storage,harness]
]]></output>
                </test-case>
              </test-suite>
            </test-suite>
            <test-suite type="TestFixture" id="1429" name="FinalPhysicsPublicationTests" fullname="Zantetsu.PhysicsCut.Tests.FinalPhysicsPublicationTests" classname="Zantetsu.PhysicsCut.Tests.FinalPhysicsPublicationTests" runstate="Runnable" testcasecount="24" result="Passed" start-time="2026-09-23 22:33:38Z" end-time="2026-09-23 22:33:41Z" duration="3.261211" total="24" passed="24" failed="0" inconclusive="0" skipped="0" asserts="0">
              <properties />
              <test-case id="1436" name="ACallThatNamesAnotherFragment_IsRefused" fullname="Zantetsu.PhysicsCut.Tests.FinalPhysicsPublicationTests.ACallThatNamesAnotherFragment_IsRefused" methodname="ACallThatNamesAnotherFragment_IsRefused" classname="Zantetsu.PhysicsCut.Tests.FinalPhysicsPublicationTests" runstate="Runnable" seed="1097358155" result="Passed" start-time="2026-09-23 22:33:38Z" end-time="2026-09-23 22:33:38Z" duration="0.105335" asserts="0">
                <properties>
                  <property name="retryIteration" value="0" />
                  <property name="repeatIteration" value="0" />
                </properties>
              </test-case>
              <test-case id="1447" name="ADisplayFrameOffsetFromTheOwner_IsCarriedExactlyOnce" fullname="Zantetsu.PhysicsCut.Tests.FinalPhysicsPublicationTests.ADisplayFrameOffsetFromTheOwner_IsCarriedExactlyOnce" methodname="ADisplayFrameOffsetFromTheOwner_IsCarriedExactlyOnce" classname="Zantetsu.PhysicsCut.Tests.FinalPhysicsPublicationTests" runstate="Runnable" seed="561979466" result="Passed" start-time="2026-09-23 22:33:38Z" end-time="2026-09-23 22:33:38Z" duration="0.102854" asserts="0">
                <properties>
                  <property name="retryIteration" value="0" />
                  <property name="repeatIteration" value="0" />
                </properties>
              </test-case>
              <test-case id="1448" name="AfterASecondCutAndARealCommit_TheLivingDescendantsFollowWithoutTheReplacedOwner" fullname="Zantetsu.PhysicsCut.Tests.FinalPhysicsPublicationTests.AfterASecondCutAndARealCommit_TheLivingDescendantsFollowWithoutTheReplacedOwner" methodname="AfterASecondCutAndARealCommit_TheLivingDescendantsFollowWithoutTheReplacedOwner" classname="Zantetsu.PhysicsCut.Tests.FinalPhysicsPublicationTests" runstate="Runnable" seed="645967087" result="Passed" start-time="2026-09-23 22:33:38Z" end-time="2026-09-23 22:33:38Z" duration="0.181586" asserts="0">
                <properties>
                  <property name="retryIteration" value="0" />
                  <property name="repeatIteration" value="0" />
                </properties>
              </test-case>
              <test-case id="1453" name="AfterTheSwitch_TheOwnersAreWhatThePhysicsSceneHas" fullname="Zantetsu.PhysicsCut.Tests.FinalPhysicsPublicationTests.AfterTheSwitch_TheOwnersAreWhatThePhysicsSceneHas" methodname="AfterTheSwitch_TheOwnersAreWhatThePhysicsSceneHas" classname="Zantetsu.PhysicsCut.Tests.FinalPhysicsPublicationTests" runstate="Runnable" seed="2084565947" result="Passed" start-time="2026-09-23 22:33:38Z" end-time="2026-09-23 22:33:38Z" duration="0.106403" asserts="0">
                <properties>
                  <property name="retryIteration" value="0" />
                  <property name="repeatIteration" value="0" />
                </properties>
              </test-case>
              <test-case id="1449" name="ALedgerRefusalAndAOneSidedRetirement_LeaveTheOtherCorrespondenceAlone" fullname="Zantetsu.PhysicsCut.Tests.FinalPhysicsPublicationTests.ALedgerRefusalAndAOneSidedRetirement_LeaveTheOtherCorrespondenceAlone" methodname="ALedgerRefusalAndAOneSidedRetirement_LeaveTheOtherCorrespondenceAlone" classname="Zantetsu.PhysicsCut.Tests.FinalPhysicsPublicationTests" runstate="Runnable" seed="216452553" result="Passed" start-time="2026-09-23 22:33:38Z" end-time="2026-09-23 22:33:39Z" duration="0.210371" asserts="0">
                <properties>
                  <property name="retryIteration" value="0" />
                  <property name="repeatIteration" value="0" />
                </properties>
              </test-case>
              <test-case id="1452" name="AnAggregateWhoseRootWasPublishedAway_IsCollectedAndFollowsItsFirstBranch" fullname="Zantetsu.PhysicsCut.Tests.FinalPhysicsPublicationTests.AnAggregateWhoseRootWasPublishedAway_IsCollectedAndFollowsItsFirstBranch" methodname="AnAggregateWhoseRootWasPublishedAway_IsCollectedAndFollowsItsFirstBranch" classname="Zantetsu.PhysicsCut.Tests.FinalPhysicsPublicationTests" runstate="Runnable" seed="2125129672" result="Passed" start-time="2026-09-23 22:33:39Z" end-time="2026-09-23 22:33:39Z" duration="0.826255" asserts="0">
                <properties>
                  <property name="retryIteration" value="0" />
                  <property name="repeatIteration" value="0" />
                </properties>
              </test-case>
              <test-case id="1450" name="AnArrangementIsAnAnswerAndAGapIsNot" fullname="Zantetsu.PhysicsCut.Tests.FinalPhysicsPublicationTests.AnArrangementIsAnAnswerAndAGapIsNot" methodname="AnArrangementIsAnAnswerAndAGapIsNot" classname="Zantetsu.PhysicsCut.Tests.FinalPhysicsPublicationTests" runstate="Runnable" seed="1262969670" result="Passed" start-time="2026-09-23 22:33:39Z" end-time="2026-09-23 22:33:39Z" duration="0.028938" asserts="0">
                <properties>
                  <property name="retryIteration" value="0" />
                  <property name="repeatIteration" value="0" />
                </properties>
              </test-case>
              <test-case id="1439" name="AnExceptionAfterThePublication_IsNotAnOrdinaryFailure" fullname="Zantetsu.PhysicsCut.Tests.FinalPhysicsPublicationTests.AnExceptionAfterThePublication_IsNotAnOrdinaryFailure" methodname="AnExceptionAfterThePublication_IsNotAnOrdinaryFailure" classname="Zantetsu.PhysicsCut.Tests.FinalPhysicsPublicationTests" runstate="Runnable" seed="425665231" result="Passed" start-time="2026-09-23 22:33:39Z" end-time="2026-09-23 22:33:40Z" duration="0.106509" asserts="0">
                <properties>
                  <property name="retryIteration" value="0" />
                  <property name="repeatIteration" value="0" />
                </properties>
              </test-case>
              <test-case id="1441" name="AnInFlightCutOfAnOwner_KeepsItsBankUntilTheWorkIsCollected" fullname="Zantetsu.PhysicsCut.Tests.FinalPhysicsPublicationTests.AnInFlightCutOfAnOwner_KeepsItsBankUntilTheWorkIsCollected" methodname="AnInFlightCutOfAnOwner_KeepsItsBankUntilTheWorkIsCollected" classname="Zantetsu.PhysicsCut.Tests.FinalPhysicsPublicationTests" runstate="Runnable" seed="601519025" result="Passed" start-time="2026-09-23 22:33:40Z" end-time="2026-09-23 22:33:40Z" duration="0.057692" asserts="0">
                <properties>
                  <property name="retryIteration" value="0" />
                  <property name="repeatIteration" value="0" />
                </properties>
              </test-case>
              <test-case id="1442" name="AnInheritedShape_OutlivesTheSourceAndARetiredSibling" fullname="Zantetsu.PhysicsCut.Tests.FinalPhysicsPublicationTests.AnInheritedShape_OutlivesTheSourceAndARetiredSibling" methodname="AnInheritedShape_OutlivesTheSourceAndARetiredSibling" classname="Zantetsu.PhysicsCut.Tests.FinalPhysicsPublicationTests" runstate="Runnable" seed="1867094406" result="Passed" start-time="2026-09-23 22:33:40Z" end-time="2026-09-23 22:33:40Z" duration="0.106504" asserts="0">
                <properties>
                  <property name="retryIteration" value="0" />
                  <property name="repeatIteration" value="0" />
                </properties>
              </test-case>
              <test-case id="1437" name="AnOwnerReplacedAfterAdmission_IsNotGivenTheOldResult" fullname="Zantetsu.PhysicsCut.Tests.FinalPhysicsPublicationTests.AnOwnerReplacedAfterAdmission_IsNotGivenTheOldResult" methodname="AnOwnerReplacedAfterAdmission_IsNotGivenTheOldResult" classname="Zantetsu.PhysicsCut.Tests.FinalPhysicsPublicationTests" runstate="Runnable" seed="296338676" result="Passed" start-time="2026-09-23 22:33:40Z" end-time="2026-09-23 22:33:40Z" duration="0.104301" asserts="0">
                <properties>
                  <property name="retryIteration" value="0" />
                  <property name="repeatIteration" value="0" />
                </properties>
              </test-case>
              <test-case id="1451" name="AnOwnerThatMovesAfterTheCollection_ChangesNothingUntilTheNextOne" fullname="Zantetsu.PhysicsCut.Tests.FinalPhysicsPublicationTests.AnOwnerThatMovesAfterTheCollection_ChangesNothingUntilTheNextOne" methodname="AnOwnerThatMovesAfterTheCollection_ChangesNothingUntilTheNextOne" classname="Zantetsu.PhysicsCut.Tests.FinalPhysicsPublicationTests" runstate="Runnable" seed="1438698856" result="Passed" start-time="2026-09-23 22:33:40Z" end-time="2026-09-23 22:33:40Z" duration="0.103913" asserts="0">
                <properties>
                  <property name="retryIteration" value="0" />
                  <property name="repeatIteration" value="0" />
                </properties>
              </test-case>
              <test-case id="1433" name="AnUnpreparedDistribution_RefusesBeforeThePhysicsIsTouched" fullname="Zantetsu.PhysicsCut.Tests.FinalPhysicsPublicationTests.AnUnpreparedDistribution_RefusesBeforeThePhysicsIsTouched" methodname="AnUnpreparedDistribution_RefusesBeforeThePhysicsIsTouched" classname="Zantetsu.PhysicsCut.Tests.FinalPhysicsPublicationTests" runstate="Runnable" seed="51288644" result="Passed" start-time="2026-09-23 22:33:40Z" end-time="2026-09-23 22:33:40Z" duration="0.105742" asserts="0">
                <properties>
                  <property name="retryIteration" value="0" />
                  <property name="repeatIteration" value="0" />
                </properties>
              </test-case>
              <test-case id="1443" name="APublishedChild_CanBeCutAgainFromItsOwnPhysics" fullname="Zantetsu.PhysicsCut.Tests.FinalPhysicsPublicationTests.APublishedChild_CanBeCutAgainFromItsOwnPhysics" methodname="APublishedChild_CanBeCutAgainFromItsOwnPhysics" classname="Zantetsu.PhysicsCut.Tests.FinalPhysicsPublicationTests" runstate="Runnable" seed="769097401" result="Passed" start-time="2026-09-23 22:33:40Z" end-time="2026-09-23 22:33:40Z" duration="0.150480" asserts="0">
                <properties>
                  <property name="retryIteration" value="0" />
                  <property name="repeatIteration" value="0" />
                </properties>
              </test-case>
              <test-case id="1438" name="AReplacedOwnerThatToldTheLedger_EndsTheOperationAsStale" fullname="Zantetsu.PhysicsCut.Tests.FinalPhysicsPublicationTests.AReplacedOwnerThatToldTheLedger_EndsTheOperationAsStale" methodname="AReplacedOwnerThatToldTheLedger_EndsTheOperationAsStale" classname="Zantetsu.PhysicsCut.Tests.FinalPhysicsPublicationTests" runstate="Runnable" seed="148377214" result="Passed" start-time="2026-09-23 22:33:40Z" end-time="2026-09-23 22:33:40Z" duration="0.105091" asserts="0">
                <properties>
                  <property name="retryIteration" value="0" />
                  <property name="repeatIteration" value="0" />
                </properties>
              </test-case>
              <test-case id="1444" name="ASourceThatMovedAfterTheBuild_IsNeverDrawnWhereItWasRegistered" fullname="Zantetsu.PhysicsCut.Tests.FinalPhysicsPublicationTests.ASourceThatMovedAfterTheBuild_IsNeverDrawnWhereItWasRegistered" methodname="ASourceThatMovedAfterTheBuild_IsNeverDrawnWhereItWasRegistered" classname="Zantetsu.PhysicsCut.Tests.FinalPhysicsPublicationTests" runstate="Runnable" seed="1186621792" result="Passed" start-time="2026-09-23 22:33:40Z" end-time="2026-09-23 22:33:40Z" duration="0.104196" asserts="0">
                <properties>
                  <property name="retryIteration" value="0" />
                  <property name="repeatIteration" value="0" />
                </properties>
              </test-case>
              <test-case id="1431" name="ASourceThatMovedSinceTheBuild_IsPublishedWhereItIsNow" fullname="Zantetsu.PhysicsCut.Tests.FinalPhysicsPublicationTests.ASourceThatMovedSinceTheBuild_IsPublishedWhereItIsNow" methodname="ASourceThatMovedSinceTheBuild_IsPublishedWhereItIsNow" classname="Zantetsu.PhysicsCut.Tests.FinalPhysicsPublicationTests" runstate="Runnable" seed="184123478" result="Passed" start-time="2026-09-23 22:33:40Z" end-time="2026-09-23 22:33:40Z" duration="0.104707" asserts="0">
                <properties>
                  <property name="retryIteration" value="0" />
                  <property name="repeatIteration" value="0" />
                </properties>
              </test-case>
              <test-case id="1434" name="AStaleOperation_LeavesTheCurrentSourceAlone" fullname="Zantetsu.PhysicsCut.Tests.FinalPhysicsPublicationTests.AStaleOperation_LeavesTheCurrentSourceAlone" methodname="AStaleOperation_LeavesTheCurrentSourceAlone" classname="Zantetsu.PhysicsCut.Tests.FinalPhysicsPublicationTests" runstate="Runnable" seed="1261900375" result="Passed" start-time="2026-09-23 22:33:40Z" end-time="2026-09-23 22:33:41Z" duration="0.104123" asserts="0">
                <properties>
                  <property name="retryIteration" value="0" />
                  <property name="repeatIteration" value="0" />
                </properties>
              </test-case>
              <test-case id="1435" name="PhysicsThatCannotBeEstablished_IsTakenToTheAbortAndLeavesTheProducts" fullname="Zantetsu.PhysicsCut.Tests.FinalPhysicsPublicationTests.PhysicsThatCannotBeEstablished_IsTakenToTheAbortAndLeavesTheProducts" methodname="PhysicsThatCannotBeEstablished_IsTakenToTheAbortAndLeavesTheProducts" classname="Zantetsu.PhysicsCut.Tests.FinalPhysicsPublicationTests" runstate="Runnable" seed="319263496" result="Passed" start-time="2026-09-23 22:33:41Z" end-time="2026-09-23 22:33:41Z" duration="0.104895" asserts="0">
                <properties>
                  <property name="retryIteration" value="0" />
                  <property name="repeatIteration" value="0" />
                </properties>
              </test-case>
              <test-case id="1430" name="PublishingACut_SwitchesTheOwnersAndEndsTheSource" fullname="Zantetsu.PhysicsCut.Tests.FinalPhysicsPublicationTests.PublishingACut_SwitchesTheOwnersAndEndsTheSource" methodname="PublishingACut_SwitchesTheOwnersAndEndsTheSource" classname="Zantetsu.PhysicsCut.Tests.FinalPhysicsPublicationTests" runstate="Runnable" seed="1550251718" result="Passed" start-time="2026-09-23 22:33:41Z" end-time="2026-09-23 22:33:41Z" duration="0.104620" asserts="0">
                <properties>
                  <property name="retryIteration" value="0" />
                  <property name="repeatIteration" value="0" />
                </properties>
              </test-case>
              <test-case id="1446" name="TheAnchoredSide_StillFollowsItsOwnOwner" fullname="Zantetsu.PhysicsCut.Tests.FinalPhysicsPublicationTests.TheAnchoredSide_StillFollowsItsOwnOwner" methodname="TheAnchoredSide_StillFollowsItsOwnOwner" classname="Zantetsu.PhysicsCut.Tests.FinalPhysicsPublicationTests" runstate="Runnable" seed="1306560311" result="Passed" start-time="2026-09-23 22:33:41Z" end-time="2026-09-23 22:33:41Z" duration="0.104712" asserts="0">
                <properties>
                  <property name="retryIteration" value="0" />
                  <property name="repeatIteration" value="0" />
                </properties>
              </test-case>
              <test-case id="1432" name="TheSeparationImpulse_MovesOnlyTheSideNoAnchorFixes" fullname="Zantetsu.PhysicsCut.Tests.FinalPhysicsPublicationTests.TheSeparationImpulse_MovesOnlyTheSideNoAnchorFixes" methodname="TheSeparationImpulse_MovesOnlyTheSideNoAnchorFixes" classname="Zantetsu.PhysicsCut.Tests.FinalPhysicsPublicationTests" runstate="Runnable" seed="734787244" result="Passed" start-time="2026-09-23 22:33:41Z" end-time="2026-09-23 22:33:41Z" duration="0.105625" asserts="0">
                <properties>
                  <property name="retryIteration" value="0" />
                  <property name="repeatIteration" value="0" />
                </properties>
              </test-case>
              <test-case id="1445" name="TheTwoChildren_FollowTheirOwnOwners_InBodyClipAndCap" fullname="Zantetsu.PhysicsCut.Tests.FinalPhysicsPublicationTests.TheTwoChildren_FollowTheirOwnOwners_InBodyClipAndCap" methodname="TheTwoChildren_FollowTheirOwnOwners_InBodyClipAndCap" classname="Zantetsu.PhysicsCut.Tests.FinalPhysicsPublicationTests" runstate="Runnable" seed="139800538" result="Passed" start-time="2026-09-23 22:33:41Z" end-time="2026-09-23 22:33:41Z" duration="0.105365" asserts="0">
                <properties>
                  <property name="retryIteration" value="0" />
                  <property name="repeatIteration" value="0" />
                </properties>
              </test-case>
              <test-case id="1440" name="WithdrawingAnOwner_TakesItOutOfQueriesBeforeAnythingIsDestroyed" fullname="Zantetsu.PhysicsCut.Tests.FinalPhysicsPublicationTests.WithdrawingAnOwner_TakesItOutOfQueriesBeforeAnythingIsDestroyed" methodname="WithdrawingAnOwner_TakesItOutOfQueriesBeforeAnythingIsDestroyed" classname="Zantetsu.PhysicsCut.Tests.FinalPhysicsPublicationTests" runstate="Runnable" seed="173092127" result="Passed" start-time="2026-09-23 22:33:41Z" end-time="2026-09-23 22:33:41Z" duration="0.015678" asserts="0">
                <properties>
                  <property name="retryIteration" value="0" />
                  <property name="repeatIteration" value="0" />
                </properties>
              </test-case>
            </test-suite>
            <test-suite type="ParameterizedFixture" id="1526" name="PhysicsCutCookTests" fullname="Zantetsu.PhysicsCut.Tests.PhysicsCutCookTests" runstate="Runnable" testcasecount="69" result="Passed" start-time="2026-09-23 22:33:41Z" end-time="2026-09-23 22:33:47Z" duration="5.452510" total="69" passed="69" failed="0" inconclusive="0" skipped="0" asserts="0">
              <properties />
              <test-suite type="TestFixture" id="1478" name="PhysicsCutCookTests(0)" fullname="Zantetsu.PhysicsCut.Tests.PhysicsCutCookTests(0)" classname="Zantetsu.PhysicsCut.Tests.PhysicsCutCookTests" runstate="Runnable" testcasecount="23" result="Passed" start-time="2026-09-23 22:33:41Z" end-time="2026-09-23 22:33:43Z" duration="1.758342" total="23" passed="23" failed="0" inconclusive="0" skipped="0" asserts="0">
                <properties />
                <test-case id="1496" name="ACutGivenUpAfterItsWorkWasSubmitted_GivesEverythingBackAndPublishesNothing" fullname="Zantetsu.PhysicsCut.Tests.PhysicsCutCookTests(0).ACutGivenUpAfterItsWorkWasSubmitted_GivesEverythingBackAndPublishesNothing" methodname="ACutGivenUpAfterItsWorkWasSubmitted_GivesEverythingBackAndPublishesNothing" classname="Zantetsu.PhysicsCut.Tests.PhysicsCutCookTests" runstate="Runnable" seed="1150074693" result="Passed" start-time="2026-09-23 22:33:41Z" end-time="2026-09-23 22:33:41Z" duration="0.117737" asserts="0">
                  <properties>
                    <property name="retryIteration" value="0" />
                    <property name="repeatIteration" value="0" />
                  </properties>
                </test-case>
                <test-case id="1494" name="ACutGivenUpBeforeItIsOffered_EndsAtOnce" fullname="Zantetsu.PhysicsCut.Tests.PhysicsCutCookTests(0).ACutGivenUpBeforeItIsOffered_EndsAtOnce" methodname="ACutGivenUpBeforeItIsOffered_EndsAtOnce" classname="Zantetsu.PhysicsCut.Tests.PhysicsCutCookTests" runstate="Runnable" seed="417261214" result="Passed" start-time="2026-09-23 22:33:41Z" end-time="2026-09-23 22:33:41Z" duration="0.016394" asserts="0">
                  <properties>
                    <property name="retryIteration" value="0" />
                    <property name="repeatIteration" value="0" />
                  </properties>
                </test-case>
                <test-case id="1495" name="ACutGivenUpWhileItsWorkWaitsInTheQueue_IsTakenOutOfIt" fullname="Zantetsu.PhysicsCut.Tests.PhysicsCutCookTests(0).ACutGivenUpWhileItsWorkWaitsInTheQueue_IsTakenOutOfIt" methodname="ACutGivenUpWhileItsWorkWaitsInTheQueue_IsTakenOutOfIt" classname="Zantetsu.PhysicsCut.Tests.PhysicsCutCookTests" runstate="Runnable" seed="242888319" result="Passed" start-time="2026-09-23 22:33:41Z" end-time="2026-09-23 22:33:41Z" duration="0.016516" asserts="0">
                  <properties>
                    <property name="retryIteration" value="0" />
                    <property name="repeatIteration" value="0" />
                  </properties>
                </test-case>
                <test-case id="1499" name="AJobThatDidNotRunToItsEnd_HandsOverNothing" fullname="Zantetsu.PhysicsCut.Tests.PhysicsCutCookTests(0).AJobThatDidNotRunToItsEnd_HandsOverNothing" methodname="AJobThatDidNotRunToItsEnd_HandsOverNothing" classname="Zantetsu.PhysicsCut.Tests.PhysicsCutCookTests" runstate="Runnable" seed="5395887" result="Passed" start-time="2026-09-23 22:33:41Z" end-time="2026-09-23 22:33:41Z" duration="0.039175" asserts="0">
                  <properties>
                    <property name="retryIteration" value="0" />
                    <property name="repeatIteration" value="0" />
                  </properties>
                </test-case>
                <test-case id="1498" name="AKernelFailure_IsHandedBackWithoutProducts" fullname="Zantetsu.PhysicsCut.Tests.PhysicsCutCookTests(0).AKernelFailure_IsHandedBackWithoutProducts" methodname="AKernelFailure_IsHandedBackWithoutProducts" classname="Zantetsu.PhysicsCut.Tests.PhysicsCutCookTests" runstate="Runnable" seed="1408076698" result="Passed" start-time="2026-09-23 22:33:41Z" end-time="2026-09-23 22:33:41Z" duration="0.045318" asserts="0">
                  <properties>
                    <property name="retryIteration" value="0" />
                    <property name="repeatIteration" value="0" />
                  </properties>
                </test-case>
[...]
                <properties>
                  <property name="retryIteration" value="0" />
                  <property name="repeatIteration" value="0" />
                </properties>
              </test-case>
              <test-case id="1681" name="WithTheSiblingResponseLeftOn_TheSameInputDoesPushThemApart" fullname="Zantetsu.PhysicsCut.Tests.ProvisionalPhysicsPublicationTests.WithTheSiblingResponseLeftOn_TheSameInputDoesPushThemApart" methodname="WithTheSiblingResponseLeftOn_TheSameInputDoesPushThemApart" classname="Zantetsu.PhysicsCut.Tests.ProvisionalPhysicsPublicationTests" runstate="Runnable" seed="1106784040" result="Passed" start-time="2026-09-23 22:33:51Z" end-time="2026-09-23 22:33:51Z" duration="0.017005" asserts="0">
                <properties>
                  <property name="retryIteration" value="0" />
                  <property name="repeatIteration" value="0" />
                </properties>
              </test-case>
            </test-suite>
            <test-suite type="TestFixture" id="1684" name="ProvisionalShapeViewTests" fullname="Zantetsu.PhysicsCut.Tests.ProvisionalShapeViewTests" classname="Zantetsu.PhysicsCut.Tests.ProvisionalShapeViewTests" runstate="Runnable" testcasecount="6" result="Passed" start-time="2026-09-23 22:33:51Z" end-time="2026-09-23 22:33:51Z" duration="0.009066" total="6" passed="6" failed="0" inconclusive="0" skipped="0" asserts="0">
              <properties />
              <test-case id="1687" name="AViewRetiredWithRunningWork_KeepsItsOwnHoldsUntilCollection" fullname="Zantetsu.PhysicsCut.Tests.ProvisionalShapeViewTests.AViewRetiredWithRunningWork_KeepsItsOwnHoldsUntilCollection" methodname="AViewRetiredWithRunningWork_KeepsItsOwnHoldsUntilCollection" classname="Zantetsu.PhysicsCut.Tests.ProvisionalShapeViewTests" runstate="Runnable" seed="583636973" result="Passed" start-time="2026-09-23 22:33:51Z" end-time="2026-09-23 22:33:51Z" duration="0.001465" asserts="0">
                <properties>
                  <property name="retryIteration" value="0" />
                  <property name="repeatIteration" value="0" />
                </properties>
              </test-case>
              <test-case id="1688" name="BorrowedNativeVertices_RemainTheSameMutableStorage" fullname="Zantetsu.PhysicsCut.Tests.ProvisionalShapeViewTests.BorrowedNativeVertices_RemainTheSameMutableStorage" methodname="BorrowedNativeVertices_RemainTheSameMutableStorage" classname="Zantetsu.PhysicsCut.Tests.ProvisionalShapeViewTests" runstate="Runnable" seed="713083601" result="Passed" start-time="2026-09-23 22:33:51Z" end-time="2026-09-23 22:33:51Z" duration="0.000633" asserts="0">
                <properties>
                  <property name="retryIteration" value="0" />
                  <property name="repeatIteration" value="0" />
                </properties>
              </test-case>
              <test-case id="1689" name="FinalBorrowing_FromAReorderedViewUsesTheSelectedConvex" fullname="Zantetsu.PhysicsCut.Tests.ProvisionalShapeViewTests.FinalBorrowing_FromAReorderedViewUsesTheSelectedConvex" methodname="FinalBorrowing_FromAReorderedViewUsesTheSelectedConvex" classname="Zantetsu.PhysicsCut.Tests.ProvisionalShapeViewTests" runstate="Runnable" seed="187568404" result="Passed" start-time="2026-09-23 22:33:51Z" end-time="2026-09-23 22:33:51Z" duration="0.001012" asserts="0">
                <properties>
                  <property name="retryIteration" value="0" />
                  <property name="repeatIteration" value="0" />
                </properties>
              </test-case>
              <test-case id="1690" name="GeneratedSource_CanFreeItsRecordWhileTheViewKeepsItsProducts" fullname="Zantetsu.PhysicsCut.Tests.ProvisionalShapeViewTests.GeneratedSource_CanFreeItsRecordWhileTheViewKeepsItsProducts" methodname="GeneratedSource_CanFreeItsRecordWhileTheViewKeepsItsProducts" classname="Zantetsu.PhysicsCut.Tests.ProvisionalShapeViewTests" runstate="Runnable" seed="805829014" result="Passed" start-time="2026-09-23 22:33:51Z" end-time="2026-09-23 22:33:51Z" duration="0.001337" asserts="0">
                <properties>
                  <property name="retryIteration" value="0" />
                  <property name="repeatIteration" value="0" />
                </properties>
              </test-case>
              <test-case id="1686" name="NestedSelection_OutlivesBothOwnersWithoutHoldingTheIntermediateBank" fullname="Zantetsu.PhysicsCut.Tests.ProvisionalShapeViewTests.NestedSelection_OutlivesBothOwnersWithoutHoldingTheIntermediateBank" methodname="NestedSelection_OutlivesBothOwnersWithoutHoldingTheIntermediateBank" classname="Zantetsu.PhysicsCut.Tests.ProvisionalShapeViewTests" runstate="Runnable" seed="2093628955" result="Passed" start-time="2026-09-23 22:33:51Z" end-time="2026-09-23 22:33:51Z" duration="0.001351" asserts="0">
                <properties>
                  <property name="retryIteration" value="0" />
                  <property name="repeatIteration" value="0" />
                </properties>
              </test-case>
              <test-case id="1685" name="ReorderedRepeatedConvexes_KeepTheirInputSnapshotAndMeshEnumeration" fullname="Zantetsu.PhysicsCut.Tests.ProvisionalShapeViewTests.ReorderedRepeatedConvexes_KeepTheirInputSnapshotAndMeshEnumeration" methodname="ReorderedRepeatedConvexes_KeepTheirInputSnapshotAndMeshEnumeration" classname="Zantetsu.PhysicsCut.Tests.ProvisionalShapeViewTests" runstate="Runnable" seed="981055758" result="Passed" start-time="2026-09-23 22:33:51Z" end-time="2026-09-23 22:33:51Z" duration="0.000954" asserts="0">
                <properties>
                  <property name="retryIteration" value="0" />
                  <property name="repeatIteration" value="0" />
                </properties>
              </test-case>
            </test-suite>
          </test-suite>
        </test-suite>
        <test-suite type="TestSuite" id="4817" name="Rendering" fullname="Zantetsu.Rendering" runstate="Runnable" testcasecount="349" result="Passed" start-time="2026-09-23 22:33:51Z" end-time="2026-09-23 22:33:51Z" duration="0.067245" total="16" passed="16" failed="0" inconclusive="0" skipped="0" asserts="0">
          <properties />
          <test-suite type="TestSuite" id="4818" name="Tests" fullname="Zantetsu.Rendering.Tests" runstate="Runnable" testcasecount="349" result="Passed" start-time="2026-09-23 22:33:51Z" end-time="2026-09-23 22:33:51Z" duration="0.061126" total="16" passed="16" failed="0" inconclusive="0" skipped="0" asserts="0">
            <properties />
            <test-suite type="TestFixture" id="1131" name="VpGeometryDescriptorRegistrationTests" fullname="Zantetsu.Rendering.Tests.VpGeometryDescriptorRegistrationTests" classname="Zantetsu.Rendering.Tests.VpGeometryDescriptorRegistrationTests" runstate="Runnable" testcasecount="2" result="Passed" start-time="2026-09-23 22:33:51Z" end-time="2026-09-23 22:33:51Z" duration="0.008919" total="2" passed="2" failed="0" inconclusive="0" skipped="0" asserts="0">
              <properties />
              <test-case id="1132" name="AnExternallyReusedDescriptorCanRegisterWhileItsOldGeometryRemainsLive" fullname="Zantetsu.Rendering.Tests.VpGeometryDescriptorRegistrationTests.AnExternallyReusedDescriptorCanRegisterWhileItsOldGeometryRemainsLive" methodname="AnExternallyReusedDescriptorCanRegisterWhileItsOldGeometryRemainsLive" classname="Zantetsu.Rendering.Tests.VpGeometryDescriptorRegistrationTests" runstate="Runnable" seed="1015015331" result="Passed" start-time="2026-09-23 22:33:51Z" end-time="2026-09-23 22:33:51Z" duration="0.007113" asserts="0">
                <properties>
                  <property name="retryIteration" value="0" />
                  <property name="repeatIteration" value="0" />
                </properties>
              </test-case>
              <test-case id="1133" name="RetiringADescriptorClearsItsMappingBeforeItsGeometrySlotIsReused" fullname="Zantetsu.Rendering.Tests.VpGeometryDescriptorRegistrationTests.RetiringADescriptorClearsItsMappingBeforeItsGeometrySlotIsReused" methodname="RetiringADescriptorClearsItsMappingBeforeItsGeometrySlotIsReused" classname="Zantetsu.Rendering.Tests.VpGeometryDescriptorRegistrationTests" runstate="Runnable" seed="1060688944" result="Passed" start-time="2026-09-23 22:33:51Z" end-time="2026-09-23 22:33:51Z" duration="0.000692" asserts="0">
                <properties>
                  <property name="retryIteration" value="0" />
                  <property name="repeatIteration" value="0" />
                </properties>
              </test-case>
            </test-suite>
            <test-suite type="TestFixture" id="1134" name="VpGeometryReferenceTableTests" fullname="Zantetsu.Rendering.Tests.VpGeometryReferenceTableTests" classname="Zantetsu.Rendering.Tests.VpGeometryReferenceTableTests" runstate="Runnable" testcasecount="14" result="Passed" start-time="2026-09-23 22:33:51Z" end-time="2026-09-23 22:33:51Z" duration="0.024975" total="14" passed="14" failed="0" inconclusive="0" skipped="0" asserts="0">
              <properties />
              <test-case id="1147" name="AGeometryAndItsFirstInstance_AreTakenTogetherOrNotAtAll" fullname="Zantetsu.Rendering.Tests.VpGeometryReferenceTableTests.AGeometryAndItsFirstInstance_AreTakenTogetherOrNotAtAll" methodname="AGeometryAndItsFirstInstance_AreTakenTogetherOrNotAtAll" classname="Zantetsu.Rendering.Tests.VpGeometryReferenceTableTests" runstate="Runnable" seed="1368341677" result="Passed" start-time="2026-09-23 22:33:51Z" end-time="2026-09-23 22:33:51Z" duration="0.001604" asserts="0">
                <properties>
                  <property name="retryIteration" value="0" />
                  <property name="repeatIteration" value="0" />
                </properties>
              </test-case>
              <test-case id="1146" name="AGeometryWithAnEmptyIndexRange_GoesThroughTheSameLifetime" fullname="Zantetsu.Rendering.Tests.VpGeometryReferenceTableTests.AGeometryWithAnEmptyIndexRange_GoesThroughTheSameLifetime" methodname="AGeometryWithAnEmptyIndexRange_GoesThroughTheSameLifetime" classname="Zantetsu.Rendering.Tests.VpGeometryReferenceTableTests" runstate="Runnable" seed="166224090" result="Passed" start-time="2026-09-23 22:33:51Z" end-time="2026-09-23 22:33:51Z" duration="0.001585" asserts="0">
                <properties>
                  <property name="retryIteration" value="0" />
                  <property name="repeatIteration" value="0" />
                </properties>
              </test-case>
              <test-case id="1141" name="AnIndexRangeRetiredOutsideTheTable_LeavesTheGeometryLiveAndItsRetirementRefused" fullname="Zantetsu.Rendering.Tests.VpGeometryReferenceTableTests.AnIndexRangeRetiredOutsideTheTable_LeavesTheGeometryLiveAndItsRetirementRefused" methodname="AnIndexRangeRetiredOutsideTheTable_LeavesTheGeometryLiveAndItsRetirementRefused" classname="Zantetsu.Rendering.Tests.VpGeometryReferenceTableTests" runstate="Runnable" seed="2014202502" result="Passed" start-time="2026-09-23 22:33:51Z" end-time="2026-09-23 22:33:51Z" duration="0.000370" asserts="0">
                <properties>
                  <property name="retryIteration" value="0" />
                  <property name="repeatIteration" value="0" />
                </properties>
              </test-case>
              <test-case id="1138" name="ARetiredGeometryWithALease_KeepsItsIndicesRetiringUntilTheLeaseReturnsAndThenTheirSpaceIsReused" fullname="Zantetsu.Rendering.Tests.VpGeometryReferenceTableTests.ARetiredGeometryWithALease_KeepsItsIndicesRetiringUntilTheLeaseReturnsAndThenTheirSpaceIsReused" methodname="ARetiredGeometryWithALease_KeepsItsIndicesRetiringUntilTheLeaseReturnsAndThenTheirSpaceIsReused" classname="Zantetsu.Rendering.Tests.VpGeometryReferenceTableTests" runstate="Runnable" seed="1647688144" result="Passed" start-time="2026-09-23 22:33:51Z" end-time="2026-09-23 22:33:51Z" duration="0.005263" asserts="0">
                <properties>
                  <property name="retryIteration" value="0" />
                  <property name="repeatIteration" value="0" />
                </properties>
              </test-case>
              <test-case id="1137" name="ASharedGeometry_OutlivesItsInstancesUntilRetiredExplicitlyOnce" fullname="Zantetsu.Rendering.Tests.VpGeometryReferenceTableTests.ASharedGeometry_OutlivesItsInstancesUntilRetiredExplicitlyOnce" methodname="ASharedGeometry_OutlivesItsInstancesUntilRetiredExplicitlyOnce" classname="Zantetsu.Rendering.Tests.VpGeometryReferenceTableTests" runstate="Runnable" seed="1380335692" result="Passed" start-time="2026-09-23 22:33:51Z" end-time="2026-09-23 22:33:51Z" duration="0.001325" asserts="0">
                <properties>
                  <property name="retryIteration" value="0" />
                  <property name="repeatIteration" value="0" />
                </properties>
              </test-case>
              <test-case id="1136" name="AStorage_TakesOnlyOneReferenceTable" fullname="Zantetsu.Rendering.Tests.VpGeometryReferenceTableTests.AStorage_TakesOnlyOneReferenceTable" methodname="AStorage_TakesOnlyOneReferenceTable" classname="Zantetsu.Rendering.Tests.VpGeometryReferenceTableTests" runstate="Runnable" seed="1061663504" result="Passed" start-time="2026-09-23 22:33:51Z" end-time="2026-09-23 22:33:51Z" duration="0.001352" asserts="0">
                <properties>
                  <property name="retryIteration" value="0" />
                  <property name="repeatIteration" value="0" />
                </properties>
              </test-case>
              <test-case id="1143" name="DefaultAndForeignTokens_AreRejectedWithoutChangingAnything" fullname="Zantetsu.Rendering.Tests.VpGeometryReferenceTableTests.DefaultAndForeignTokens_AreRejectedWithoutChangingAnything" methodname="DefaultAndForeignTokens_AreRejectedWithoutChangingAnything" classname="Zantetsu.Rendering.Tests.VpGeometryReferenceTableTests" runstate="Runnable" seed="1825289156" result="Passed" start-time="2026-09-23 22:33:51Z" end-time="2026-09-23 22:33:51Z" duration="0.001606" asserts="0">
                <properties>
                  <property name="retryIteration" value="0" />
                  <property name="repeatIteration" value="0" />
                </properties>
              </test-case>
              <test-case id="1142" name="FullTables_RejectGeometriesAndInstancesWithoutChangingAnything" fullname="Zantetsu.Rendering.Tests.VpGeometryReferenceTableTests.FullTables_RejectGeometriesAndInstancesWithoutChangingAnything" methodname="FullTables_RejectGeometriesAndInstancesWithoutChangingAnything" classname="Zantetsu.Rendering.Tests.VpGeometryReferenceTableTests" runstate="Runnable" seed="1561255598" result="Passed" start-time="2026-09-23 22:33:51Z" end-time="2026-09-23 22:33:51Z" duration="0.000909" asserts="0">
                <properties>
                  <property name="retryIteration" value="0" />
                  <property name="repeatIteration" value="0" />
                </properties>
              </test-case>
              <test-case id="1139" name="RegistrationOfTheSameOrAnUnpublishedIndexRange_IsRejected" fullname="Zantetsu.Rendering.Tests.VpGeometryReferenceTableTests.RegistrationOfTheSameOrAnUnpublishedIndexRange_IsRejected" methodname="RegistrationOfTheSameOrAnUnpublishedIndexRange_IsRejected" classname="Zantetsu.Rendering.Tests.VpGeometryReferenceTableTests" runstate="Runnable" seed="641000552" result="Passed" start-time="2026-09-23 22:33:51Z" end-time="2026-09-23 22:33:51Z" duration="0.001367" asserts="0">
                <properties>
                  <property name="retryIteration" value="0" />
                  <property name="repeatIteration" value="0" />
                </properties>
              </test-case>
              <test-case id="1140" name="RegistrationRejectsAHigherSlotsDuplicateAfterALowerSlotIsReused" fullname="Zantetsu.Rendering.Tests.VpGeometryReferenceTableTests.RegistrationRejectsAHigherSlotsDuplicateAfterALowerSlotIsReused" methodname="RegistrationRejectsAHigherSlotsDuplicateAfterALowerSlotIsReused" classname="Zantetsu.Rendering.Tests.VpGeometryReferenceTableTests" runstate="Runnable" seed="1574115201" result="Passed" start-time="2026-09-23 22:33:51Z" end-time="2026-09-23 22:33:51Z" duration="0.000744" asserts="0">
                <properties>
                  <property name="retryIteration" value="0" />
                  <property name="repeatIteration" value="0" />
                </properties>
              </test-case>
              <test-case id="1144" name="ReusedSlots_RejectTheTokensOfTheirEarlierUses" fullname="Zantetsu.Rendering.Tests.VpGeometryReferenceTableTests.ReusedSlots_RejectTheTokensOfTheirEarlierUses" methodname="ReusedSlots_RejectTheTokensOfTheirEarlierUses" classname="Zantetsu.Rendering.Tests.VpGeometryReferenceTableTests" runstate="Runnable" seed="280689903" result="Passed" start-time="2026-09-23 22:33:51Z" end-time="2026-09-23 22:33:51Z" duration="0.000819" asserts="0">
                <properties>
                  <property name="retryIteration" value="0" />
                  <property name="repeatIteration" value="0" />
                </properties>
              </test-case>
              <test-case id="1145" name="SlotsAtTheLastGeneration_AreNotUsedAgainAndTheirTokensStayRejected" fullname="Zantetsu.Rendering.Tests.VpGeometryReferenceTableTests.SlotsAtTheLastGeneration_AreNotUsedAgainAndTheirTokensStayRejected" methodname="SlotsAtTheLastGeneration_AreNotUsedAgainAndTheirTokensStayRejected" classname="Zantetsu.Rendering.Tests.VpGeometryReferenceTableTests" runstate="Runnable" seed="865400982" result="Passed" start-time="2026-09-23 22:33:51Z" end-time="2026-09-23 22:33:51Z" duration="0.000509" asserts="0">
                <properties>
                  <property name="retryIteration" value="0" />
                  <property name="repeatIteration" value="0" />
                </properties>
              </test-case>
              <test-case id="1135" name="TheConstructor_SetsTheCapacitiesAndRejectsInvalidArguments" fullname="Zantetsu.Rendering.Tests.VpGeometryReferenceTableTests.TheConstructor_SetsTheCapacitiesAndRejectsInvalidArguments" methodname="TheConstructor_SetsTheCapacitiesAndRejectsInvalidArguments" classname="Zantetsu.Rendering.Tests.VpGeometryReferenceTableTests" runstate="Runnable" seed="1431145529" result="Passed" start-time="2026-09-23 22:33:51Z" end-time="2026-09-23 22:33:51Z" duration="0.000561" asserts="0">
                <properties>
                  <property name="retryIteration" value="0" />
                  <property name="repeatIteration" value="0" />
                </properties>
              </test-case>
              <test-case id="1148" name="TheSingleStepRegistration_RefusesWithoutAGeometrySlotToo" fullname="Zantetsu.Rendering.Tests.VpGeometryReferenceTableTests.TheSingleStepRegistration_RefusesWithoutAGeometrySlotToo" methodname="TheSingleStepRegistration_RefusesWithoutAGeometrySlotToo" classname="Zantetsu.Rendering.Tests.VpGeometryReferenceTableTests" runstate="Runnable" seed="866626375" result="Passed" start-time="2026-09-23 22:33:51Z" end-time="2026-09-23 22:33:51Z" duration="0.000398" asserts="0">
                <properties>
                  <property name="retryIteration" value="0" />
                  <property name="repeatIteration" value="0" />
                </properties>
                <output><![CDATA[Saving results to: C:/Users/junic/AppData/LocalLow/DefaultCompany/zantetsuken-vr\TestResults.xml
]]></output>
              </test-case>
            </test-suite>
          </test-suite>
        </test-suite>
      </test-suite>
    </test-suite>
  </test-suite>
</test-run>