<?xml version="1.0" encoding="utf-8"?>
<test-run id="2" testcasecount="4" result="Passed" total="4" passed="4" failed="0" inconclusive="0" skipped="0" asserts="0" engine-version="3.5.0.0" clr-version="4.0.30319.42000" start-time="0001-01-01 00:00:00Z" end-time="0001-01-01 00:00:00Z" duration="2.8284657">
  <test-suite type="TestSuite" id="1000" name="zantetsuken-vr" fullname="zantetsuken-vr" runstate="Runnable" testcasecount="59" result="Passed" start-time="2026-09-23 22:44:05Z" end-time="2026-09-23 22:44:08Z" duration="2.828466" total="4" passed="4" failed="0" inconclusive="0" skipped="0" asserts="0"><properties><property name="platform" value="PlayMode"></property></properties><test-suite type="Assembly" id="1086" name="Zantetsu.PhysicsCut.PlayModeTests.dll" fullname="C:/Users/junic/src/zantetsuken-vr-main-thread-order-20260924/Logs/MainThreadOrder20260924/il2cpp-build2/player/PlayerWithTests/Zantetsu.PhysicsCut.PlayModeTests.dll" runstate="Runnable" testcasecount="44" result="Passed" start-time="2026-09-23 22:44:05Z" end-time="2026-09-23 22:44:08Z" duration="2.821294" total="4" passed="4" failed="0" inconclusive="0" skipped="0" asserts="0"><properties><property name="_PID" value="47300"></property><property name="_APPDOMAIN" value="IL2CPP Root Domain"></property><property name="platform" value="PlayMode"></property><property name="EditorOnly" value="False"></property></properties><test-suite type="TestSuite" id="1087" name="Zantetsu" fullname="Zantetsu" runstate="Runnable" testcasecount="44" result="Passed" start-time="2026-09-23 22:44:05Z" end-time="2026-09-23 22:44:08Z" duration="2.778702" total="4" passed="4" failed="0" inconclusive="0" skipped="0" asserts="0"><properties></properties><test-suite type="TestSuite" id="1088" name="MainThreadAudit" fullname="Zantetsu.MainThreadAudit" runstate="Runnable" testcasecount="1" result="Passed" start-time="2026-09-23 22:44:05Z" end-time="2026-09-23 22:44:05Z" duration="0.496844" total="1" passed="1" failed="0" inconclusive="0" skipped="0" asserts="0"><properties></properties><test-suite type="TestSuite" id="1089" name="Tests" fullname="Zantetsu.MainThreadAudit.Tests" runstate="Runnable" testcasecount="1" result="Passed" start-time="2026-09-23 22:44:05Z" end-time="2026-09-23 22:44:05Z" duration="0.432672" total="1" passed="1" failed="0" inconclusive="0" skipped="0" asserts="0"><properties></properties><test-suite type="TestFixture" id="1030" name="AxisMassBenchmark" fullname="Zantetsu.MainThreadAudit.Tests.AxisMassBenchmark" classname="Zantetsu.MainThreadAudit.Tests.AxisMassBenchmark" runstate="Runnable" testcasecount="1" result="Passed" start-time="2026-09-23 22:44:05Z" end-time="2026-09-23 22:44:05Z" duration="0.369612" total="1" passed="1" failed="0" inconclusive="0" skipped="0" asserts="0"><properties></properties><test-case id="1031" name="Measure" fullname="Zantetsu.MainThreadAudit.Tests.AxisMassBenchmark.Measure" methodname="Measure" classname="Zantetsu.MainThreadAudit.Tests.AxisMassBenchmark" runstate="Runnable" seed="89948444" result="Passed" start-time="2026-09-23 22:44:05Z" end-time="2026-09-23 22:44:05Z" duration="0.329016" asserts="0"><properties><property name="retryIteration" value="0"></property><property name="repeatIteration" value="0"></property></properties></test-case></test-suite></test-suite></test-suite><test-suite type="TestSuite" id="1090" name="PhysicsCut" fullname="Zantetsu.PhysicsCut" runstate="Runnable" testcasecount="43" result="Passed" start-time="2026-09-23 22:44:05Z" end-time="2026-09-23 22:44:08Z" duration="2.229203" total="3" passed="3" failed="0" inconclusive="0" skipped="0" asserts="0"><properties></properties><test-suite type="TestSuite" id="1091" name="PlayModeTests" fullname="Zantetsu.PhysicsCut.PlayModeTests" runstate="Runnable" testcasecount="43" result="Passed" start-time="2026-09-23 22:44:05Z" end-time="2026-09-23 22:44:08Z" duration="2.225293" total="3" passed="3" failed="0" inconclusive="0" skipped="0" asserts="0"><properties></properties><test-suite type="TestFixture" id="1067" name="FinalHandoffPlayModeTests" fullname="Zantetsu.PhysicsCut.PlayModeTests.FinalHandoffPlayModeTests" classname="Zantetsu.PhysicsCut.PlayModeTests.FinalHandoffPlayModeTests" runstate="Runnable" testcasecount="1" result="Passed" start-time="2026-09-23 22:44:05Z" end-time="2026-09-23 22:44:06Z" duration="0.212764" total="1" passed="1" failed="0" inconclusive="0" skipped="0" asserts="0"><properties></properties><test-case id="1068" name="TheHandoffInPlayMode_StopsTheOldShapeAtOnce_AndLeavesTheActorsStanding" fullname="Zantetsu.PhysicsCut.PlayModeTests.FinalHandoffPlayModeTests.TheHandoffInPlayMode_StopsTheOldShapeAtOnce_AndLeavesTheActorsStanding" methodname="TheHandoffInPlayMode_StopsTheOldShapeAtOnce_AndLeavesTheActorsStanding" classname="Zantetsu.PhysicsCut.PlayModeTests.FinalHandoffPlayModeTests" runstate="Runnable" seed="847653273" result="Passed" start-time="2026-09-23 22:44:05Z" end-time="2026-09-23 22:44:06Z" duration="0.199398" asserts="0"><properties><property name="_JOINTYPE" value="UnityCombinatorial"></property><property name="retryIteration" value="0"></property><property name="repeatIteration" value="0"></property></properties></test-case></test-suite><test-suite type="TestFixture" id="1069" name="NativeBookkeepingBenchmark" fullname="Zantetsu.PhysicsCut.PlayModeTests.NativeBookkeepingBenchmark" classname="Zantetsu.PhysicsCut.PlayModeTests.NativeBookkeepingBenchmark" runstate="Runnable" testcasecount="1" result="Passed" start-time="2026-09-23 22:44:06Z" end-time="2026-09-23 22:44:06Z" duration="0.075570" total="1" passed="1" failed="0" inconclusive="0" skipped="0" asserts="0"><properties></properties><test-case id="1070" name="Measure" fullname="Zantetsu.PhysicsCut.PlayModeTests.NativeBookkeepingBenchmark.Measure" methodname="Measure" classname="Zantetsu.PhysicsCut.PlayModeTests.NativeBookkeepingBenchmark" runstate="Runnable" seed="1307791540" result="Passed" start-time="2026-09-23 22:44:06Z" end-time="2026-09-23 22:44:06Z" duration="0.037229" asserts="0"><properties><property name="retryIteration" value="0"></property><property name="repeatIteration" value="0"></property></properties></test-case></test-suite><test-suite type="TestFixture" id="1071" name="OrderBenchmark" fullname="Zantetsu.PhysicsCut.PlayModeTests.OrderBenchmark" classname="Zantetsu.PhysicsCut.PlayModeTests.OrderBenchmark" runstate="Runnable" testcasecount="1" result="Passed" start-time="2026-09-23 22:44:06Z" end-time="2026-09-23 22:44:08Z" duration="1.933458" total="1" passed="1" failed="0" inconclusive="0" skipped="0" asserts="0"><properties></properties><test-case id="1072" name="MeasureBuildAndPublishOrder" fullname="Zantetsu.PhysicsCut.PlayModeTests.OrderBenchmark.MeasureBuildAndPublishOrder" methodname="MeasureBuildAndPublishOrder" classname="Zantetsu.PhysicsCut.PlayModeTests.OrderBenchmark" runstate="Runnable" seed="431415394" result="Passed" start-time="2026-09-23 22:44:06Z" end-time="2026-09-23 22:44:08Z" duration="1.930962" asserts="0"><properties><property name="_JOINTYPE" value="UnityCombinatorial"></property><property name="retryIteration" value="0"></property><property name="repeatIteration" value="0"></property></properties></test-case></test-suite></test-suite></test-suite></test-suite></test-suite></test-suite>
</test-run>