<?xml version="1.0" encoding="utf-8"?>
<test-run id="2" testcasecount="314" result="Passed" total="314" passed="314" failed="0" inconclusive="0" skipped="0" asserts="0" engine-version="3.5.0.0" clr-version="4.0.30319.42000" start-time="2026-09-23 22:41:55Z" end-time="2026-09-23 22:42:09Z" duration="14.5899539">
  <test-suite type="TestSuite" id="1000" name="zantetsuken-vr" fullname="zantetsuken-vr" runstate="Runnable" testcasecount="3557" result="Passed" start-time="2026-09-23 22:41:55Z" end-time="2026-09-23 22:42:09Z" duration="14.589954" total="314" passed="314" failed="0" inconclusive="0" skipped="0" asserts="0">
    <properties>
      <property name="platform" value="EditMode" />
    </properties>
    <test-suite type="Assembly" id="4818" name="Zantetsu.Core.EditModeTests.dll" fullname="C:/Users/junic/src/zantetsuken-vr-main-thread-order-20260924/Library/ScriptAssemblies/Zantetsu.Core.EditModeTests.dll" runstate="Runnable" testcasecount="3557" result="Passed" start-time="2026-09-23 22:41:55Z" end-time="2026-09-23 22:42:09Z" duration="14.554552" total="314" passed="314" failed="0" inconclusive="0" skipped="0" asserts="0">
      <properties>
        <property name="_PID" value="82160" />
        <property name="_APPDOMAIN" value="Unity Child Domain" />
        <property name="platform" value="EditMode" />
        <property name="EditorOnly" value="True" />
      </properties>
      <test-suite type="TestSuite" id="4819" name="Zantetsu" fullname="Zantetsu" runstate="Runnable" testcasecount="3557" result="Passed" start-time="2026-09-23 22:41:55Z" end-time="2026-09-23 22:42:09Z" duration="14.525011" total="314" passed="314" failed="0" inconclusive="0" skipped="0" asserts="0">
        <properties />
        <test-suite type="TestSuite" id="4824" name="MeshCut" fullname="Zantetsu.MeshCut" runstate="Runnable" testcasecount="549" result="Passed" start-time="2026-09-23 22:41:55Z" end-time="2026-09-23 22:41:55Z" duration="0.093078" total="32" passed="32" failed="0" inconclusive="0" skipped="0" asserts="0">
          <properties />
          <test-suite type="TestSuite" id="4825" name="Tests" fullname="Zantetsu.MeshCut.Tests" runstate="Runnable" testcasecount="549" result="Passed" start-time="2026-09-23 22:41:55Z" end-time="2026-09-23 22:41:55Z" duration="0.080062" total="32" passed="32" failed="0" inconclusive="0" skipped="0" asserts="0">
            <properties />
            <test-suite type="TestFixture" id="1755" name="LogicalCutLedgerTests" fullname="Zantetsu.MeshCut.Tests.LogicalCutLedgerTests" classname="Zantetsu.MeshCut.Tests.LogicalCutLedgerTests" runstate="Runnable" testcasecount="32" result="Passed" start-time="2026-09-23 22:41:55Z" end-time="2026-09-23 22:41:55Z" duration="0.061733" total="32" passed="32" failed="0" inconclusive="0" skipped="0" asserts="0">
              <properties />
              <test-case id="1770" name="AdmissionChecks_RunInTheSpecifiedOrder" fullname="Zantetsu.MeshCut.Tests.LogicalCutLedgerTests.AdmissionChecks_RunInTheSpecifiedOrder" methodname="AdmissionChecks_RunInTheSpecifiedOrder" classname="Zantetsu.MeshCut.Tests.LogicalCutLedgerTests" runstate="Runnable" seed="451369771" result="Passed" start-time="2026-09-23 22:41:55Z" end-time="2026-09-23 22:41:55Z" duration="0.011490" asserts="0">
                <properties>
                  <property name="retryIteration" value="0" />
                  <property name="repeatIteration" value="0" />
                </properties>
              </test-case>
              <test-case id="1758" name="AFinalThatFailsOnOneSide_AbortsWithoutPublishingEitherSide_AndRetiresTheSource" fullname="Zantetsu.MeshCut.Tests.LogicalCutLedgerTests.AFinalThatFailsOnOneSide_AbortsWithoutPublishingEitherSide_AndRetiresTheSource" methodname="AFinalThatFailsOnOneSide_AbortsWithoutPublishingEitherSide_AndRetiresTheSource" classname="Zantetsu.MeshCut.Tests.LogicalCutLedgerTests" runstate="Runnable" seed="1361651387" result="Passed" start-time="2026-09-23 22:41:55Z" end-time="2026-09-23 22:41:55Z" duration="0.001417" asserts="0">
                <properties>
                  <property name="retryIteration" value="0" />
                  <property name="repeatIteration" value="0" />
                </properties>
              </test-case>
              <test-case id="1760" name="AfterLogicalPublication_AChildIsAdmitted_WhileTheParentGeometryIsStillIncomplete" fullname="Zantetsu.MeshCut.Tests.LogicalCutLedgerTests.AfterLogicalPublication_AChildIsAdmitted_WhileTheParentGeometryIsStillIncomplete" methodname="AfterLogicalPublication_AChildIsAdmitted_WhileTheParentGeometryIsStillIncomplete" classname="Zantetsu.MeshCut.Tests.LogicalCutLedgerTests" runstate="Runnable" seed="1203296143" result="Passed" start-time="2026-09-23 22:41:55Z" end-time="2026-09-23 22:41:55Z" duration="0.001527" asserts="0">
                <properties>
                  <property name="retryIteration" value="0" />
                  <property name="repeatIteration" value="0" />
                </properties>
              </test-case>
              <test-case id="1761" name="AFullBudget_ANoOp_AndASkip_LeaveTheBudgetAndTheIdsAlone" fullname="Zantetsu.MeshCut.Tests.LogicalCutLedgerTests.AFullBudget_ANoOp_AndASkip_LeaveTheBudgetAndTheIdsAlone" methodname="AFullBudget_ANoOp_AndASkip_LeaveTheBudgetAndTheIdsAlone" classname="Zantetsu.MeshCut.Tests.LogicalCutLedgerTests" runstate="Runnable" seed="1897715682" result="Passed" start-time="2026-09-23 22:41:55Z" end-time="2026-09-23 22:41:55Z" duration="0.000565" asserts="0">
                <properties>
                  <property name="retryIteration" value="0" />
                  <property name="repeatIteration" value="0" />
                </properties>
              </test-case>
              <test-case id="1764" name="AGeometryNotice_ForACutNeverPublished_IsRefused" fullname="Zantetsu.MeshCut.Tests.LogicalCutLedgerTests.AGeometryNotice_ForACutNeverPublished_IsRefused" methodname="AGeometryNotice_ForACutNeverPublished_IsRefused" classname="Zantetsu.MeshCut.Tests.LogicalCutLedgerTests" runstate="Runnable" seed="883914642" result="Passed" start-time="2026-09-23 22:41:55Z" end-time="2026-09-23 22:41:55Z" duration="0.000246" asserts="0">
                <properties>
                  <property name="retryIteration" value="0" />
                  <property name="repeatIteration" value="0" />
                </properties>
              </test-case>
              <test-case id="1771" name="AnIdThatIsUnsetNegativeOrNeverIssued_NamesNothing_AndChangesNothing" fullname="Zantetsu.MeshCut.Tests.LogicalCutLedgerTests.AnIdThatIsUnsetNegativeOrNeverIssued_NamesNothing_AndChangesNothing" methodname="AnIdThatIsUnsetNegativeOrNeverIssued_NamesNothing_AndChangesNothing" classname="Zantetsu.MeshCut.Tests.LogicalCutLedgerTests" runstate="Runnable" seed="755263968" result="Passed" start-time="2026-09-23 22:41:55Z" end-time="2026-09-23 22:41:55Z" duration="0.004825" asserts="0">
                <properties>
                  <property name="retryIteration" value="0" />
                  <property name="repeatIteration" value="0" />
                </properties>
              </test-case>
              <test-case id="1785" name="AnIdThisLedgerNeverIssued_AndAnUnpublishedChild_HaveNoOrigin" fullname="Zantetsu.MeshCut.Tests.LogicalCutLedgerTests.AnIdThisLedgerNeverIssued_AndAnUnpublishedChild_HaveNoOrigin" methodname="AnIdThisLedgerNeverIssued_AndAnUnpublishedChild_HaveNoOrigin" classname="Zantetsu.MeshCut.Tests.LogicalCutLedgerTests" runstate="Runnable" seed="831502498" result="Passed" start-time="2026-09-23 22:41:55Z" end-time="2026-09-23 22:41:55Z" duration="0.001073" asserts="0">
                <properties>
                  <property name="retryIteration" value="0" />
                  <property name="repeatIteration" value="0" />
                </properties>
              </test-case>
              <test-case id="1783" name="ANonIdentityPlacement_DistributesAndPublishesTheArrangementItWasGiven" fullname="Zantetsu.MeshCut.Tests.LogicalCutLedgerTests.ANonIdentityPlacement_DistributesAndPublishesTheArrangementItWasGiven" methodname="ANonIdentityPlacement_DistributesAndPublishesTheArrangementItWasGiven" classname="Zantetsu.MeshCut.Tests.LogicalCutLedgerTests" runstate="Runnable" seed="926196644" result="Passed" start-time="2026-09-23 22:41:55Z" end-time="2026-09-23 22:41:55Z" duration="0.003782" asserts="0">
                <properties>
                  <property name="retryIteration" value="0" />
                  <property name="repeatIteration" value="0" />
                </properties>
              </test-case>
              <test-case id="1768" name="AnOwnershipChange_OnAnotherFragment_DoesNotMakeThisResultStale" fullname="Zantetsu.MeshCut.Tests.LogicalCutLedgerTests.AnOwnershipChange_OnAnotherFragment_DoesNotMakeThisResultStale" methodname="AnOwnershipChange_OnAnotherFragment_DoesNotMakeThisResultStale" classname="Zantetsu.MeshCut.Tests.LogicalCutLedgerTests" runstate="Runnable" seed="1351892218" result="Passed" start-time="2026-09-23 22:41:55Z" end-time="2026-09-23 22:41:55Z" duration="0.000235" asserts="0">
                <properties>
                  <property name="retryIteration" value="0" />
                  <property name="repeatIteration" value="0" />
                </properties>
              </test-case>
              <test-case id="1779" name="AnOwnershipChangeOnAnotherFragment_DoesNotStopThisPublication" fullname="Zantetsu.MeshCut.Tests.LogicalCutLedgerTests.AnOwnershipChangeOnAnotherFragment_DoesNotStopThisPublication" methodname="AnOwnershipChangeOnAnotherFragment_DoesNotStopThisPublication" classname="Zantetsu.MeshCut.Tests.LogicalCutLedgerTests" runstate="Runnable" seed="1278827802" result="Passed" start-time="2026-09-23 22:41:55Z" end-time="2026-09-23 22:41:55Z" duration="0.000758" asserts="0">
                <properties>
                  <property name="retryIteration" value="0" />
                  <property name="repeatIteration" value="0" />
                </properties>
              </test-case>
              <test-case id="1777" name="APreparedDistribution_IsNotPublishedByAnAbortOrAStaleResult" fullname="Zantetsu.MeshCut.Tests.LogicalCutLedgerTests.APreparedDistribution_IsNotPublishedByAnAbortOrAStaleResult" methodname="APreparedDistribution_IsNotPublishedByAnAbortOrAStaleResult" classname="Zantetsu.MeshCut.Tests.LogicalCutLedgerTests" runstate="Runnable" seed="1936148373" result="Passed" start-time="2026-09-23 22:41:55Z" end-time="2026-09-23 22:41:55Z" duration="0.000838" asserts="0">
                <properties>
                  <property name="retryIteration" value="0" />
                  <property name="repeatIteration" value="0" />
                </properties>
              </test-case>
              <test-case id="1774" name="APublishedCut_GivesEachChildItsInheritedAnchors_AndTheirFixity" fullname="Zantetsu.MeshCut.Tests.LogicalCutLedgerTests.APublishedCut_GivesEachChildItsInheritedAnchors_AndTheirFixity" methodname="APublishedCut_GivesEachChildItsInheritedAnchors_AndTheirFixity" classname="Zantetsu.MeshCut.Tests.LogicalCutLedgerTests" runstate="Runnable" seed="753802767" result="Passed" start-time="2026-09-23 22:41:55Z" end-time="2026-09-23 22:41:55Z" duration="0.000942" asserts="0">
                <properties>
                  <property name="retryIteration" value="0" />
                  <property name="repeatIteration" value="0" />
                </properties>
              </test-case>
              <test-case id="1778" name="ARecut_UsesOnlyTheChildsCurrentSet_AndLeavesTheSiblingAlone" fullname="Zantetsu.MeshCut.Tests.LogicalCutLedgerTests.ARecut_UsesOnlyTheChildsCurrentSet_AndLeavesTheSiblingAlone" methodname="ARecut_UsesOnlyTheChildsCurrentSet_AndLeavesTheSiblingAlone" classname="Zantetsu.MeshCut.Tests.LogicalCutLedgerTests" runstate="Runnable" seed="1211006609" result="Passed" start-time="2026-09-23 22:41:55Z" end-time="2026-09-23 22:41:55Z" duration="0.001183" asserts="0">
                <properties>
                  <property name="retryIteration" value="0" />
                  <property name="repeatIteration" value="0" />
                </properties>
              </test-case>
              <test-case id="1782" name="ARefusedPreparation_LeavesTheOperationUnprepared_AndDoesNotRetireTheSource" fullname="Zantetsu.MeshCut.Tests.LogicalCutLedgerTests.ARefusedPreparation_LeavesTheOperationUnprepared_AndDoesNotRetireTheSource" methodname="ARefusedPreparation_LeavesTheOperationUnprepared_AndDoesNotRetireTheSource" classname="Zantetsu.MeshCut.Tests.LogicalCutLedgerTests" runstate="Runnable" seed="929059946" result="Passed" start-time="2026-09-23 22:41:55Z" end-time="2026-09-23 22:41:55Z" duration="0.000530" asserts="0">
                <properties>
                  <property name="retryIteration" value="0" />
                  <property name="repeatIteration" value="0" />
                </properties>
              </test-case>
              <test-case id="1773" name="ARegisteredAnchorSet_IsTheLedgersOwnCopy_AndAnEmptyOneIsNormal" fullname="Zantetsu.MeshCut.Tests.LogicalCutLedgerTests.ARegisteredAnchorSet_IsTheLedgersOwnCopy_AndAnEmptyOneIsNormal" methodname="ARegisteredAnchorSet_IsTheLedgersOwnCopy_AndAnEmptyOneIsNormal" classname="Zantetsu.MeshCut.Tests.LogicalCutLedgerTests" runstate="Runnable" seed="792185754" result="Passed" start-time="2026-09-23 22:41:55Z" end-time="2026-09-23 22:41:55Z" duration="0.000888" asserts="0">
                <properties>
                  <property name="retryIteration" value="0" />
                  <property name="repeatIteration" value="0" />
                </properties>
              </test-case>
              <test-case id="1787" name="AskingWhereAFragmentCameFrom_IsOneLookupAndReadsNothingInAdmissionOrder" fullname="Zantetsu.MeshCut.Tests.LogicalCutLedgerTests.AskingWhereAFragmentCameFrom_IsOneLookupAndReadsNothingInAdmissionOrder" methodname="AskingWhereAFragmentCameFrom_IsOneLookupAndReadsNothingInAdmissionOrder" classname="Zantetsu.MeshCut.Tests.LogicalCutLedgerTests" runstate="Runnable" seed="550293978" result="Passed" start-time="2026-09-23 22:41:55Z" end-time="2026-09-23 22:41:55Z" duration="0.001250" asserts="0">
                <properties>
                  <property name="retryIteration" value="0" />
                  <property name="repeatIteration" value="0" />
                </properties>
              </test-case>
              <test-case id="1776" name="ASkippedRequest_PreparesNothing_AndLeavesEveryAnchorSetAlone" fullname="Zantetsu.MeshCut.Tests.LogicalCutLedgerTests.ASkippedRequest_PreparesNothing_AndLeavesEveryAnchorSetAlone" methodname="ASkippedRequest_PreparesNothing_AndLeavesEveryAnchorSetAlone" classname="Zantetsu.MeshCut.Tests.LogicalCutLedgerTests" runstate="Runnable" seed="827790973" result="Passed" start-time="2026-09-23 22:41:55Z" end-time="2026-09-23 22:41:55Z" duration="0.000679" asserts="0">
                <properties>
                  <property name="retryIteration" value="0" />
                  <property name="repeatIteration" value="0" />
                </properties>
              </test-case>
              <test-case id="1759" name="ASourceWithAnActiveCut_SkipsANewRequest_WhileAnotherFragmentIsStillAdmitted" fullname="Zantetsu.MeshCut.Tests.LogicalCutLedgerTests.ASourceWithAnActiveCut_SkipsANewRequest_WhileAnotherFragmentIsStillAdmitted" methodname="ASourceWithAnActiveCut_SkipsANewRequest_WhileAnotherFragmentIsStillAdmitted" classname="Zantetsu.MeshCut.Tests.LogicalCutLedgerTests" runstate="Runnable" seed="1457719266" result="Passed" start-time="2026-09-23 22:41:55Z" end-time="2026-09-23 22:41:55Z" duration="0.000719" asserts="0">
                <properties>
                  <property name="retryIteration" value="0" />
                  <property name="repeatIteration" value="0" />
                </properties>
              </test-case>
              <test-case id="1767" name="AStaleFailure_IsReclaimedTheSameWay_AndDoesNotRetireTheSource" fullname="Zantetsu.MeshCut.Tests.LogicalCutLedgerTests.AStaleFailure_IsReclaimedTheSameWay_AndDoesNotRetireTheSource" methodname="AStaleFailure_IsReclaimedTheSameWay_AndDoesNotRetireTheSource" classname="Zantetsu.MeshCut.Tests.LogicalCutLedgerTests" runstate="Runnable" seed="862991177" result="Passed" start-time="2026-09-23 22:41:55Z" end-time="2026-09-23 22:41:55Z" duration="0.000223" asserts="0">
                <properties>
                  <property name="retryIteration" value="0" />
                  <property name="repeatIteration" value="0" />
                </properties>
              </test-case>
              <test-case id="1766" name="AStaleResult_IsReclaimedOnce_WithoutRetiringTheSourceOrAnyOtherFragment" fullname="Zantetsu.MeshCut.Tests.LogicalCutLedgerTests.AStaleResult_IsReclaimedOnce_WithoutRetiringTheSourceOrAnyOtherFragment" methodname="AStaleResult_IsReclaimedOnce_WithoutRetiringTheSourceOrAnyOtherFragment" classname="Zantetsu.MeshCut.Tests.LogicalCutLedgerTests" runstate="Runnable" seed="2037760196" result="Passed" start-time="2026-09-23 22:41:55Z" end-time="2026-09-23 22:41:55Z" duration="0.000485" asserts="0">
                <properties>
                  <property name="retryIteration" value="0" />
                  <property name="repeatIteration" value="0" />
                </properties>
              </test-case>
              <test-case id="1757" name="ASuccessfulFinal_PublishesBothChildrenAndTheOperationTogether_AndTheParentStopsBeingATarget" fullname="Zantetsu.MeshCut.Tests.LogicalCutLedgerTests.ASuccessfulFinal_PublishesBothChildrenAndTheOperationTogether_AndTheParentStopsBeingATarget" methodname="ASuccessfulFinal_PublishesBothChildrenAndTheOperationTogether_AndTheParentStopsBeingATarget" classname="Zantetsu.MeshCut.Tests.LogicalCutLedgerTests" runstate="Runnable" seed="295296513" result="Passed" start-time="2026-09-23 22:41:55Z" end-time="2026-09-23 22:41:55Z" duration="0.000656" asserts="0">
                <properties>
                  <property name="retryIteration" value="0" />
                  <property name="repeatIteration" value="0" />
                </properties>
              </test-case>
              <test-case id="1775" name="BeforePublication_ThereAreNoChildren_AndAnUnpreparedPublicationChangesNothing" fullname="Zantetsu.MeshCut.Tests.LogicalCutLedgerTests.BeforePublication_ThereAreNoChildren_AndAnUnpreparedPublicationChangesNothing" methodname="BeforePublication_ThereAreNoChildren_AndAnUnpreparedPublicationChangesNothing" classname="Zantetsu.MeshCut.Tests.LogicalCutLedgerTests" runstate="Runnable" seed="526516727" result="Passed" start-time="2026-09-23 22:41:55Z" end-time="2026-09-23 22:41:55Z" duration="0.000665" asserts="0">
                <properties>
                  <property name="retryIteration" value="0" />
                  <property name="repeatIteration" value="0" />
                </properties>
              </test-case>
              <test-case id="1780" name="CompletionOrTermination_LeavesTheChildrensAnchorsInPlace" fullname="Zantetsu.MeshCut.Tests.LogicalCutLedgerTests.CompletionOrTermination_LeavesTheChildrensAnchorsInPlace" methodname="CompletionOrTermination_LeavesTheChildrensAnchorsInPlace" classname="Zantetsu.MeshCut.Tests.LogicalCutLedgerTests" runstate="Runnable" seed="1125418484" result="Passed" start-time="2026-09-23 22:41:55Z" end-time="2026-09-23 22:41:55Z" duration="0.000755" asserts="0">
                <properties>
                  <property name="retryIteration" value="0" />
                  <property name="repeatIteration" value="0" />
                </properties>
              </test-case>
              <test-case id="1765" name="DuplicateAndLateResults_NeverPublishTwice_OrDecrementTwice" fullname="Zantetsu.MeshCut.Tests.LogicalCutLedgerTests.DuplicateAndLateResults_NeverPublishTwice_OrDecrementTwice" methodname="DuplicateAndLateResults_NeverPublishTwice_OrDecrementTwice" classname="Zantetsu.MeshCut.Tests.LogicalCutLedgerTests" runstate="Runnable" seed="2026656832" result="Passed" start-time="2026-09-23 22:41:55Z" end-time="2026-09-23 22:41:55Z" duration="0.000407" asserts="0">
                <properties>
                  <property name="retryIteration" value="0" />
                  <property name="repeatIteration" value="0" />
                </properties>
              </test-case>
              <test-case id="1781" name="DuplicatePreparation_PublicationAndTerminalNotices_ChangeNothingExtra" fullname="Zantetsu.MeshCut.Tests.LogicalCutLedgerTests.DuplicatePreparation_PublicationAndTerminalNotices_ChangeNothingExtra" methodname="DuplicatePreparation_PublicationAndTerminalNotices_ChangeNothingExtra" classname="Zantetsu.MeshCut.Tests.LogicalCutLedgerTests" runstate="Runnable" seed="1043480979" result="Passed" start-time="2026-09-23 22:41:55Z" end-time="2026-09-23 22:41:55Z" duration="0.000808" asserts="0">
                <properties>
                  <property name="retryIteration" value="0" />
                  <property name="repeatIteration" value="0" />
                </properties>
              </test-case>
              <test-case id="1784" name="EachChildNamesTheCutThatMadeIt_AndARootNamesNone" fullname="Zantetsu.MeshCut.Tests.LogicalCutLedgerTests.EachChildNamesTheCutThatMadeIt_AndARootNamesNone" methodname="EachChildNamesTheCutThatMadeIt_AndARootNamesNone" classname="Zantetsu.MeshCut.Tests.LogicalCutLedgerTests" runstate="Runnable" seed="1455388442" result="Passed" start-time="2026-09-23 22:41:55Z" end-time="2026-09-23 22:41:55Z" duration="0.000438" asserts="0">
                <properties>
                  <property name="retryIteration" value="0" />
                  <property name="repeatIteration" value="0" />
                </properties>
              </test-case>
              <test-case id="1769" name="Ids_AreNeverReused" fullname="Zantetsu.MeshCut.Tests.LogicalCutLedgerTests.Ids_AreNeverReused" methodname="Ids_AreNeverReused" classname="Zantetsu.MeshCut.Tests.LogicalCutLedgerTests" runstate="Runnable" seed="41379205" result="Passed" start-time="2026-09-23 22:41:55Z" end-time="2026-09-23 22:41:55Z" duration="0.000749" asserts="0">
                <properties>
                  <property name="retryIteration" value="0" />
                  <property name="repeatIteration" value="0" />
                </properties>
              </test-case>
              <test-case id="1756" name="LongLineage_KeepsIdsAnchorsAndStaleAuthorityAcrossHistoryGrowth" fullname="Zantetsu.MeshCut.Tests.LogicalCutLedgerTests.LongLineage_KeepsIdsAnchorsAndStaleAuthorityAcrossHistoryGrowth" methodname="LongLineage_KeepsIdsAnchorsAndStaleAuthorityAcrossHistoryGrowth" classname="Zantetsu.MeshCut.Tests.LogicalCutLedgerTests" runstate="Runnable" seed="1591625052" result="Passed" start-time="2026-09-23 22:41:55Z" end-time="2026-09-23 22:41:55Z" duration="0.004211" asserts="0">
                <properties>
                  <property name="retryIteration" value="0" />
                  <property name="repeatIteration" value="0" />
                </properties>
              </test-case>
              <test-case id="1762" name="TheBudget_IsSharedAcrossObjects_AndEachEndingReturnsItsUnitOnce" fullname="Zantetsu.MeshCut.Tests.LogicalCutLedgerTests.TheBudget_IsSharedAcrossObjects_AndEachEndingReturnsItsUnitOnce" methodname="TheBudget_IsSharedAcrossObjects_AndEachEndingReturnsItsUnitOnce" classname="Zantetsu.MeshCut.Tests.LogicalCutLedgerTests" runstate="Runnable" seed="1503133732" result="Passed" start-time="2026-09-23 22:41:55Z" end-time="2026-09-23 22:41:55Z" duration="0.000612" asserts="0">
                <properties>
                  <property name="retryIteration" value="0" />
                  <property name="repeatIteration" value="0" />
                </properties>
              </test-case>
              <test-case id="1763" name="TheBudget_IsUnchangedByPublication_AndComesDownOnceOnCompletionOrTermination" fullname="Zantetsu.MeshCut.Tests.LogicalCutLedgerTests.TheBudget_IsUnchangedByPublication_AndComesDownOnceOnCompletionOrTermination" methodname="TheBudget_IsUnchangedByPublication_AndComesDownOnceOnCompletionOrTermination" classname="Zantetsu.MeshCut.Tests.LogicalCutLedgerTests" runstate="Runnable" seed="2119949120" result="Passed" start-time="2026-09-23 22:41:55Z" end-time="2026-09-23 22:41:55Z" duration="0.000368" asserts="0">
                <properties>
                  <property name="retryIteration" value="0" />
                  <property name="repeatIteration" value="0" />
                </properties>
              </test-case>
              <test-case id="1772" name="TheLimit_MustBePositive_AndThePlaneFinite" fullname="Zantetsu.MeshCut.Tests.LogicalCutLedgerTests.TheLimit_MustBePositive_AndThePlaneFinite" methodname="TheLimit_MustBePositive_AndThePlaneFinite" classname="Zantetsu.MeshCut.Tests.LogicalCutLedgerTests" runstate="Runnable" seed="685072460" result="Passed" start-time="2026-09-23 22:41:55Z" end-time="2026-09-23 22:41:55Z" duration="0.001096" asserts="0">
                <properties>
                  <property name="retryIteration" value="0" />
                  <property name="repeatIteration" value="0" />
                </properties>
              </test-case>
              <test-case id="1786" name="TheOriginSurvivesCompletion_Termination_ARecut_AndARetirement" fullname="Zantetsu.MeshCut.Tests.LogicalCutLedgerTests.TheOriginSurvivesCompletion_Termination_ARecut_AndARetirement" methodname="TheOriginSurvivesCompletion_Termination_ARecut_AndARetirement" classname="Zantetsu.MeshCut.Tests.LogicalCutLedgerTests" runstate="Runnable" seed="873573755" result="Passed" start-time="2026-09-23 22:41:55Z" end-time="2026-09-23 22:41:55Z" duration="0.000468" asserts="0">
                <properties>
                  <property name="retryIteration" value="0" />
                  <property name="repeatIteration" value="0" />
                </properties>
              </test-case>
            </test-suite>
          </test-suite>
        </test-suite>
        <test-suite type="TestSuite" id="4822" name="PhysicsCut" fullname="Zantetsu.PhysicsCut" runstate="Runnable" testcasecount="266" result="Passed" start-time="2026-09-23 22:41:55Z" end-time="2026-09-23 22:42:09Z" duration="14.276138" total="266" passed="266" failed="0" inconclusive="0" skipped="0" asserts="0">
          <properties />
          <test-suite type="TestSuite" id="4823" name="Tests" fullname="Zantetsu.PhysicsCut.Tests" runstate="Runnable" testcasecount="266" result="Passed" start-time="2026-09-23 22:41:55Z" end-time="2026-09-23 22:42:09Z" duration="14.273048" total="266" passed="266" failed="0" inconclusive="0" skipped="0" asserts="0">
            <properties />
            <test-suite type="TestFixture" id="1401" name="CutFixtureTeardownTests" fullname="Zantetsu.PhysicsCut.Tests.CutFixtureTeardownTests" classname="Zantetsu.PhysicsCut.Tests.CutFixtureTeardownTests" runstate="Runnable" testcasecount="2" result="Passed" start-time="2026-09-23 22:41:55Z" end-time="2026-09-23 22:41:55Z" duration="0.007529" total="2" passed="2" failed="0" inconclusive="0" skipped="0" asserts="0">
              <properties />
              <test-case id="1402" name="AfterTheFirstFailure_NoLaterListIsTouched_AndWhatWasNotProcessedStays" fullname="Zantetsu.PhysicsCut.Tests.CutFixtureTeardownTests.AfterTheFirstFailure_NoLaterListIsTouched_AndWhatWasNotProcessedStays" methodname="AfterTheFirstFailure_NoLaterListIsTouched_AndWhatWasNotProcessedStays" classname="Zantetsu.PhysicsCut.Tests.CutFixtureTeardownTests" runstate="Runnable" seed="1596537151" result="Passed" start-time="2026-09-23 22:41:55Z" end-time="2026-09-23 22:41:55Z" duration="0.004999" asserts="0">
                <properties>
                  <property name="retryIteration" value="0" />
                  <property name="repeatIteration" value="0" />
                </properties>
              </test-case>
              <test-case id="1403" name="WithNoFailure_EveryListIsEmptiedInOrder_AndNothingIsReported" fullname="Zantetsu.PhysicsCut.Tests.CutFixtureTeardownTests.WithNoFailure_EveryListIsEmptiedInOrder_AndNothingIsReported" methodname="WithNoFailure_EveryListIsEmptiedInOrder_AndNothingIsReported" classname="Zantetsu.PhysicsCut.Tests.CutFixtureTeardownTests" runstate="Runnable" seed="1853552493" result="Passed" start-time="2026-09-23 22:41:55Z" end-time="2026-09-23 22:41:55Z" duration="0.000513" asserts="0">
                <properties>
                  <property name="retryIteration" value="0" />
                  <property name="repeatIteration" value="0" />
                </properties>
              </test-case>
            </test-suite>
            <test-suite type="ParameterizedFixture" id="1428" name="CutGeometryConnectionTests" fullname="Zantetsu.PhysicsCut.Tests.CutGeometryConnectionTests" runstate="Runnable" testcasecount="21" result="Passed" start-time="2026-09-23 22:41:55Z" end-time="2026-09-23 22:41:56Z" duration="1.148904" total="21" passed="21" failed="0" inconclusive="0" skipped="0" asserts="0">
              <properties />
              <test-suite type="TestFixture" id="1412" name="CutGeometryConnectionTests(0)" fullname="Zantetsu.PhysicsCut.Tests.CutGeometryConnectionTests(0)" classname="Zantetsu.PhysicsCut.Tests.CutGeometryConnectionTests" runstate="Runnable" testcasecount="7" result="Passed" start-time="2026-09-23 22:41:55Z" end-time="2026-09-23 22:41:56Z" duration="0.442525" total="7" passed="7" failed="0" inconclusive="0" skipped="0" asserts="0">
                <properties />
                <test-case id="1415" name="ACutOfAChild_WaitsForTheParentsCommit_AndIsSubmittedInThatSameUpdate" fullname="Zantetsu.PhysicsCut.Tests.CutGeometryConnectionTests(0).ACutOfAChild_WaitsForTheParentsCommit_AndIsSubmittedInThatSameUpdate" methodname="ACutOfAChild_WaitsForTheParentsCommit_AndIsSubmittedInThatSameUpdate" classname="Zantetsu.PhysicsCut.Tests.CutGeometryConnectionTests" runstate="Runnable" seed="2045986104" result="Passed" start-time="2026-09-23 22:41:55Z" end-time="2026-09-23 22:41:55Z" duration="0.164540" asserts="0">
                  <properties>
                    <property name="retryIteration" value="0" />
                    <property name="repeatIteration" value="0" />
                  </properties>
                  <output><![CDATA[CutFixtureEnding state=ReleasedSafely registration=Held | registration=Held driverAlive=True recordsListed=0 | S8: cookDrained=True dagDrained=True submitted=0 recoveryCount=0 | S8: stillListed=0 recordsOpen=0/0 requestsRunning=0/0 | workersStopped=True | S11: cookDrained=True dagDrained=True submitted=0 recoveryCount=0 | S11: stillListed=0 recordsOpen=0/0 requestsRunning=0/0 | released=[display,background,storage,harness]
]]></output>
                </test-case>
                <test-case id="1418" name="AResultCollectedInTheLastTurnOfTheFrame_IsHandedOverInThatSameUpdate" fullname="Zantetsu.PhysicsCut.Tests.CutGeometryConnectionTests(0).AResultCollectedInTheLastTurnOfTheFrame_IsHandedOverInThatSameUpdate" methodname="AResultCollectedInTheLastTurnOfTheFrame_IsHandedOverInThatSameUpdate" classname="Zantetsu.PhysicsCut.Tests.CutGeometryConnectionTests" runstate="Runnable" seed="2126993071" result="Passed" start-time="2026-09-23 22:41:55Z" end-time="2026-09-23 22:41:55Z" duration="0.109553" asserts="0">
                  <properties>
                    <property name="retryIteration" value="0" />
                    <property name="repeatIteration" value="0" />
                  </properties>
                  <output><![CDATA[CutFixtureEnding state=ReleasedSafely registration=Held | registration=Held driverAlive=True recordsListed=0 | S8: cookDrained=True dagDrained=True submitted=0 recoveryCount=0 | S8: stillListed=0 recordsOpen=0/0 requestsRunning=0/0 | workersStopped=True | S11: cookDrained=True dagDrained=True submitted=0 recoveryCount=0 | S11: stillListed=0 recordsOpen=0/0 requestsRunning=0/0 | released=[display,background,storage,harness]
]]></output>
                </test-case>
                <test-case id="1417" name="EndingACutWhoseGeometryIsNotCollected_CommitsNothing_AndGivesBothSidesBackOnce" fullname="Zantetsu.PhysicsCut.Tests.CutGeometryConnectionTests(0).EndingACutWhoseGeometryIsNotCollected_CommitsNothing_AndGivesBothSidesBackOnce" methodname="EndingACutWhoseGeometryIsNotCollected_CommitsNothing_AndGivesBothSidesBackOnce" classname="Zantetsu.PhysicsCut.Tests.CutGeometryConnectionTests" runstate="Runnable" seed="515824613" result="Passed" start-time="2026-09-23 22:41:55Z" end-time="2026-09-23 22:41:55Z" duration="0.030778" asserts="0">
                  <properties>
                    <property name="retryIteration" value="0" />
                    <property name="repeatIteration" value="0" />
                  </properties>
                  <output><![CDATA[CutFixtureEnding state=ReleasedSafely registration=Held | registration=Held driverAlive=True recordsListed=0 | S8: cookDrained=True dagDrained=True submitted=0 recoveryCount=0 | S8: stillListed=0 recordsOpen=0/0 requestsRunning=0/0 | workersStopped=True | S11: cookDrained=True dagDrained=True submitted=0 recoveryCount=0 | S11: stillListed=0 recordsOpen=0/0 requestsRunning=0/0 | released=[display,background,storage,harness]
]]></output>
                </test-case>
                <test-case id="1419" name="OneRequestLeavesOneOperationAndOneGeometryWork_AndANoOpLeavesNeither" fullname="Zantetsu.PhysicsCut.Tests.CutGeometryConnectionTests(0).OneRequestLeavesOneOperationAndOneGeometryWork_AndANoOpLeavesNeither" methodname="OneRequestLeavesOneOperationAndOneGeometryWork_AndANoOpLeavesNeither" classname="Zantetsu.PhysicsCut.Tests.CutGeometryConnectionTests" runstate="Runnable" seed="1427697539" result="Passed" start-time="2026-09-23 22:41:55Z" end-time="2026-09-23 22:41:55Z" duration="0.015142" asserts="0">
                  <properties>
                    <property name="retryIteration" value="0" />
                    <property name="repeatIteration" value="0" />
                  </properties>
                  <output><![CDATA[CutFixtureEnding state=ReleasedSafely registration=Held | registration=Held driverAlive=True recordsListed=1 | S8: cookDrained=True dagDrained=True submitted=0 recoveryCount=0 | S8: stillListed=0 recordsOpen=0/1 requestsRunning=0/1 | workersStopped=True | S11: cookDrained=True dagDrained=True submitted=0 recoveryCount=0 | S11: stillListed=0 recordsOpen=0/1 requestsRunning=0/1 | released=[display,background,storage,harness]
]]></output>
                </test-case>
                <test-case id="1413" name="TheGeometryArrivingLate_DoesNotHoldUpThePhysics_AndIsAppliedWhenItArrives" fullname="Zantetsu.PhysicsCut.Tests.CutGeometryConnectionTests(0).TheGeometryArrivingLate_DoesNotHoldUpThePhysics_AndIsAppliedWhenItArrives" methodname="TheGeometryArrivingLate_DoesNotHoldUpThePhysics_AndIsAppliedWhenItArrives" classname="Zantetsu.PhysicsCut.Tests.CutGeometryConnectionTests" runstate="Runnable" seed="1169720801" result="Passed" start-time="2026-09-23 22:41:55Z" end-time="2026-09-23 22:41:55Z" duration="0.044971" asserts="0">
                  <properties>
                    <property name="retryIteration" value="0" />
                    <property name="repeatIteration" value="0" />
                  </properties>
                  <output><![CDATA[CutFixtureEnding state=ReleasedSafely registration=Held | registration=Held driverAlive=True recordsListed=0 | S8: cookDrained=True dagDrained=True submitted=0 recoveryCount=0 | S8: stillListed=0 recordsOpen=0/0 requestsRunning=0/0 | workersStopped=True | S11: cookDrained=True dagDrained=True submitted=0 recoveryCount=0 | S11: stillListed=0 recordsOpen=0/0 requestsRunning=0/0 | released=[display,background,storage,harness]
]]></output>
                </test-case>
                <test-case id="1414" name="TheGeometryFinishingFirst_IsNotCommittedUntilTheChildrenArePublished" fullname="Zantetsu.PhysicsCut.Tests.CutGeometryConnectionTests(0).TheGeometryFinishingFirst_IsNotCommittedUntilTheChildrenArePublished" methodname="TheGeometryFinishingFirst_IsNotCommittedUntilTheChildrenArePublished" classname="Zantetsu.PhysicsCut.Tests.CutGeometryConnectionTests" runstate="Runnable" seed="1951382443" result="Passed" start-time="2026-09-23 22:41:55Z" end-time="2026-09-23 22:41:55Z" duration="0.029263" asserts="0">
                  <properties>
                    <property name="retryIteration" value="0" />
                    <property name="repeatIteration" value="0" />
                  </properties>
                  <output><![CDATA[CutFixtureEnding state=ReleasedSafely registration=Held | registration=Held driverAlive=True recordsListed=0 | S8: cookDrained=True dagDrained=True submitted=0 recoveryCount=0 | S8: stillListed=0 recordsOpen=0/0 requestsRunning=0/0 | workersStopped=True | S11: cookDrained=True dagDrained=True submitted=0 recoveryCount=0 | S11: stillListed=0 recordsOpen=0/0 requestsRunning=0/0 | released=[display,background,storage,harness]
]]></output>
                </test-case>
                <test-case id="1416" name="WhatIsDrawn_FollowsTheRealActors_BeforeAndAfterTheCommit" fullname="Zantetsu.PhysicsCut.Tests.CutGeometryConnectionTests(0).WhatIsDrawn_FollowsTheRealActors_BeforeAndAfterTheCommit" methodname="WhatIsDrawn_FollowsTheRealActors_BeforeAndAfterTheCommit" classname="Zantetsu.PhysicsCut.Tests.CutGeometryConnectionTests" runstate="Runnable" seed="1839497625" result="Passed" start-time="2026-09-23 22:41:55Z" end-time="2026-09-23 22:41:56Z" duration="0.046073" asserts="0">
                  <properties>
                    <property name="retryIteration" value="0" />
                    <property name="repeatIteration" value="0" />
                  </properties>
                  <output><![CDATA[CutFixtureEnding state=ReleasedSafely registration=Held | registration=Held driverAlive=True recordsListed=0 | S8: cookDrained=True dagDrained=True submitted=0 recoveryCount=0 | S8: stillListed=0 recordsOpen=0/0 requestsRunning=0/0 | workersStopped=True | S11: cookDrained=True dagDrained=True submitted=0 recoveryCount=0 | S11: stillListed=0 recordsOpen=0/0 requestsRunning=0/0 | released=[display,background,storage,harness]
]]></output>
                </test-case>
              </test-suite>
              <test-suite type="TestFixture" id="1404" name="CutGeometryConnectionTests(-1)" fullname="Zantetsu.PhysicsCut.Tests.CutGeometryConnectionTests(-1)" classname="Zantetsu.PhysicsCut.Tests.CutGeometryConnectionTests" runstate="Runnable" testcasecount="7" result="Passed" start-time="2026-09-23 22:41:56Z" end-time="2026-09-23 22:41:56Z" duration="0.342840" total="7" passed="7" failed="0" inconclusive="0" skipped="0" asserts="0">
                <properties />
                <test-case id="1407" name="ACutOfAChild_WaitsForTheParentsCommit_AndIsSubmittedInThatSameUpdate" fullname="Zantetsu.PhysicsCut.Tests.CutGeometryConnectionTests(-1).ACutOfAChild_WaitsForTheParentsCommit_AndIsSubmittedInThatSameUpdate" methodname="ACutOfAChild_WaitsForTheParentsCommit_AndIsSubmittedInThatSameUpdate" classname="Zantetsu.PhysicsCut.Tests.CutGeometryConnectionTests" runstate="Runnable" seed="838600896" result="Passed" start-time="2026-09-23 22:41:56Z" end-time="2026-09-23 22:41:56Z" duration="0.072303" asserts="0">
                  <properties>
                    <property name="retryIteration" value="0" />
                    <property name="repeatIteration" value="0" />
                  </properties>
                  <output><![CDATA[CutFixtureEnding state=ReleasedSafely registration=Held | registration=Held driverAlive=True recordsListed=0 | S8: cookDrained=True dagDrained=True submitted=0 recoveryCount=0 | S8: stillListed=0 recordsOpen=0/0 requestsRunning=0/0 | workersStopped=True | S11: cookDrained=True dagDrained=True submitted=0 recoveryCount=0 | S11: stillListed=0 recordsOpen=0/0 requestsRunning=0/0 | released=[display,background,storage,harness]
]]></output>
                </test-case>
                <test-case id="1410" name="AResultCollectedInTheLastTurnOfTheFrame_IsHandedOverInThatSameUpdate" fullname="Zantetsu.PhysicsCut.Tests.CutGeometryConnectionTests(-1).AResultCollectedInTheLastTurnOfTheFrame_IsHandedOverInThatSameUpdate" methodname="AResultCollectedInTheLastTurnOfTheFrame_IsHandedOverInThatSameUpdate" classname="Zantetsu.PhysicsCut.Tests.CutGeometryConnectionTests" runstate="Runnable" seed="467913878" result="Passed" start-time="2026-09-23 22:41:56Z" end-time="2026-09-23 22:41:56Z" duration="0.105242" asserts="0">
                  <properties>
                    <property name="retryIteration" value="0" />
                    <property name="repeatIteration" value="0" />
                  </properties>
                  <output><![CDATA[CutFixtureEnding state=ReleasedSafely registration=Held | registration=Held driverAlive=True recordsListed=0 | S8: cookDrained=True dagDrained=True submitted=0 recoveryCount=0 | S8: stillListed=0 recordsOpen=0/0 requestsRunning=0/0 | workersStopped=True | S11: cookDrained=True dagDrained=True submitted=0 recoveryCount=0 | S11: stillListed=0 recordsOpen=0/0 requestsRunning=0/0 | released=[display,background,storage,harness]
]]></output>
                </test-case>
                <test-case id="1409" name="EndingACutWhoseGeometryIsNotCollected_CommitsNothing_AndGivesBothSidesBackOnce" fullname="Zantetsu.PhysicsCut.Tests.CutGeometryConnectionTests(-1).EndingACutWhoseGeometryIsNotCollected_CommitsNothing_AndGivesBothSidesBackOnce" methodname="EndingACutWhoseGeometryIsNotCollected_CommitsNothing_AndGivesBothSidesBackOnce" classname="Zantetsu.PhysicsCut.Tests.CutGeometryConnectionTests" runstate="Runnable" seed="814496607" result="Passed" start-time="2026-09-23 22:41:56Z" end-time="2026-09-23 22:41:56Z" duration="0.029788" asserts="0">
                  <properties>
                    <property name="retryIteration" value="0" />
                    <property name="repeatIteration" value="0" />
                  </properties>
                  <output><![CDATA[CutFixtureEnding state=ReleasedSafely registration=Held | registration=Held driverAlive=True recordsListed=0 | S8: cookDrained=True dagDrained=True submitted=0 recoveryCount=0 | S8: stillListed=0 recordsOpen=0/0 requestsRunning=0/0 | workersStopped=True | S11: cookDrained=True dagDrained=True submitted=0 recoveryCount=0 | S11: stillListed=0 recordsOpen=0/0 requestsRunning=0/0 | released=[display,background,storage,harness]
]]></output>
                </test-case>
                <test-case id="1411" name="OneRequestLeavesOneOperationAndOneGeometryWork_AndANoOpLeavesNeither" fullname="Zantetsu.PhysicsCut.Tests.CutGeometryConnectionTests(-1).OneRequestLeavesOneOperationAndOneGeometryWork_AndANoOpLeavesNeither" methodname="OneRequestLeavesOneOperationAndOneGeometryWork_AndANoOpLeavesNeither" classname="Zantetsu.PhysicsCut.Tests.CutGeometryConnectionTests" runstate="Runnable" seed="1373295258" result="Passed" start-time="2026-09-23 22:41:56Z" end-time="2026-09-23 22:41:56Z" duration="0.014830" asserts="0">
                  <properties>
                    <property name="retryIteration" value="0" />
                    <property name="repeatIteration" value="0" />
                  </properties>
                  <output><![CDATA[CutFixtureEnding state=ReleasedSafely registration=Held | registration=Held driverAlive=True recordsListed=1 | S8: cookDrained=True dagDrained=True submitted=0 recoveryCount=0 | S8: stillListed=0 recordsOpen=0/1 requestsRunning=0/1 | workersStopped=True | S11: cookDrained=True dagDrained=True submitted=0 recoveryCount=0 | S11: stillListed=0 recordsOpen=0/1 requestsRunning=0/1 | released=[display,background,storage,harness]
]]></output>
                </test-case>
                <test-case id="1405" name="TheGeometryArrivingLate_DoesNotHoldUpThePhysics_AndIsAppliedWhenItArrives" fullname="Zantetsu.PhysicsCut.Tests.CutGeometryConnectionTests(-1).TheGeometryArrivingLate_DoesNotHoldUpThePhysics_AndIsAppliedWhenItArrives" methodname="TheGeometryArrivingLate_DoesNotHoldUpThePhysics_AndIsAppliedWhenItArrives" classname="Zantetsu.PhysicsCut.Tests.CutGeometryConnectionTests" runstate="Runnable" seed="2102122900" result="Passed" start-time="2026-09-23 22:41:56Z" end-time="2026-09-23 22:41:56Z" duration="0.044571" asserts="0">
                  <properties>
                    <property name="retryIteration" value="0" />
                    <property name="repeatIteration" value="0" />
                  </properties>
                  <output><![CDATA[CutFixtureEnding state=ReleasedSafely registration=Held | registration=Held driverAlive=True recordsListed=0 | S8: cookDrained=True dagDrained=True submitted=0 recoveryCount=0 | S8: stillListed=0 recordsOpen=0/0 requestsRunning=0/0 | workersStopped=True | S11: cookDrained=True dagDrained=True submitted=0 recoveryCount=0 | S11: stillListed=0 recordsOpen=0/0 requestsRunning=0/0 | released=[display,background,storage,harness]
]]></output>
                </test-case>
                <test-case id="1406" name="TheGeometryFinishingFirst_IsNotCommittedUntilTheChildrenArePublished" fullname="Zantetsu.PhysicsCut.Tests.CutGeometryConnectionTests(-1).TheGeometryFinishingFirst_IsNotCommittedUntilTheChildrenArePublished" methodname="TheGeometryFinishingFirst_IsNotCommittedUntilTheChildrenArePublished" classname="Zantetsu.PhysicsCut.Tests.CutGeometryConnectionTests" runstate="Runnable" seed="1789871428" result="Passed" start-time="2026-09-23 22:41:56Z" end-time="2026-09-23 22:41:56Z" duration="0.029523" asserts="0">
                  <properties>
                    <property name="retryIteration" value="0" />
                    <property name="repeatIteration" value="0" />
                  </properties>
                  <output><![CDATA[CutFixtureEnding state=ReleasedSafely registration=Held | registration=Held driverAlive=True recordsListed=0 | S8: cookDrained=True dagDrained=True submitted=0 recoveryCount=0 | S8: stillListed=0 recordsOpen=0/0 requestsRunning=0/0 | workersStopped=True | S11: cookDrained=True dagDrained=True submitted=0 recoveryCount=0 | S11: stillListed=0 recordsOpen=0/0 requestsRunning=0/0 | released=[display,background,storage,harness]
]]></output>
                </test-case>
                <test-case id="1408" name="WhatIsDrawn_FollowsTheRealActors_BeforeAndAfterTheCommit" fullname="Zantetsu.PhysicsCut.Tests.CutGeometryConnectionTests(-1).WhatIsDrawn_FollowsTheRealActors_BeforeAndAfterTheCommit" methodname="WhatIsDrawn_FollowsTheRealActors_BeforeAndAfterTheCommit" classname="Zantetsu.PhysicsCut.Tests.CutGeometryConnectionTests" runstate="Runnable" seed="106797311" result="Passed" start-time="2026-09-23 22:41:56Z" end-time="2026-09-23 22:41:56Z" duration="0.044949" asserts="0">
                  <properties>
                    <property name="retryIteration" value="0" />
                    <property name="repeatIteration" value="0" />
                  </properties>
                  <output><![CDATA[CutFixtureEnding state=ReleasedSafely registration=Held | registration=Held driverAlive=True recordsListed=0 | S8: cookDrained=True dagDrained=True submitted=0 recoveryCount=0 | S8: stillListed=0 recordsOpen=0/0 requestsRunning=0/0 | workersStopped=True | S11: cookDrained=True dagDrained=True submitted=0 recoveryCount=0 | S11: stillListed=0 recordsOpen=0/0 requestsRunning=0/0 | released=[display,background,storage,harness]
]]></output>
                </test-case>
              </test-suite>
              <test-suite type="TestFixture" id="1420" name="CutGeometryConnectionTests(205)" fullname="Zantetsu.PhysicsCut.Tests.CutGeometryConnectionTests(205)" classname="Zantetsu.PhysicsCut.Tests.CutGeometryConnectionTests" runstate="Runnable" testcasecount="7" result="Passed" start-time="2026-09-23 22:41:56Z" end-time="2026-09-23 22:41:56Z" duration="0.361988" total="7" passed="7" failed="0" inconclusive="0" skipped="0" asserts="0">
                <properties />
                <test-case id="1423" name="ACutOfAChild_WaitsForTheParentsCommit_AndIsSubmittedInThatSameUpdate" fullname="Zantetsu.PhysicsCut.Tests.CutGeometryConnectionTests(205).ACutOfAChild_WaitsForTheParentsCommit_AndIsSubmittedInThatSameUpdate" methodname="ACutOfAChild_WaitsForTheParentsCommit_AndIsSubmittedInThatSameUpdate" classname="Zantetsu.PhysicsCut.Tests.CutGeometryConnectionTests" runstate="Runnable" seed="1254842610" result="Passed" start-time="2026-09-23 22:41:56Z" end-time="2026-09-23 22:41:56Z" duration="0.074290" asserts="0">
                  <properties>
                    <property name="retryIteration" value="0" />
                    <property name="repeatIteration" value="0" />
                  </properties>
                  <output><![CDATA[CutFixtureEnding state=ReleasedSafely registration=Held | registration=Held driverAlive=True recordsListed=0 | S8: cookDrained=True dagDrained=True submitted=0 recoveryCount=0 | S8: stillListed=0 recordsOpen=0/0 requestsRunning=0/0 | workersStopped=True | S11: cookDrained=True dagDrained=True submitted=0 recoveryCount=0 | S11: stillListed=0 recordsOpen=0/0 requestsRunning=0/0 | released=[display,background,storage,harness]
]]></output>
                </test-case>
                <test-case id="1426" name="AResultCollectedInTheLastTurnOfTheFrame_IsHandedOverInThatSameUpdate" fullname="Zantetsu.PhysicsCut.Tests.CutGeometryConnectionTests(205).AResultCollectedInTheLastTurnOfTheFrame_IsHandedOverInThatSameUpdate" methodname="AResultCollectedInTheLastTurnOfTheFrame_IsHandedOverInThatSameUpdate" classname="Zantetsu.PhysicsCut.Tests.CutGeometryConnectionTests" runstate="Runnable" seed="379360228" result="Passed" start-time="2026-09-23 22:41:56Z" end-time="2026-09-23 22:41:56Z" duration="0.121133" asserts="0">
                  <properties>
                    <property name="retryIteration" value="0" />
                    <property name="repeatIteration" value="0" />
                  </properties>
                  <output><![CDATA[CutFixtureEnding state=ReleasedSafely registration=Held | registration=Held driverAlive=True recordsListed=0 | S8: cookDrained=True dagDrained=True submitted=0 recoveryCount=0 | S8: stillListed=0 recordsOpen=0/0 requestsRunning=0/0 | workersStopped=True | S11: cookDrained=True dagDrained=True submitted=0 recoveryCount=0 | S11: stillListed=0 recordsOpen=0/0 requestsRunning=0/0 | released=[display,background,storage,harness]
]]></output>
                </test-case>
                <test-case id="1425" name="EndingACutWhoseGeometryIsNotCollected_CommitsNothing_AndGivesBothSidesBackOnce" fullname="Zantetsu.PhysicsCut.Tests.CutGeometryConnectionTests(205).EndingACutWhoseGeometryIsNotCollected_CommitsNothing_AndGivesBothSidesBackOnce" methodname="EndingACutWhoseGeometryIsNotCollected_CommitsNothing_AndGivesBothSidesBackOnce" classname="Zantetsu.PhysicsCut.Tests.CutGeometryConnectionTests" runstate="Runnable" seed="950455982" result="Passed" start-time="2026-09-23 22:41:56Z" end-time="2026-09-23 22:41:56Z" duration="0.029186" asserts="0">
                  <properties>
                    <property name="retryIteration" value="0" />
                    <property name="repeatIteration" value="0" />
                  </properties>
                  <output><![CDATA[CutFixtureEnding state=ReleasedSafely registration=Held | registration=Held driverAlive=True recordsListed=0 | S8: cookDrained=True dagDrained=True submitted=0 recoveryCount=0 | S8: stillListed=0 recordsOpen=0/0 requestsRunning=0/0 | workersStopped=True | S11: cookDrained=True dagDrained=True submitted=0 recoveryCount=0 | S11: stillListed=0 recordsOpen=0/0 requestsRunning=0/0 | released=[display,background,storage,harness]
]]></output>
                </test-case>
                <test-case id="1427" name="OneRequestLeavesOneOperationAndOneGeometryWork_AndANoOpLeavesNeither" fullname="Zantetsu.PhysicsCut.Tests.CutGeometryConnectionTests(205).OneRequestLeavesOneOperationAndOneGeometryWork_AndANoOpLeavesNeither" methodname="OneRequestLeavesOneOperationAndOneGeometryWork_AndANoOpLeavesNeither" classname="Zantetsu.PhysicsCut.Tests.CutGeometryConnectionTests" runstate="Runnable" seed="602013398" result="Passed" start-time="2026-09-23 22:41:56Z" end-time="2026-09-23 22:41:56Z" duration="0.014777" asserts="0">
                  <properties>
                    <property name="retryIteration" value="0" />
                    <property name="repeatIteration" value="0" />
                  </properties>
                  <output><![CDATA[CutFixtureEnding state=ReleasedSafely registration=Held | registration=Held driverAlive=True recordsListed=1 | S8: cookDrained=True dagDrained=True submitted=0 recoveryCount=0 | S8: stillListed=0 recordsOpen=0/1 requestsRunning=0/1 | workersStopped=True | S11: cookDrained=True dagDrained=True submitted=0 recoveryCount=0 | S11: stillListed=0 recordsOpen=0/1 requestsRunning=0/1 | released=[display,background,storage,harness]
]]></output>
                </test-case>
                <test-case id="1421" name="TheGeometryArrivingLate_DoesNotHoldUpThePhysics_AndIsAppliedWhenItArrives" fullname="Zantetsu.PhysicsCut.Tests.CutGeometryConnectionTests(205).TheGeometryArrivingLate_DoesNotHoldUpThePhysics_AndIsAppliedWhenItArrives" methodname="TheGeometryArrivingLate_DoesNotHoldUpThePhysics_AndIsAppliedWhenItArrives" classname="Zantetsu.PhysicsCut.Tests.CutGeometryConnectionTests" runstate="Runnable" seed="1540974386" result="Passed" start-time="2026-09-23 22:41:56Z" end-time="2026-09-23 22:41:56Z" duration="0.044978" asserts="0">
                  <properties>
                    <property name="retryIteration" value="0" />
                    <property name="repeatIteration" value="0" />
                  </properties>
                  <output><![CDATA[CutFixtureEnding state=ReleasedSafely registration=Held | registration=Held driverAlive=True recordsListed=0 | S8: cookDrained=True dagDrained=True submitted=0 recoveryCount=0 | S8: stillListed=0 recordsOpen=0/0 requestsRunning=0/0 | workersStopped=True | S11: cookDrained=True dagDrained=True submitted=0 recoveryCount=0 | S11: stillListed=0 recordsOpen=0/0 requestsRunning=0/0 | released=[display,background,storage,harness]
]]></output>
                </test-case>
                <test-case id="1422" name="TheGeometryFinishingFirst_IsNotCommittedUntilTheChildrenArePublished" fullname="Zantetsu.PhysicsCut.Tests.CutGeometryConnectionTests(205).TheGeometryFinishingFirst_IsNotCommittedUntilTheChildrenArePublished" methodname="TheGeometryFinishingFirst_IsNotCommittedUntilTheChildrenArePublished" classname="Zantetsu.PhysicsCut.Tests.CutGeometryConnectionTests" runstate="Runnable" seed="2087438747" result="Passed" start-time="2026-09-23 22:41:56Z" end-time="2026-09-23 22:41:56Z" duration="0.029921" asserts="0">
                  <properties>
                    <property name="retryIteration" value="0" />
                    <property name="repeatIteration" value="0" />
                  </properties>
                  <output><![CDATA[CutFixtureEnding state=ReleasedSafely registration=Held | registration=Held driverAlive=True recordsListed=0 | S8: cookDrained=True dagDrained=True submitted=0 recoveryCount=0 | S8: stillListed=0 recordsOpen=0/0 requestsRunning=0/0 | workersStopped=True | S11: cookDrained=True dagDrained=True submitted=0 recoveryCount=0 | S11: stillListed=0 recordsOpen=0/0 requestsRunning=0/0 | released=[display,background,storage,harness]
]]></output>
                </test-case>
                <test-case id="1424" name="WhatIsDrawn_FollowsTheRealActors_BeforeAndAfterTheCommit" fullname="Zantetsu.PhysicsCut.Tests.CutGeometryConnectionTests(205).WhatIsDrawn_FollowsTheRealActors_BeforeAndAfterTheCommit" methodname="WhatIsDrawn_FollowsTheRealActors_BeforeAndAfterTheCommit" classname="Zantetsu.PhysicsCut.Tests.CutGeometryConnectionTests" runstate="Runnable" seed="1353708154" result="Passed" start-time="2026-09-23 22:41:56Z" end-time="2026-09-23 22:41:56Z" duration="0.045985" asserts="0">
                  <properties>
                    <property name="retryIteration" value="0" />
                    <property name="repeatIteration" value="0" />
                  </properties>
                  <output><![CDATA[CutFixtureEnding state=ReleasedSafely registration=Held | registration=Held driverAlive=True recordsListed=0 | S8: cookDrained=True dagDrained=True submitted=0 recoveryCount=0 | S8: stillListed=0 recordsOpen=0/0 requestsRunning=0/0 | workersStopped=True | S11: cookDrained=True dagDrained=True submitted=0 recoveryCount=0 | S11: stillListed=0 recordsOpen=0/0 requestsRunning=0/0 | released=[display,background,storage,harness]
]]></output>
                </test-case>
              </test-suite>
            </test-suite>
            <test-suite type="TestFixture" id="1429" name="FinalPhysicsPublicationTests" fullname="Zantetsu.PhysicsCut.Tests.FinalPhysicsPublicationTests" classname="Zantetsu.PhysicsCut.Tests.FinalPhysicsPublicationTests" runstate="Runnable" testcasecount="24" result="Passed" start-time="2026-09-23 22:41:56Z" end-time="2026-09-23 22:41:59Z" duration="3.241385" total="24" passed="24" failed="0" inconclusive="0" skipped="0" asserts="0">
              <properties />
              <test-case id="1436" name="ACallThatNamesAnotherFragment_IsRefused" fullname="Zantetsu.PhysicsCut.Tests.FinalPhysicsPublicationTests.ACallThatNamesAnotherFragment_IsRefused" methodname="ACallThatNamesAnotherFragment_IsRefused" classname="Zantetsu.PhysicsCut.Tests.FinalPhysicsPublicationTests" runstate="Runnable" seed="2034949781" result="Passed" start-time="2026-09-23 22:41:56Z" end-time="2026-09-23 22:41:56Z" duration="0.105107" asserts="0">
                <properties>
                  <property name="retryIteration" value="0" />
                  <property name="repeatIteration" value="0" />
                </properties>
              </test-case>
              <test-case id="1447" name="ADisplayFrameOffsetFromTheOwner_IsCarriedExactlyOnce" fullname="Zantetsu.PhysicsCut.Tests.FinalPhysicsPublicationTests.ADisplayFrameOffsetFromTheOwner_IsCarriedExactlyOnce" methodname="ADisplayFrameOffsetFromTheOwner_IsCarriedExactlyOnce" classname="Zantetsu.PhysicsCut.Tests.FinalPhysicsPublicationTests" runstate="Runnable" seed="259096854" result="Passed" start-time="2026-09-23 22:41:56Z" end-time="2026-09-23 22:41:56Z" duration="0.103519" asserts="0">
                <properties>
                  <property name="retryIteration" value="0" />
                  <property name="repeatIteration" value="0" />
                </properties>
              </test-case>
              <test-case id="1448" name="AfterASecondCutAndARealCommit_TheLivingDescendantsFollowWithoutTheReplacedOwner" fullname="Zantetsu.PhysicsCut.Tests.FinalPhysicsPublicationTests.AfterASecondCutAndARealCommit_TheLivingDescendantsFollowWithoutTheReplacedOwner" methodname="AfterASecondCutAndARealCommit_TheLivingDescendantsFollowWithoutTheReplacedOwner" classname="Zantetsu.PhysicsCut.Tests.FinalPhysicsPublicationTests" runstate="Runnable" seed="584375639" result="Passed" start-time="2026-09-23 22:41:56Z" end-time="2026-09-23 22:41:57Z" duration="0.183144" asserts="0">
                <properties>
                  <property name="retryIteration" value="0" />
                  <property name="repeatIteration" value="0" />
                </properties>
              </test-case>
              <test-case id="1453" name="AfterTheSwitch_TheOwnersAreWhatThePhysicsSceneHas" fullname="Zantetsu.PhysicsCut.Tests.FinalPhysicsPublicationTests.AfterTheSwitch_TheOwnersAreWhatThePhysicsSceneHas" methodname="AfterTheSwitch_TheOwnersAreWhatThePhysicsSceneHas" classname="Zantetsu.PhysicsCut.Tests.FinalPhysicsPublicationTests" runstate="Runnable" seed="607426827" result="Passed" start-time="2026-09-23 22:41:57Z" end-time="2026-09-23 22:41:57Z" duration="0.104059" asserts="0">
                <properties>
                  <property name="retryIteration" value="0" />
                  <property name="repeatIteration" value="0" />
                </properties>
              </test-case>
              <test-case id="1449" name="ALedgerRefusalAndAOneSidedRetirement_LeaveTheOtherCorrespondenceAlone" fullname="Zantetsu.PhysicsCut.Tests.FinalPhysicsPublicationTests.ALedgerRefusalAndAOneSidedRetirement_LeaveTheOtherCorrespondenceAlone" methodname="ALedgerRefusalAndAOneSidedRetirement_LeaveTheOtherCorrespondenceAlone" classname="Zantetsu.PhysicsCut.Tests.FinalPhysicsPublicationTests" runstate="Runnable" seed="1641022403" result="Passed" start-time="2026-09-23 22:41:57Z" end-time="2026-09-23 22:41:57Z" duration="0.208937" asserts="0">
                <properties>
                  <property name="retryIteration" value="0" />
                  <property name="repeatIteration" value="0" />
                </properties>
              </test-case>
              <test-case id="1452" name="AnAggregateWhoseRootWasPublishedAway_IsCollectedAndFollowsItsFirstBranch" fullname="Zantetsu.PhysicsCut.Tests.FinalPhysicsPublicationTests.AnAggregateWhoseRootWasPublishedAway_IsCollectedAndFollowsItsFirstBranch" methodname="AnAggregateWhoseRootWasPublishedAway_IsCollectedAndFollowsItsFirstBranch" classname="Zantetsu.PhysicsCut.Tests.FinalPhysicsPublicationTests" runstate="Runnable" seed="1409078097" result="Passed" start-time="2026-09-23 22:41:57Z" end-time="2026-09-23 22:41:58Z" duration="0.812268" asserts="0">
                <properties>
                  <property name="retryIteration" value="0" />
                  <property name="repeatIteration" value="0" />
                </properties>
              </test-case>
              <test-case id="1450" name="AnArrangementIsAnAnswerAndAGapIsNot" fullname="Zantetsu.PhysicsCut.Tests.FinalPhysicsPublicationTests.AnArrangementIsAnAnswerAndAGapIsNot" methodname="AnArrangementIsAnAnswerAndAGapIsNot" classname="Zantetsu.PhysicsCut.Tests.FinalPhysicsPublicationTests" runstate="Runnable" seed="374131905" result="Passed" start-time="2026-09-23 22:41:58Z" end-time="2026-09-23 22:41:58Z" duration="0.028504" asserts="0">
                <properties>
                  <property name="retryIteration" value="0" />
                  <property name="repeatIteration" value="0" />
                </properties>
              </test-case>
              <test-case id="1439" name="AnExceptionAfterThePublication_IsNotAnOrdinaryFailure" fullname="Zantetsu.PhysicsCut.Tests.FinalPhysicsPublicationTests.AnExceptionAfterThePublication_IsNotAnOrdinaryFailure" methodname="AnExceptionAfterThePublication_IsNotAnOrdinaryFailure" classname="Zantetsu.PhysicsCut.Tests.FinalPhysicsPublicationTests" runstate="Runnable" seed="942709801" result="Passed" start-time="2026-09-23 22:41:58Z" end-time="2026-09-23 22:41:58Z" duration="0.106139" asserts="0">
                <properties>
                  <property name="retryIteration" value="0" />
                  <property name="repeatIteration" value="0" />
                </properties>
              </test-case>
              <test-case id="1441" name="AnInFlightCutOfAnOwner_KeepsItsBankUntilTheWorkIsCollected" fullname="Zantetsu.PhysicsCut.Tests.FinalPhysicsPublicationTests.AnInFlightCutOfAnOwner_KeepsItsBankUntilTheWorkIsCollected" methodname="AnInFlightCutOfAnOwner_KeepsItsBankUntilTheWorkIsCollected" classname="Zantetsu.PhysicsCut.Tests.FinalPhysicsPublicationTests" runstate="Runnable" seed="1608261236" result="Passed" start-time="2026-09-23 22:41:58Z" end-time="2026-09-23 22:41:58Z" duration="0.060251" asserts="0">
                <properties>
                  <property name="retryIteration" value="0" />
                  <property name="repeatIteration" value="0" />
                </properties>
              </test-case>
              <test-case id="1442" name="AnInheritedShape_OutlivesTheSourceAndARetiredSibling" fullname="Zantetsu.PhysicsCut.Tests.FinalPhysicsPublicationTests.AnInheritedShape_OutlivesTheSourceAndARetiredSibling" methodname="AnInheritedShape_OutlivesTheSourceAndARetiredSibling" classname="Zantetsu.PhysicsCut.Tests.FinalPhysicsPublicationTests" runstate="Runnable" seed="101957852" result="Passed" start-time="2026-09-23 22:41:58Z" end-time="2026-09-23 22:41:58Z" duration="0.106818" asserts="0">
                <properties>
                  <property name="retryIteration" value="0" />
                  <property name="repeatIteration" value="0" />
                </properties>
              </test-case>
              <test-case id="1437" name="AnOwnerReplacedAfterAdmission_IsNotGivenTheOldResult" fullname="Zantetsu.PhysicsCut.Tests.FinalPhysicsPublicationTests.AnOwnerReplacedAfterAdmission_IsNotGivenTheOldResult" methodname="AnOwnerReplacedAfterAdmission_IsNotGivenTheOldResult" classname="Zantetsu.PhysicsCut.Tests.FinalPhysicsPublicationTests" runstate="Runnable" seed="276616276" result="Passed" start-time="2026-09-23 22:41:58Z" end-time="2026-09-23 22:41:58Z" duration="0.105600" asserts="0">
                <properties>
                  <property name="retryIteration" value="0" />
                  <property name="repeatIteration" value="0" />
                </properties>
              </test-case>
              <test-case id="1451" name="AnOwnerThatMovesAfterTheCollection_ChangesNothingUntilTheNextOne" fullname="Zantetsu.PhysicsCut.Tests.FinalPhysicsPublicationTests.AnOwnerThatMovesAfterTheCollection_ChangesNothingUntilTheNextOne" methodname="AnOwnerThatMovesAfterTheCollection_ChangesNothingUntilTheNextOne" classname="Zantetsu.PhysicsCut.Tests.FinalPhysicsPublicationTests" runstate="Runnable" seed="2016254613" result="Passed" start-time="2026-09-23 22:41:58Z" end-time="2026-09-23 22:41:58Z" duration="0.106690" asserts="0">
                <properties>
                  <property name="retryIteration" value="0" />
                  <property name="repeatIteration" value="0" />
                </properties>
              </test-case>
              <test-case id="1433" name="AnUnpreparedDistribution_RefusesBeforeThePhysicsIsTouched" fullname="Zantetsu.PhysicsCut.Tests.FinalPhysicsPublicationTests.AnUnpreparedDistribution_RefusesBeforeThePhysicsIsTouched" methodname="AnUnpreparedDistribution_RefusesBeforeThePhysicsIsTouched" classname="Zantetsu.PhysicsCut.Tests.FinalPhysicsPublicationTests" runstate="Runnable" seed="121361514" result="Passed" start-time="2026-09-23 22:41:58Z" end-time="2026-09-23 22:41:58Z" duration="0.104597" asserts="0">
                <properties>
                  <property name="retryIteration" value="0" />
                  <property name="repeatIteration" value="0" />
                </properties>
              </test-case>
              <test-case id="1443" name="APublishedChild_CanBeCutAgainFromItsOwnPhysics" fullname="Zantetsu.PhysicsCut.Tests.FinalPhysicsPublicationTests.APublishedChild_CanBeCutAgainFromItsOwnPhysics" methodname="APublishedChild_CanBeCutAgainFromItsOwnPhysics" classname="Zantetsu.PhysicsCut.Tests.FinalPhysicsPublicationTests" runstate="Runnable" seed="824199166" result="Passed" start-time="2026-09-23 22:41:58Z" end-time="2026-09-23 22:41:58Z" duration="0.151527" asserts="0">
                <properties>
                  <property name="retryIteration" value="0" />
                  <property name="repeatIteration" value="0" />
                </properties>
              </test-case>
              <test-case id="1438" name="AReplacedOwnerThatToldTheLedger_EndsTheOperationAsStale" fullname="Zantetsu.PhysicsCut.Tests.FinalPhysicsPublicationTests.AReplacedOwnerThatToldTheLedger_EndsTheOperationAsStale" methodname="AReplacedOwnerThatToldTheLedger_EndsTheOperationAsStale" classname="Zantetsu.PhysicsCut.Tests.FinalPhysicsPublicationTests" runstate="Runnable" seed="1055760450" result="Passed" start-time="2026-09-23 22:41:58Z" end-time="2026-09-23 22:41:59Z" duration="0.106163" asserts="0">
                <properties>
                  <property name="retryIteration" value="0" />
                  <property name="repeatIteration" value="0" />
                </properties>
              </test-case>
              <test-case id="1444" name="ASourceThatMovedAfterTheBuild_IsNeverDrawnWhereItWasRegistered" fullname="Zantetsu.PhysicsCut.Tests.FinalPhysicsPublicationTests.ASourceThatMovedAfterTheBuild_IsNeverDrawnWhereItWasRegistered" methodname="ASourceThatMovedAfterTheBuild_IsNeverDrawnWhereItWasRegistered" classname="Zantetsu.PhysicsCut.Tests.FinalPhysicsPublicationTests" runstate="Runnable" seed="1326936155" result="Passed" start-time="2026-09-23 22:41:59Z" end-time="2026-09-23 22:41:59Z" duration="0.090626" asserts="0">
                <properties>
                  <property name="retryIteration" value="0" />
                  <property name="repeatIteration" value="0" />
                </properties>
              </test-case>
              <test-case id="1431" name="ASourceThatMovedSinceTheBuild_IsPublishedWhereItIsNow" fullname="Zantetsu.PhysicsCut.Tests.FinalPhysicsPublicationTests.ASourceThatMovedSinceTheBuild_IsPublishedWhereItIsNow" methodname="ASourceThatMovedSinceTheBuild_IsPublishedWhereItIsNow" classname="Zantetsu.PhysicsCut.Tests.FinalPhysicsPublicationTests" runstate="Runnable" seed="2133345308" result="Passed" start-time="2026-09-23 22:41:59Z" end-time="2026-09-23 22:41:59Z" duration="0.105525" asserts="0">
                <properties>
                  <property name="retryIteration" value="0" />
                  <property name="repeatIteration" value="0" />
                </properties>
              </test-case>
              <test-case id="1434" name="AStaleOperation_LeavesTheCurrentSourceAlone" fullname="Zantetsu.PhysicsCut.Tests.FinalPhysicsPublicationTests.AStaleOperation_LeavesTheCurrentSourceAlone" methodname="AStaleOperation_LeavesTheCurrentSourceAlone" classname="Zantetsu.PhysicsCut.Tests.FinalPhysicsPublicationTests" runstate="Runnable" seed="1502104655" result="Passed" start-time="2026-09-23 22:41:59Z" end-time="2026-09-23 22:41:59Z" duration="0.105043" asserts="0">
                <properties>
                  <property name="retryIteration" value="0" />
                  <property name="repeatIteration" value="0" />
                </properties>
              </test-case>
              <test-case id="1435" name="PhysicsThatCannotBeEstablished_IsTakenToTheAbortAndLeavesTheProducts" fullname="Zantetsu.PhysicsCut.Tests.FinalPhysicsPublicationTests.PhysicsThatCannotBeEstablished_IsTakenToTheAbortAndLeavesTheProducts" methodname="PhysicsThatCannotBeEstablished_IsTakenToTheAbortAndLeavesTheProducts" classname="Zantetsu.PhysicsCut.Tests.FinalPhysicsPublicationTests" runstate="Runnable" seed="2035604496" result="Passed" start-time="2026-09-23 22:41:59Z" end-time="2026-09-23 22:41:59Z" duration="0.106515" asserts="0">
                <properties>
                  <property name="retryIteration" value="0" />
                  <property name="repeatIteration" value="0" />
                </properties>
              </test-case>
              <test-case id="1430" name="PublishingACut_SwitchesTheOwnersAndEndsTheSource" fullname="Zantetsu.PhysicsCut.Tests.FinalPhysicsPublicationTests.PublishingACut_SwitchesTheOwnersAndEndsTheSource" methodname="PublishingACut_SwitchesTheOwnersAndEndsTheSource" classname="Zantetsu.PhysicsCut.Tests.FinalPhysicsPublicationTests" runstate="Runnable" seed="2073765284" result="Passed" start-time="2026-09-23 22:41:59Z" end-time="2026-09-23 22:41:59Z" duration="0.103636" asserts="0">
                <properties>
                  <property name="retryIteration" value="0" />
                  <property name="repeatIteration" value="0" />
                </properties>
              </test-case>
              <test-case id="1446" name="TheAnchoredSide_StillFollowsItsOwnOwner" fullname="Zantetsu.PhysicsCut.Tests.FinalPhysicsPublicationTests.TheAnchoredSide_StillFollowsItsOwnOwner" methodname="TheAnchoredSide_StillFollowsItsOwnOwner" classname="Zantetsu.PhysicsCut.Tests.FinalPhysicsPublicationTests" runstate="Runnable" seed="119028960" result="Passed" start-time="2026-09-23 22:41:59Z" end-time="2026-09-23 22:41:59Z" duration="0.106108" asserts="0">
                <properties>
                  <property name="retryIteration" value="0" />
                  <property name="repeatIteration" value="0" />
                </properties>
              </test-case>
              <test-case id="1432" name="TheSeparationImpulse_MovesOnlyTheSideNoAnchorFixes" fullname="Zantetsu.PhysicsCut.Tests.FinalPhysicsPublicationTests.TheSeparationImpulse_MovesOnlyTheSideNoAnchorFixes" methodname="TheSeparationImpulse_MovesOnlyTheSideNoAnchorFixes" classname="Zantetsu.PhysicsCut.Tests.FinalPhysicsPublicationTests" runstate="Runnable" seed="1302824146" result="Passed" start-time="2026-09-23 22:41:59Z" end-time="2026-09-23 22:41:59Z" duration="0.104780" asserts="0">
                <properties>
                  <property name="retryIteration" value="0" />
                  <property name="repeatIteration" value="0" />
                </properties>
              </test-case>
              <test-case id="1445" name="TheTwoChildren_FollowTheirOwnOwners_InBodyClipAndCap" fullname="Zantetsu.PhysicsCut.Tests.FinalPhysicsPublicationTests.TheTwoChildren_FollowTheirOwnOwners_InBodyClipAndCap" methodname="TheTwoChildren_FollowTheirOwnOwners_InBodyClipAndCap" classname="Zantetsu.PhysicsCut.Tests.FinalPhysicsPublicationTests" runstate="Runnable" seed="1883169306" result="Passed" start-time="2026-09-23 22:41:59Z" end-time="2026-09-23 22:41:59Z" duration="0.104170" asserts="0">
                <properties>
                  <property name="retryIteration" value="0" />
                  <property name="repeatIteration" value="0" />
                </properties>
              </test-case>
              <test-case id="1440" name="WithdrawingAnOwner_TakesItOutOfQueriesBeforeAnythingIsDestroyed" fullname="Zantetsu.PhysicsCut.Tests.FinalPhysicsPublicationTests.WithdrawingAnOwner_TakesItOutOfQueriesBeforeAnythingIsDestroyed" methodname="WithdrawingAnOwner_TakesItOutOfQueriesBeforeAnythingIsDestroyed" classname="Zantetsu.PhysicsCut.Tests.FinalPhysicsPublicationTests" runstate="Runnable" seed="144758215" result="Passed" start-time="2026-09-23 22:41:59Z" end-time="2026-09-23 22:41:59Z" duration="0.016396" asserts="0">
                <properties>
                  <property name="retryIteration" value="0" />
                  <property name="repeatIteration" value="0" />
                </properties>
              </test-case>
            </test-suite>
            <test-suite type="ParameterizedFixture" id="1526" name="PhysicsCutCookTests" fullname="Zantetsu.PhysicsCut.Tests.PhysicsCutCookTests" runstate="Runnable" testcasecount="69" result="Passed" start-time="2026-09-23 22:41:59Z" end-time="2026-09-23 22:42:05Z" duration="5.462544" total="69" passed="69" failed="0" inconclusive="0" skipped="0" asserts="0">
              <properties />
              <test-suite type="TestFixture" id="1478" name="PhysicsCutCookTests(0)" fullname="Zantetsu.PhysicsCut.Tests.PhysicsCutCookTests(0)" classname="Zantetsu.PhysicsCut.Tests.PhysicsCutCookTests" runstate="Runnable" testcasecount="23" result="Passed" start-time="2026-09-23 22:41:59Z" end-time="2026-09-23 22:42:01Z" duration="1.795780" total="23" passed="23" failed="0" inconclusive="0" skipped="0" asserts="0">
                <properties />
                <test-case id="1496" name="ACutGivenUpAfterItsWorkWasSubmitted_GivesEverythingBackAndPublishesNothing" fullname="Zantetsu.PhysicsCut.Tests.PhysicsCutCookTests(0).ACutGivenUpAfterItsWorkWasSubmitted_GivesEverythingBackAndPublishesNothing" methodname="ACutGivenUpAfterItsWorkWasSubmitted_GivesEverythingBackAndPublishesNothing" classname="Zantetsu.PhysicsCut.Tests.PhysicsCutCookTests" runstate="Runnable" seed="299805397" result="Passed" start-time="2026-09-23 22:41:59Z" end-time="2026-09-23 22:42:00Z" duration="0.132368" asserts="0">
                  <properties>
                    <property name="retryIteration" value="0" />
                    <property name="repeatIteration" value="0" />
                  </properties>
                </test-case>
                <test-case id="1494" name="ACutGivenUpBeforeItIsOffered_EndsAtOnce" fullname="Zantetsu.PhysicsCut.Tests.PhysicsCutCookTests(0).ACutGivenUpBeforeItIsOffered_EndsAtOnce" methodname="ACutGivenUpBeforeItIsOffered_EndsAtOnce" classname="Zantetsu.PhysicsCut.Tests.PhysicsCutCookTests" runstate="Runnable" seed="766316027" result="Passed" start-time="2026-09-23 22:42:00Z" end-time="2026-09-23 22:42:00Z" duration="0.019448" asserts="0">
                  <properties>
                    <property name="retryIteration" value="0" />
                    <property name="repeatIteration" value="0" />
                  </properties>
                </test-case>
                <test-case id="1495" name="ACutGivenUpWhileItsWorkWaitsInTheQueue_IsTakenOutOfIt" fullname="Zantetsu.PhysicsCut.Tests.PhysicsCutCookTests(0).ACutGivenUpWhileItsWorkWaitsInTheQueue_IsTakenOutOfIt" methodname="ACutGivenUpWhileItsWorkWaitsInTheQueue_IsTakenOutOfIt" classname="Zantetsu.PhysicsCut.Tests.PhysicsCutCookTests" runstate="Runnable" seed="884676091" result="Passed" start-time="2026-09-23 22:42:00Z" end-time="2026-09-23 22:42:00Z" duration="0.016063" asserts="0">
                  <properties>
                    <property name="retryIteration" value="0" />
                    <property name="repeatIteration" value="0" />
                  </properties>
                </test-case>
                <test-case id="1499" name="AJobThatDidNotRunToItsEnd_HandsOverNothing" fullname="Zantetsu.PhysicsCut.Tests.PhysicsCutCookTests(0).AJobThatDidNotRunToItsEnd_HandsOverNothing" methodname="AJobThatDidNotRunToItsEnd_HandsOverNothing" classname="Zantetsu.PhysicsCut.Tests.PhysicsCutCookTests" runstate="Runnable" seed="1620983454" result="Passed" start-time="2026-09-23 22:42:00Z" end-time="2026-09-23 22:42:00Z" duration="0.037007" asserts="0">
                  <properties>
                    <property name="retryIteration" value="0" />
                    <property name="repeatIteration" value="0" />
                  </properties>
                </test-case>
                <test-case id="1498" name="AKernelFailure_IsHandedBackWithoutProducts" fullname="Zantetsu.PhysicsCut.Tests.PhysicsCutCookTests(0).AKernelFailure_IsHandedBackWithoutProducts" methodname="AKernelFailure_IsHandedBackWithoutProducts" classname="Zantetsu.PhysicsCut.Tests.PhysicsCutCookTests" runstate="Runnable" seed="785679909" result="Passed" start-time="2026-09-23 22:42:00Z" end-time="2026-09-23 22:42:00Z" duration="0.059188" asserts="0">
                  <properties>
                    <property name="retryIteration" value="0" />
                    <property name="repeatIteration" value="0" />
                  </properties>
                </test-case>
[...]
                <properties>
                  <property name="retryIteration" value="0" />
                  <property name="repeatIteration" value="0" />
                </properties>
              </test-case>
              <test-case id="1684" name="WithTheSiblingResponseLeftOn_TheSameInputDoesPushThemApart" fullname="Zantetsu.PhysicsCut.Tests.ProvisionalPhysicsPublicationTests.WithTheSiblingResponseLeftOn_TheSameInputDoesPushThemApart" methodname="WithTheSiblingResponseLeftOn_TheSameInputDoesPushThemApart" classname="Zantetsu.PhysicsCut.Tests.ProvisionalPhysicsPublicationTests" runstate="Runnable" seed="711802781" result="Passed" start-time="2026-09-23 22:42:09Z" end-time="2026-09-23 22:42:09Z" duration="0.018898" asserts="0">
                <properties>
                  <property name="retryIteration" value="0" />
                  <property name="repeatIteration" value="0" />
                </properties>
              </test-case>
            </test-suite>
            <test-suite type="TestFixture" id="1687" name="ProvisionalShapeViewTests" fullname="Zantetsu.PhysicsCut.Tests.ProvisionalShapeViewTests" classname="Zantetsu.PhysicsCut.Tests.ProvisionalShapeViewTests" runstate="Runnable" testcasecount="6" result="Passed" start-time="2026-09-23 22:42:09Z" end-time="2026-09-23 22:42:09Z" duration="0.007338" total="6" passed="6" failed="0" inconclusive="0" skipped="0" asserts="0">
              <properties />
              <test-case id="1690" name="AViewRetiredWithRunningWork_KeepsItsOwnHoldsUntilCollection" fullname="Zantetsu.PhysicsCut.Tests.ProvisionalShapeViewTests.AViewRetiredWithRunningWork_KeepsItsOwnHoldsUntilCollection" methodname="AViewRetiredWithRunningWork_KeepsItsOwnHoldsUntilCollection" classname="Zantetsu.PhysicsCut.Tests.ProvisionalShapeViewTests" runstate="Runnable" seed="83868325" result="Passed" start-time="2026-09-23 22:42:09Z" end-time="2026-09-23 22:42:09Z" duration="0.001346" asserts="0">
                <properties>
                  <property name="retryIteration" value="0" />
                  <property name="repeatIteration" value="0" />
                </properties>
              </test-case>
              <test-case id="1691" name="BorrowedNativeVertices_RemainTheSameMutableStorage" fullname="Zantetsu.PhysicsCut.Tests.ProvisionalShapeViewTests.BorrowedNativeVertices_RemainTheSameMutableStorage" methodname="BorrowedNativeVertices_RemainTheSameMutableStorage" classname="Zantetsu.PhysicsCut.Tests.ProvisionalShapeViewTests" runstate="Runnable" seed="521204608" result="Passed" start-time="2026-09-23 22:42:09Z" end-time="2026-09-23 22:42:09Z" duration="0.000456" asserts="0">
                <properties>
                  <property name="retryIteration" value="0" />
                  <property name="repeatIteration" value="0" />
                </properties>
              </test-case>
              <test-case id="1692" name="FinalBorrowing_FromAReorderedViewUsesTheSelectedConvex" fullname="Zantetsu.PhysicsCut.Tests.ProvisionalShapeViewTests.FinalBorrowing_FromAReorderedViewUsesTheSelectedConvex" methodname="FinalBorrowing_FromAReorderedViewUsesTheSelectedConvex" classname="Zantetsu.PhysicsCut.Tests.ProvisionalShapeViewTests" runstate="Runnable" seed="599446288" result="Passed" start-time="2026-09-23 22:42:09Z" end-time="2026-09-23 22:42:09Z" duration="0.000846" asserts="0">
                <properties>
                  <property name="retryIteration" value="0" />
                  <property name="repeatIteration" value="0" />
                </properties>
              </test-case>
              <test-case id="1693" name="GeneratedSource_CanFreeItsRecordWhileTheViewKeepsItsProducts" fullname="Zantetsu.PhysicsCut.Tests.ProvisionalShapeViewTests.GeneratedSource_CanFreeItsRecordWhileTheViewKeepsItsProducts" methodname="GeneratedSource_CanFreeItsRecordWhileTheViewKeepsItsProducts" classname="Zantetsu.PhysicsCut.Tests.ProvisionalShapeViewTests" runstate="Runnable" seed="1325780498" result="Passed" start-time="2026-09-23 22:42:09Z" end-time="2026-09-23 22:42:09Z" duration="0.001197" asserts="0">
                <properties>
                  <property name="retryIteration" value="0" />
                  <property name="repeatIteration" value="0" />
                </properties>
              </test-case>
              <test-case id="1689" name="NestedSelection_OutlivesBothOwnersWithoutHoldingTheIntermediateBank" fullname="Zantetsu.PhysicsCut.Tests.ProvisionalShapeViewTests.NestedSelection_OutlivesBothOwnersWithoutHoldingTheIntermediateBank" methodname="NestedSelection_OutlivesBothOwnersWithoutHoldingTheIntermediateBank" classname="Zantetsu.PhysicsCut.Tests.ProvisionalShapeViewTests" runstate="Runnable" seed="1243548238" result="Passed" start-time="2026-09-23 22:42:09Z" end-time="2026-09-23 22:42:09Z" duration="0.001150" asserts="0">
                <properties>
                  <property name="retryIteration" value="0" />
                  <property name="repeatIteration" value="0" />
                </properties>
              </test-case>
              <test-case id="1688" name="ReorderedRepeatedConvexes_KeepTheirInputSnapshotAndMeshEnumeration" fullname="Zantetsu.PhysicsCut.Tests.ProvisionalShapeViewTests.ReorderedRepeatedConvexes_KeepTheirInputSnapshotAndMeshEnumeration" methodname="ReorderedRepeatedConvexes_KeepTheirInputSnapshotAndMeshEnumeration" classname="Zantetsu.PhysicsCut.Tests.ProvisionalShapeViewTests" runstate="Runnable" seed="99687748" result="Passed" start-time="2026-09-23 22:42:09Z" end-time="2026-09-23 22:42:09Z" duration="0.000784" asserts="0">
                <properties>
                  <property name="retryIteration" value="0" />
                  <property name="repeatIteration" value="0" />
                </properties>
              </test-case>
            </test-suite>
          </test-suite>
        </test-suite>
        <test-suite type="TestSuite" id="4820" name="Rendering" fullname="Zantetsu.Rendering" runstate="Runnable" testcasecount="349" result="Passed" start-time="2026-09-23 22:42:09Z" end-time="2026-09-23 22:42:09Z" duration="0.035770" total="16" passed="16" failed="0" inconclusive="0" skipped="0" asserts="0">
          <properties />
          <test-suite type="TestSuite" id="4821" name="Tests" fullname="Zantetsu.Rendering.Tests" runstate="Runnable" testcasecount="349" result="Passed" start-time="2026-09-23 22:42:09Z" end-time="2026-09-23 22:42:09Z" duration="0.031460" total="16" passed="16" failed="0" inconclusive="0" skipped="0" asserts="0">
            <properties />
            <test-suite type="TestFixture" id="1131" name="VpGeometryDescriptorRegistrationTests" fullname="Zantetsu.Rendering.Tests.VpGeometryDescriptorRegistrationTests" classname="Zantetsu.Rendering.Tests.VpGeometryDescriptorRegistrationTests" runstate="Runnable" testcasecount="2" result="Passed" start-time="2026-09-23 22:42:09Z" end-time="2026-09-23 22:42:09Z" duration="0.007259" total="2" passed="2" failed="0" inconclusive="0" skipped="0" asserts="0">
              <properties />
              <test-case id="1132" name="AnExternallyReusedDescriptorCanRegisterWhileItsOldGeometryRemainsLive" fullname="Zantetsu.Rendering.Tests.VpGeometryDescriptorRegistrationTests.AnExternallyReusedDescriptorCanRegisterWhileItsOldGeometryRemainsLive" methodname="AnExternallyReusedDescriptorCanRegisterWhileItsOldGeometryRemainsLive" classname="Zantetsu.Rendering.Tests.VpGeometryDescriptorRegistrationTests" runstate="Runnable" seed="2087549479" result="Passed" start-time="2026-09-23 22:42:09Z" end-time="2026-09-23 22:42:09Z" duration="0.006025" asserts="0">
                <properties>
                  <property name="retryIteration" value="0" />
                  <property name="repeatIteration" value="0" />
                </properties>
              </test-case>
              <test-case id="1133" name="RetiringADescriptorClearsItsMappingBeforeItsGeometrySlotIsReused" fullname="Zantetsu.Rendering.Tests.VpGeometryDescriptorRegistrationTests.RetiringADescriptorClearsItsMappingBeforeItsGeometrySlotIsReused" methodname="RetiringADescriptorClearsItsMappingBeforeItsGeometrySlotIsReused" classname="Zantetsu.Rendering.Tests.VpGeometryDescriptorRegistrationTests" runstate="Runnable" seed="1308535794" result="Passed" start-time="2026-09-23 22:42:09Z" end-time="2026-09-23 22:42:09Z" duration="0.000478" asserts="0">
                <properties>
                  <property name="retryIteration" value="0" />
                  <property name="repeatIteration" value="0" />
                </properties>
              </test-case>
            </test-suite>
            <test-suite type="TestFixture" id="1134" name="VpGeometryReferenceTableTests" fullname="Zantetsu.Rendering.Tests.VpGeometryReferenceTableTests" classname="Zantetsu.Rendering.Tests.VpGeometryReferenceTableTests" runstate="Runnable" testcasecount="14" result="Passed" start-time="2026-09-23 22:42:09Z" end-time="2026-09-23 22:42:09Z" duration="0.012718" total="14" passed="14" failed="0" inconclusive="0" skipped="0" asserts="0">
              <properties />
              <test-case id="1147" name="AGeometryAndItsFirstInstance_AreTakenTogetherOrNotAtAll" fullname="Zantetsu.Rendering.Tests.VpGeometryReferenceTableTests.AGeometryAndItsFirstInstance_AreTakenTogetherOrNotAtAll" methodname="AGeometryAndItsFirstInstance_AreTakenTogetherOrNotAtAll" classname="Zantetsu.Rendering.Tests.VpGeometryReferenceTableTests" runstate="Runnable" seed="1134797349" result="Passed" start-time="2026-09-23 22:42:09Z" end-time="2026-09-23 22:42:09Z" duration="0.001326" asserts="0">
                <properties>
                  <property name="retryIteration" value="0" />
                  <property name="repeatIteration" value="0" />
                </properties>
              </test-case>
              <test-case id="1146" name="AGeometryWithAnEmptyIndexRange_GoesThroughTheSameLifetime" fullname="Zantetsu.Rendering.Tests.VpGeometryReferenceTableTests.AGeometryWithAnEmptyIndexRange_GoesThroughTheSameLifetime" methodname="AGeometryWithAnEmptyIndexRange_GoesThroughTheSameLifetime" classname="Zantetsu.Rendering.Tests.VpGeometryReferenceTableTests" runstate="Runnable" seed="844746761" result="Passed" start-time="2026-09-23 22:42:09Z" end-time="2026-09-23 22:42:09Z" duration="0.001270" asserts="0">
                <properties>
                  <property name="retryIteration" value="0" />
                  <property name="repeatIteration" value="0" />
                </properties>
              </test-case>
              <test-case id="1141" name="AnIndexRangeRetiredOutsideTheTable_LeavesTheGeometryLiveAndItsRetirementRefused" fullname="Zantetsu.Rendering.Tests.VpGeometryReferenceTableTests.AnIndexRangeRetiredOutsideTheTable_LeavesTheGeometryLiveAndItsRetirementRefused" methodname="AnIndexRangeRetiredOutsideTheTable_LeavesTheGeometryLiveAndItsRetirementRefused" classname="Zantetsu.Rendering.Tests.VpGeometryReferenceTableTests" runstate="Runnable" seed="2130703434" result="Passed" start-time="2026-09-23 22:42:09Z" end-time="2026-09-23 22:42:09Z" duration="0.000295" asserts="0">
                <properties>
                  <property name="retryIteration" value="0" />
                  <property name="repeatIteration" value="0" />
                </properties>
              </test-case>
              <test-case id="1138" name="ARetiredGeometryWithALease_KeepsItsIndicesRetiringUntilTheLeaseReturnsAndThenTheirSpaceIsReused" fullname="Zantetsu.Rendering.Tests.VpGeometryReferenceTableTests.ARetiredGeometryWithALease_KeepsItsIndicesRetiringUntilTheLeaseReturnsAndThenTheirSpaceIsReused" methodname="ARetiredGeometryWithALease_KeepsItsIndicesRetiringUntilTheLeaseReturnsAndThenTheirSpaceIsReused" classname="Zantetsu.Rendering.Tests.VpGeometryReferenceTableTests" runstate="Runnable" seed="1926309534" result="Passed" start-time="2026-09-23 22:42:09Z" end-time="2026-09-23 22:42:09Z" duration="0.003241" asserts="0">
                <properties>
                  <property name="retryIteration" value="0" />
                  <property name="repeatIteration" value="0" />
                </properties>
              </test-case>
              <test-case id="1137" name="ASharedGeometry_OutlivesItsInstancesUntilRetiredExplicitlyOnce" fullname="Zantetsu.Rendering.Tests.VpGeometryReferenceTableTests.ASharedGeometry_OutlivesItsInstancesUntilRetiredExplicitlyOnce" methodname="ASharedGeometry_OutlivesItsInstancesUntilRetiredExplicitlyOnce" classname="Zantetsu.Rendering.Tests.VpGeometryReferenceTableTests" runstate="Runnable" seed="845512328" result="Passed" start-time="2026-09-23 22:42:09Z" end-time="2026-09-23 22:42:09Z" duration="0.000568" asserts="0">
                <properties>
                  <property name="retryIteration" value="0" />
                  <property name="repeatIteration" value="0" />
                </properties>
              </test-case>
              <test-case id="1136" name="AStorage_TakesOnlyOneReferenceTable" fullname="Zantetsu.Rendering.Tests.VpGeometryReferenceTableTests.AStorage_TakesOnlyOneReferenceTable" methodname="AStorage_TakesOnlyOneReferenceTable" classname="Zantetsu.Rendering.Tests.VpGeometryReferenceTableTests" runstate="Runnable" seed="1270545818" result="Passed" start-time="2026-09-23 22:42:09Z" end-time="2026-09-23 22:42:09Z" duration="0.000593" asserts="0">
                <properties>
                  <property name="retryIteration" value="0" />
                  <property name="repeatIteration" value="0" />
                </properties>
              </test-case>
              <test-case id="1143" name="DefaultAndForeignTokens_AreRejectedWithoutChangingAnything" fullname="Zantetsu.Rendering.Tests.VpGeometryReferenceTableTests.DefaultAndForeignTokens_AreRejectedWithoutChangingAnything" methodname="DefaultAndForeignTokens_AreRejectedWithoutChangingAnything" classname="Zantetsu.Rendering.Tests.VpGeometryReferenceTableTests" runstate="Runnable" seed="1353371820" result="Passed" start-time="2026-09-23 22:42:09Z" end-time="2026-09-23 22:42:09Z" duration="0.000546" asserts="0">
                <properties>
                  <property name="retryIteration" value="0" />
                  <property name="repeatIteration" value="0" />
                </properties>
              </test-case>
              <test-case id="1142" name="FullTables_RejectGeometriesAndInstancesWithoutChangingAnything" fullname="Zantetsu.Rendering.Tests.VpGeometryReferenceTableTests.FullTables_RejectGeometriesAndInstancesWithoutChangingAnything" methodname="FullTables_RejectGeometriesAndInstancesWithoutChangingAnything" classname="Zantetsu.Rendering.Tests.VpGeometryReferenceTableTests" runstate="Runnable" seed="304029902" result="Passed" start-time="2026-09-23 22:42:09Z" end-time="2026-09-23 22:42:09Z" duration="0.000385" asserts="0">
                <properties>
                  <property name="retryIteration" value="0" />
                  <property name="repeatIteration" value="0" />
                </properties>
              </test-case>
              <test-case id="1139" name="RegistrationOfTheSameOrAnUnpublishedIndexRange_IsRejected" fullname="Zantetsu.Rendering.Tests.VpGeometryReferenceTableTests.RegistrationOfTheSameOrAnUnpublishedIndexRange_IsRejected" methodname="RegistrationOfTheSameOrAnUnpublishedIndexRange_IsRejected" classname="Zantetsu.Rendering.Tests.VpGeometryReferenceTableTests" runstate="Runnable" seed="191155589" result="Passed" start-time="2026-09-23 22:42:09Z" end-time="2026-09-23 22:42:09Z" duration="0.000657" asserts="0">
                <properties>
                  <property name="retryIteration" value="0" />
                  <property name="repeatIteration" value="0" />
                </properties>
              </test-case>
              <test-case id="1140" name="RegistrationRejectsAHigherSlotsDuplicateAfterALowerSlotIsReused" fullname="Zantetsu.Rendering.Tests.VpGeometryReferenceTableTests.RegistrationRejectsAHigherSlotsDuplicateAfterALowerSlotIsReused" methodname="RegistrationRejectsAHigherSlotsDuplicateAfterALowerSlotIsReused" classname="Zantetsu.Rendering.Tests.VpGeometryReferenceTableTests" runstate="Runnable" seed="640560066" result="Passed" start-time="2026-09-23 22:42:09Z" end-time="2026-09-23 22:42:09Z" duration="0.000328" asserts="0">
                <properties>
                  <property name="retryIteration" value="0" />
                  <property name="repeatIteration" value="0" />
                </properties>
              </test-case>
              <test-case id="1144" name="ReusedSlots_RejectTheTokensOfTheirEarlierUses" fullname="Zantetsu.Rendering.Tests.VpGeometryReferenceTableTests.ReusedSlots_RejectTheTokensOfTheirEarlierUses" methodname="ReusedSlots_RejectTheTokensOfTheirEarlierUses" classname="Zantetsu.Rendering.Tests.VpGeometryReferenceTableTests" runstate="Runnable" seed="1244878476" result="Passed" start-time="2026-09-23 22:42:09Z" end-time="2026-09-23 22:42:09Z" duration="0.000368" asserts="0">
                <properties>
                  <property name="retryIteration" value="0" />
                  <property name="repeatIteration" value="0" />
                </properties>
              </test-case>
              <test-case id="1145" name="SlotsAtTheLastGeneration_AreNotUsedAgainAndTheirTokensStayRejected" fullname="Zantetsu.Rendering.Tests.VpGeometryReferenceTableTests.SlotsAtTheLastGeneration_AreNotUsedAgainAndTheirTokensStayRejected" methodname="SlotsAtTheLastGeneration_AreNotUsedAgainAndTheirTokensStayRejected" classname="Zantetsu.Rendering.Tests.VpGeometryReferenceTableTests" runstate="Runnable" seed="1176608203" result="Passed" start-time="2026-09-23 22:42:09Z" end-time="2026-09-23 22:42:09Z" duration="0.000288" asserts="0">
                <properties>
                  <property name="retryIteration" value="0" />
                  <property name="repeatIteration" value="0" />
                </properties>
              </test-case>
              <test-case id="1135" name="TheConstructor_SetsTheCapacitiesAndRejectsInvalidArguments" fullname="Zantetsu.Rendering.Tests.VpGeometryReferenceTableTests.TheConstructor_SetsTheCapacitiesAndRejectsInvalidArguments" methodname="TheConstructor_SetsTheCapacitiesAndRejectsInvalidArguments" classname="Zantetsu.Rendering.Tests.VpGeometryReferenceTableTests" runstate="Runnable" seed="752128590" result="Passed" start-time="2026-09-23 22:42:09Z" end-time="2026-09-23 22:42:09Z" duration="0.000380" asserts="0">
                <properties>
                  <property name="retryIteration" value="0" />
                  <property name="repeatIteration" value="0" />
                </properties>
              </test-case>
              <test-case id="1148" name="TheSingleStepRegistration_RefusesWithoutAGeometrySlotToo" fullname="Zantetsu.Rendering.Tests.VpGeometryReferenceTableTests.TheSingleStepRegistration_RefusesWithoutAGeometrySlotToo" methodname="TheSingleStepRegistration_RefusesWithoutAGeometrySlotToo" classname="Zantetsu.Rendering.Tests.VpGeometryReferenceTableTests" runstate="Runnable" seed="278808959" result="Passed" start-time="2026-09-23 22:42:09Z" end-time="2026-09-23 22:42:09Z" duration="0.000237" asserts="0">
                <properties>
                  <property name="retryIteration" value="0" />
                  <property name="repeatIteration" value="0" />
                </properties>
                <output><![CDATA[Saving results to: C:/Users/junic/AppData/LocalLow/DefaultCompany/zantetsuken-vr\TestResults.xml
]]></output>
              </test-case>
            </test-suite>
          </test-suite>
        </test-suite>
      </test-suite>
    </test-suite>
  </test-suite>
</test-run>